2025-07-22 11:33:05,303 - Namespace(exp_name='my_experiment', mode='direct', num_trials=20, features_path='other_data/features_formatted.csv', outcomes_path='other_data/outcomes.csv', metadata_path='other_data/metadata.csv', validate=True, test_features_path=None, test_outcomes_path=None, best_models_path=None, best_hyperparams_path=None, predictions_path=None, threshold_combos_path=None, best_thresholds_path=None, threshold_selection_config_path=None, model_params_config_path=None, reward_params_path='reward_space.json', defer=False)
2025-07-22 11:33:05,303 - Reading in data...
2025-07-22 11:33:05,354 - Train cohort size: 48765
2025-07-22 11:33:05,371 - Starting trial 0
2025-07-22 11:33:05,391 - Train TB proportion: 0.016999748617395675
2025-07-22 11:33:05,391 - Val TB proportion: 0.01708085917454732
2025-07-22 11:33:05,409 - Train cohort size: 31824
2025-07-22 11:33:05,409 - Validation cohort size: 13641
2025-07-22 11:33:05,420 - Running experiment for setting={'TP_reward': 65.5}
2025-07-22 11:33:07,511 - {'num_epochs': 50, 'optimizer': 'adam', 'lr': 0.0001, 'reg_type': 'l2', 'lambda_reg': 0}
2025-07-22 11:33:09,038 - Finished with epoch 5
2025-07-22 11:33:09,039 - Mean (expected) train reward: 1.0705444413223695
2025-07-22 11:33:09,039 - Mean (expected) val reward: 1.068750762959553
2025-07-22 11:33:09,134 - Mean (realized) train reward: 1.0565925087983912
2025-07-22 11:33:09,174 - Mean (realized) val reward: 1.0343449893702807
2025-07-22 11:33:09,919 - Finished with epoch 10
2025-07-22 11:33:09,920 - Mean (expected) train reward: 1.078836999745087
2025-07-22 11:33:09,920 - Mean (expected) val reward: 1.0754779421973373
2025-07-22 11:33:10,017 - Mean (realized) train reward: 1.0703714177978885
2025-07-22 11:33:10,057 - Mean (realized) val reward: 1.0474305402829704
2025-07-22 11:33:10,783 - Finished with epoch 15
2025-07-22 11:33:10,784 - Mean (expected) train reward: 1.0861653096495358
2025-07-22 11:33:10,784 - Mean (expected) val reward: 1.0813296109920774
2025-07-22 11:33:10,891 - Mean (realized) train reward: 1.065233785822021
2025-07-22 11:33:10,960 - Mean (realized) val reward: 1.0553478483982113
2025-07-22 11:33:11,761 - Finished with epoch 20
2025-07-22 11:33:11,762 - Mean (expected) train reward: 1.0925795518188672
2025-07-22 11:33:11,762 - Mean (expected) val reward: 1.086399558681161
2025-07-22 11:33:11,860 - Mean (realized) train reward: 1.0682346656611363
2025-07-22 11:33:11,901 - Mean (realized) val reward: 1.0602595117659996
2025-07-22 11:33:12,639 - Finished with epoch 25
2025-07-22 11:33:12,640 - Mean (expected) train reward: 1.0984223512937341
2025-07-22 11:33:12,640 - Mean (expected) val reward: 1.0910309965618281
2025-07-22 11:33:12,737 - Mean (realized) train reward: 1.0842131724484665
2025-07-22 11:33:12,777 - Mean (realized) val reward: 1.075910856975295
2025-07-22 11:33:13,513 - Finished with epoch 30
2025-07-22 11:33:13,514 - Mean (expected) train reward: 1.1038205710404996
2025-07-22 11:33:13,515 - Mean (expected) val reward: 1.095300720327193
2025-07-22 11:33:13,611 - Mean (realized) train reward: 1.0976464303670186
2025-07-22 11:33:13,651 - Mean (realized) val reward: 1.098599809398138
2025-07-22 11:33:14,388 - Finished with epoch 35
2025-07-22 11:33:14,389 - Mean (expected) train reward: 1.1087081304209587
2025-07-22 11:33:14,389 - Mean (expected) val reward: 1.0991950389731053
2025-07-22 11:33:14,484 - Mean (realized) train reward: 1.1197209653092006
2025-07-22 11:33:14,524 - Mean (realized) val reward: 1.109449453852357
2025-07-22 11:33:15,263 - Finished with epoch 40
2025-07-22 11:33:15,264 - Mean (expected) train reward: 1.1131501773441592
2025-07-22 11:33:15,265 - Mean (expected) val reward: 1.1027539232603074
2025-07-22 11:33:15,359 - Mean (realized) train reward: 1.1192496229260935
2025-07-22 11:33:15,399 - Mean (realized) val reward: 1.1134814163184517
2025-07-22 11:33:16,134 - Finished with epoch 45
2025-07-22 11:33:16,135 - Mean (expected) train reward: 1.1172090429646915
2025-07-22 11:33:16,135 - Mean (expected) val reward: 1.1060282318400119
2025-07-22 11:33:16,227 - Mean (realized) train reward: 1.2493715434891906
2025-07-22 11:33:16,267 - Mean (realized) val reward: 1.2131808518437064
2025-07-22 11:33:17,013 - Finished with epoch 50
2025-07-22 11:33:17,014 - Mean (expected) train reward: 1.1208907998023698
2025-07-22 11:33:17,015 - Mean (expected) val reward: 1.1090193293332185
2025-07-22 11:33:17,106 - Mean (realized) train reward: 1.251461161387632
2025-07-22 11:33:17,146 - Mean (realized) val reward: 1.217982552598783
2025-07-22 11:33:17,151 - Starting trial 1
2025-07-22 11:33:17,166 - Train TB proportion: 0.016999748617395675
2025-07-22 11:33:17,166 - Val TB proportion: 0.01708085917454732
2025-07-22 11:33:17,183 - Train cohort size: 31824
2025-07-22 11:33:17,183 - Validation cohort size: 13641
2025-07-22 11:33:17,195 - Running experiment for setting={'TP_reward': 65.5}
2025-07-22 11:33:19,368 - {'num_epochs': 50, 'optimizer': 'adam', 'lr': 0.0001, 'reg_type': 'l2', 'lambda_reg': 0}
2025-07-22 11:33:20,125 - Finished with epoch 5
2025-07-22 11:33:20,126 - Mean (expected) train reward: 1.052871354924896
2025-07-22 11:33:20,126 - Mean (expected) val reward: 1.0550363301011738
2025-07-22 11:33:20,221 - Mean (realized) train reward: 1.1077174459527401
2025-07-22 11:33:20,261 - Mean (realized) val reward: 1.099882706546441
2025-07-22 11:33:21,008 - Finished with epoch 10
2025-07-22 11:33:21,009 - Mean (expected) train reward: 1.059708492995215
2025-07-22 11:33:21,009 - Mean (expected) val reward: 1.0610674680236252
2025-07-22 11:33:21,100 - Mean (realized) train reward: 1.1076860231271997
2025-07-22 11:33:21,140 - Mean (realized) val reward: 1.099882706546441
2025-07-22 11:33:21,884 - Finished with epoch 15
2025-07-22 11:33:21,885 - Mean (expected) train reward: 1.0667747022905292
2025-07-22 11:33:21,885 - Mean (expected) val reward: 1.0673660622927006
2025-07-22 11:33:21,978 - Mean (realized) train reward: 1.1134835344394167
2025-07-22 11:33:22,018 - Mean (realized) val reward: 1.1187962759328496
2025-07-22 11:33:22,756 - Finished with epoch 20
2025-07-22 11:33:22,757 - Mean (expected) train reward: 1.0735073766866376
2025-07-22 11:33:22,757 - Mean (expected) val reward: 1.0734273005028674
2025-07-22 11:33:22,849 - Mean (realized) train reward: 1.1134835344394167
2025-07-22 11:33:22,889 - Mean (realized) val reward: 1.1187962759328496
2025-07-22 11:33:23,641 - Finished with epoch 25
2025-07-22 11:33:23,642 - Mean (expected) train reward: 1.0801425763261174
2025-07-22 11:33:23,642 - Mean (expected) val reward: 1.0794553497568462
2025-07-22 11:33:23,735 - Mean (realized) train reward: 1.1134835344394167
2025-07-22 11:33:23,775 - Mean (realized) val reward: 1.1187962759328496
2025-07-22 11:33:24,514 - Finished with epoch 30
2025-07-22 11:33:24,515 - Mean (expected) train reward: 1.086405473548681
2025-07-22 11:33:24,515 - Mean (expected) val reward: 1.085191320297756
2025-07-22 11:33:24,608 - Mean (realized) train reward: 1.1134835344394167
2025-07-22 11:33:24,649 - Mean (realized) val reward: 1.1187962759328496
2025-07-22 11:33:25,404 - Finished with epoch 35
2025-07-22 11:33:25,405 - Mean (expected) train reward: 1.0924014439710354
2025-07-22 11:33:25,406 - Mean (expected) val reward: 1.0907353491003968
2025-07-22 11:33:25,499 - Mean (realized) train reward: 1.1134835344394167
2025-07-22 11:33:25,539 - Mean (realized) val reward: 1.1187962759328496
2025-07-22 11:33:26,286 - Finished with epoch 40
2025-07-22 11:33:26,287 - Mean (expected) train reward: 1.0979097306732108
2025-07-22 11:33:26,287 - Mean (expected) val reward: 1.0958840699516716
2025-07-22 11:33:26,383 - Mean (realized) train reward: 1.1134835344394167
2025-07-22 11:33:26,423 - Mean (realized) val reward: 1.1187962759328496
2025-07-22 11:33:27,163 - Finished with epoch 45
2025-07-22 11:33:27,164 - Mean (expected) train reward: 1.1030874419274945
2025-07-22 11:33:27,164 - Mean (expected) val reward: 1.1007473516468385
2025-07-22 11:33:27,258 - Mean (realized) train reward: 1.1134835344394167
2025-07-22 11:33:27,298 - Mean (realized) val reward: 1.1187962759328496
2025-07-22 11:33:28,056 - Finished with epoch 50
2025-07-22 11:33:28,057 - Mean (expected) train reward: 1.1079135923398225
2025-07-22 11:33:28,057 - Mean (expected) val reward: 1.1053228154366106
2025-07-22 11:33:28,151 - Mean (realized) train reward: 1.2387977626948214
2025-07-22 11:33:28,192 - Mean (realized) val reward: 1.2209515431419984
2025-07-22 11:33:28,193 - Starting trial 2
2025-07-22 11:33:28,208 - Train TB proportion: 0.016999748617395675
2025-07-22 11:33:28,208 - Val TB proportion: 0.01708085917454732
2025-07-22 11:33:28,226 - Train cohort size: 31824
2025-07-22 11:33:28,226 - Validation cohort size: 13641
2025-07-22 11:33:28,237 - Running experiment for setting={'TP_reward': 65.5}
2025-07-22 11:33:30,399 - {'num_epochs': 50, 'optimizer': 'adam', 'lr': 0.0001, 'reg_type': 'l2', 'lambda_reg': 0}
2025-07-22 11:33:31,148 - Finished with epoch 5
2025-07-22 11:33:31,149 - Mean (expected) train reward: 1.058107379192272
2025-07-22 11:33:31,149 - Mean (expected) val reward: 1.0593473920286616
2025-07-22 11:33:31,240 - Mean (realized) train reward: 1.1639014580191052
2025-07-22 11:33:31,279 - Mean (realized) val reward: 1.1539476577963492
2025-07-22 11:33:32,011 - Finished with epoch 10
2025-07-22 11:33:32,012 - Mean (expected) train reward: 1.0684523503495078
2025-07-22 11:33:32,012 - Mean (expected) val reward: 1.0694360924166026
2025-07-22 11:33:32,104 - Mean (realized) train reward: 1.214303670186023
2025-07-22 11:33:32,143 - Mean (realized) val reward: 1.1940473572318746
2025-07-22 11:33:32,882 - Finished with epoch 15
2025-07-22 11:33:32,883 - Mean (expected) train reward: 1.077130518284757
2025-07-22 11:33:32,883 - Mean (expected) val reward: 1.077875597273689
2025-07-22 11:33:32,980 - Mean (realized) train reward: 1.2185771744595273
2025-07-22 11:33:33,020 - Mean (realized) val reward: 1.2058500109962613
2025-07-22 11:33:33,765 - Finished with epoch 20
2025-07-22 11:33:33,766 - Mean (expected) train reward: 1.0845846883641708
2025-07-22 11:33:33,767 - Mean (expected) val reward: 1.0851038797600738
2025-07-22 11:33:33,861 - Mean (realized) train reward: 1.1184954751131222
2025-07-22 11:33:33,901 - Mean (realized) val reward: 1.1120519023531998
2025-07-22 11:33:34,646 - Finished with epoch 25
2025-07-22 11:33:34,647 - Mean (expected) train reward: 1.091250749004517
2025-07-22 11:33:34,647 - Mean (expected) val reward: 1.091546733155994
2025-07-22 11:33:34,741 - Mean (realized) train reward: 1.116955756661639
2025-07-22 11:33:34,782 - Mean (realized) val reward: 1.1153874349387876
2025-07-22 11:33:35,528 - Finished with epoch 30
2025-07-22 11:33:35,529 - Mean (expected) train reward: 1.0971315570661209
2025-07-22 11:33:35,529 - Mean (expected) val reward: 1.0972240367094168
2025-07-22 11:33:35,623 - Mean (realized) train reward: 1.1168300653594772
2025-07-22 11:33:35,664 - Mean (realized) val reward: 1.1153874349387876
2025-07-22 11:33:36,438 - Finished with epoch 35
2025-07-22 11:33:36,439 - Mean (expected) train reward: 1.1025552702805448
2025-07-22 11:33:36,440 - Mean (expected) val reward: 1.1024528407600913
2025-07-22 11:33:36,536 - Mean (realized) train reward: 1.1177099044746104
2025-07-22 11:33:36,577 - Mean (realized) val reward: 1.116267135840481
2025-07-22 11:33:37,336 - Finished with epoch 40
2025-07-22 11:33:37,337 - Mean (expected) train reward: 1.1074714441357632
2025-07-22 11:33:37,338 - Mean (expected) val reward: 1.1071698286060399
2025-07-22 11:33:37,434 - Mean (realized) train reward: 1.1194695827048768
2025-07-22 11:33:37,475 - Mean (realized) val reward: 1.11271167802947
2025-07-22 11:33:38,235 - Finished with epoch 45
2025-07-22 11:33:38,236 - Mean (expected) train reward: 1.111879656812768
2025-07-22 11:33:38,236 - Mean (expected) val reward: 1.1113778590043417
2025-07-22 11:33:38,330 - Mean (realized) train reward: 1.2420657365510306
2025-07-22 11:33:38,372 - Mean (realized) val reward: 1.226266402756396
2025-07-22 11:33:39,132 - Finished with epoch 50
2025-07-22 11:33:39,133 - Mean (expected) train reward: 1.1159367708125478
2025-07-22 11:33:39,133 - Mean (expected) val reward: 1.1152403958621906
2025-07-22 11:33:39,228 - Mean (realized) train reward: 1.2412173202614378
2025-07-22 11:33:39,269 - Mean (realized) val reward: 1.2258632065097868
2025-07-22 11:33:39,270 - Starting trial 3
2025-07-22 11:33:39,285 - Train TB proportion: 0.016999748617395675
2025-07-22 11:33:39,285 - Val TB proportion: 0.01708085917454732
2025-07-22 11:33:39,302 - Train cohort size: 31824
2025-07-22 11:33:39,302 - Validation cohort size: 13641
2025-07-22 11:33:39,314 - Running experiment for setting={'TP_reward': 65.5}
2025-07-22 11:33:41,490 - {'num_epochs': 50, 'optimizer': 'adam', 'lr': 0.0001, 'reg_type': 'l2', 'lambda_reg': 0}
2025-07-22 11:33:42,245 - Finished with epoch 5
2025-07-22 11:33:42,246 - Mean (expected) train reward: 1.0568054612138804
2025-07-22 11:33:42,246 - Mean (expected) val reward: 1.063554650561069
2025-07-22 11:33:42,337 - Mean (realized) train reward: 1.14892848164907
2025-07-22 11:33:42,377 - Mean (realized) val reward: 1.1745473205776702
2025-07-22 11:33:43,145 - Finished with epoch 10
2025-07-22 11:33:43,146 - Mean (expected) train reward: 1.0674942668317595
2025-07-22 11:33:43,146 - Mean (expected) val reward: 1.075417379876856
2025-07-22 11:33:43,241 - Mean (realized) train reward: 1.1840277777777777
2025-07-22 11:33:43,282 - Mean (realized) val reward: 1.2048603474818562
2025-07-22 11:33:44,039 - Finished with epoch 15
2025-07-22 11:33:44,040 - Mean (expected) train reward: 1.0761951015744304
2025-07-22 11:33:44,041 - Mean (expected) val reward: 1.085091840648667
2025-07-22 11:33:44,135 - Mean (realized) train reward: 1.1935803167420815
2025-07-22 11:33:44,175 - Mean (realized) val reward: 1.2318011875962174
2025-07-22 11:33:44,941 - Finished with epoch 20
2025-07-22 11:33:44,942 - Mean (expected) train reward: 1.0835604857416452
2025-07-22 11:33:44,942 - Mean (expected) val reward: 1.0932899527128828
2025-07-22 11:33:45,038 - Mean (realized) train reward: 1.1981052036199096
2025-07-22 11:33:45,079 - Mean (realized) val reward: 1.235796495858075
2025-07-22 11:33:45,842 - Finished with epoch 25
2025-07-22 11:33:45,843 - Mean (expected) train reward: 1.0897464326532749
2025-07-22 11:33:45,843 - Mean (expected) val reward: 1.1001784153373857
2025-07-22 11:33:45,940 - Mean (realized) train reward: 1.0821864002011061
2025-07-22 11:33:45,982 - Mean (realized) val reward: 1.0961073235100065
2025-07-22 11:33:46,763 - Finished with epoch 30
2025-07-22 11:33:46,764 - Mean (expected) train reward: 1.0950896412278388
2025-07-22 11:33:46,764 - Mean (expected) val reward: 1.1061215225177579
2025-07-22 11:33:46,864 - Mean (realized) train reward: 1.0814322523881348
2025-07-22 11:33:46,906 - Mean (realized) val reward: 1.095227622608313
2025-07-22 11:33:47,668 - Finished with epoch 35
2025-07-22 11:33:47,669 - Mean (expected) train reward: 1.0999196429220448
2025-07-22 11:33:47,669 - Mean (expected) val reward: 1.1114575066692134
2025-07-22 11:33:47,767 - Mean (realized) train reward: 1.1026269482151836
2025-07-22 11:33:47,810 - Mean (realized) val reward: 1.1074334726193094
2025-07-22 11:33:48,575 - Finished with epoch 40
2025-07-22 11:33:48,576 - Mean (expected) train reward: 1.1042674971589197
2025-07-22 11:33:48,576 - Mean (expected) val reward: 1.116235124810653
2025-07-22 11:33:48,675 - Mean (realized) train reward: 1.1024069884364003
2025-07-22 11:33:48,717 - Mean (realized) val reward: 1.1070669305769372
2025-07-22 11:33:49,481 - Finished with epoch 45
2025-07-22 11:33:49,482 - Mean (expected) train reward: 1.1081566294241283
2025-07-22 11:33:49,482 - Mean (expected) val reward: 1.1204765234321419
2025-07-22 11:33:49,579 - Mean (realized) train reward: 1.2283653846153846
2025-07-22 11:33:49,622 - Mean (realized) val reward: 1.2596217286122717
2025-07-22 11:33:50,384 - Finished with epoch 50
2025-07-22 11:33:50,385 - Mean (expected) train reward: 1.111806922814401
2025-07-22 11:33:50,385 - Mean (expected) val reward: 1.1244186560706164
2025-07-22 11:33:50,486 - Mean (realized) train reward: 1.2312719959778784
2025-07-22 11:33:50,529 - Mean (realized) val reward: 1.2607213547393885
2025-07-22 11:33:50,531 - Starting trial 4
2025-07-22 11:33:50,545 - Train TB proportion: 0.016999748617395675
2025-07-22 11:33:50,545 - Val TB proportion: 0.01708085917454732
2025-07-22 11:33:50,563 - Train cohort size: 31824
2025-07-22 11:33:50,563 - Validation cohort size: 13641
2025-07-22 11:33:50,576 - Running experiment for setting={'TP_reward': 65.5}
2025-07-22 11:33:52,728 - {'num_epochs': 50, 'optimizer': 'adam', 'lr': 0.0001, 'reg_type': 'l2', 'lambda_reg': 0}
2025-07-22 11:33:53,479 - Finished with epoch 5
2025-07-22 11:33:53,480 - Mean (expected) train reward: 1.0501690221910143
2025-07-22 11:33:53,481 - Mean (expected) val reward: 1.0548756280558242
2025-07-22 11:33:53,575 - Mean (realized) train reward: 1.1697618149824032
2025-07-22 11:33:53,615 - Mean (realized) val reward: 1.1725313393446228
2025-07-22 11:33:54,377 - Finished with epoch 10
2025-07-22 11:33:54,378 - Mean (expected) train reward: 1.0599920128890286
2025-07-22 11:33:54,378 - Mean (expected) val reward: 1.0638132456117393
2025-07-22 11:33:54,474 - Mean (realized) train reward: 1.0650766716943187
2025-07-22 11:33:54,516 - Mean (realized) val reward: 1.0955941646506855
2025-07-22 11:33:55,283 - Finished with epoch 15
2025-07-22 11:33:55,284 - Mean (expected) train reward: 1.068608735595788
2025-07-22 11:33:55,284 - Mean (expected) val reward: 1.071516390372368
2025-07-22 11:33:55,381 - Mean (realized) train reward: 1.0871983408748114
2025-07-22 11:33:55,423 - Mean (realized) val reward: 1.0985631551939008
2025-07-22 11:33:56,189 - Finished with epoch 20
2025-07-22 11:33:56,190 - Mean (expected) train reward: 1.0762766278594686
2025-07-22 11:33:56,190 - Mean (expected) val reward: 1.0782810694752232
2025-07-22 11:33:56,287 - Mean (realized) train reward: 1.099861739567622
2025-07-22 11:33:56,330 - Mean (realized) val reward: 1.1097426874862546
2025-07-22 11:33:57,104 - Finished with epoch 25
2025-07-22 11:33:57,105 - Mean (expected) train reward: 1.083265620609441
2025-07-22 11:33:57,105 - Mean (expected) val reward: 1.0843947063958084
2025-07-22 11:33:57,201 - Mean (realized) train reward: 1.1134049773755657
2025-07-22 11:33:57,242 - Mean (realized) val reward: 1.1250641448574152
2025-07-22 11:33:58,016 - Finished with epoch 30
2025-07-22 11:33:58,017 - Mean (expected) train reward: 1.089875878572095
2025-07-22 11:33:58,018 - Mean (expected) val reward: 1.0901586047916694
2025-07-22 11:33:58,115 - Mean (realized) train reward: 1.1162487430869783
2025-07-22 11:33:58,157 - Mean (realized) val reward: 1.1264570046184297
2025-07-22 11:33:58,928 - Finished with epoch 35
2025-07-22 11:33:58,929 - Mean (expected) train reward: 1.095801659545062
2025-07-22 11:33:58,929 - Mean (expected) val reward: 1.0952931682256761
2025-07-22 11:33:59,026 - Mean (realized) train reward: 1.1176627702362996
2025-07-22 11:33:59,068 - Mean (realized) val reward: 1.1275566307455465
2025-07-22 11:33:59,841 - Finished with epoch 40
2025-07-22 11:33:59,843 - Mean (expected) train reward: 1.1012680414192475
2025-07-22 11:33:59,843 - Mean (expected) val reward: 1.100016446568257
2025-07-22 11:33:59,941 - Mean (realized) train reward: 1.1195167169431874
2025-07-22 11:33:59,987 - Mean (realized) val reward: 1.1295359577743567
2025-07-22 11:34:00,786 - Finished with epoch 45
2025-07-22 11:34:00,787 - Mean (expected) train reward: 1.106266585918136
2025-07-22 11:34:00,787 - Mean (expected) val reward: 1.1043234269466033
2025-07-22 11:34:00,889 - Mean (realized) train reward: 1.1214963549522372
2025-07-22 11:34:00,931 - Mean (realized) val reward: 1.1312953595777435
2025-07-22 11:34:01,707 - Finished with epoch 50
2025-07-22 11:34:01,708 - Mean (expected) train reward: 1.1108867582184243
2025-07-22 11:34:01,708 - Mean (expected) val reward: 1.1082922793940102
2025-07-22 11:34:01,807 - Mean (realized) train reward: 1.118621166415284
2025-07-22 11:34:01,849 - Mean (realized) val reward: 1.1204090609192874
2025-07-22 11:34:01,851 - Starting trial 5
2025-07-22 11:34:01,867 - Train TB proportion: 0.016999748617395675
2025-07-22 11:34:01,867 - Val TB proportion: 0.01708085917454732
2025-07-22 11:34:01,885 - Train cohort size: 31824
2025-07-22 11:34:01,885 - Validation cohort size: 13641
2025-07-22 11:34:01,897 - Running experiment for setting={'TP_reward': 65.5}
2025-07-22 11:34:04,047 - {'num_epochs': 50, 'optimizer': 'adam', 'lr': 0.0001, 'reg_type': 'l2', 'lambda_reg': 0}
2025-07-22 11:34:04,799 - Finished with epoch 5
2025-07-22 11:34:04,800 - Mean (expected) train reward: 1.0480963404408843
2025-07-22 11:34:04,801 - Mean (expected) val reward: 1.0506787414318235
2025-07-22 11:34:04,895 - Mean (realized) train reward: 1.0197335344394167
2025-07-22 11:34:04,935 - Mean (realized) val reward: 1.0138552892016715
2025-07-22 11:34:05,697 - Finished with epoch 10
2025-07-22 11:34:05,698 - Mean (expected) train reward: 1.0606592239862587
2025-07-22 11:34:05,698 - Mean (expected) val reward: 1.063388527359451
2025-07-22 11:34:05,792 - Mean (realized) train reward: 1.1612619406737055
2025-07-22 11:34:05,833 - Mean (realized) val reward: 1.1775163111208855
2025-07-22 11:34:06,602 - Finished with epoch 15
2025-07-22 11:34:06,603 - Mean (expected) train reward: 1.0715967691917854
2025-07-22 11:34:06,603 - Mean (expected) val reward: 1.0743702163862594
2025-07-22 11:34:06,702 - Mean (realized) train reward: 1.2292766465560583
2025-07-22 11:34:06,744 - Mean (realized) val reward: 1.2101018986877794
2025-07-22 11:34:07,521 - Finished with epoch 20
2025-07-22 11:34:07,522 - Mean (expected) train reward: 1.0807422842781722
2025-07-22 11:34:07,522 - Mean (expected) val reward: 1.0835080830226431
2025-07-22 11:34:07,621 - Mean (realized) train reward: 1.2352941176470589
2025-07-22 11:34:07,663 - Mean (realized) val reward: 1.2134007770691297
2025-07-22 11:34:08,442 - Finished with epoch 25
2025-07-22 11:34:08,443 - Mean (expected) train reward: 1.0882767323383948
2025-07-22 11:34:08,443 - Mean (expected) val reward: 1.0909931716786287
2025-07-22 11:34:08,543 - Mean (realized) train reward: 1.251052664655606
2025-07-22 11:34:08,586 - Mean (realized) val reward: 1.227512645700462
2025-07-22 11:34:09,368 - Finished with epoch 30
2025-07-22 11:34:09,369 - Mean (expected) train reward: 1.0948612019171504
2025-07-22 11:34:09,369 - Mean (expected) val reward: 1.097510873941494
2025-07-22 11:34:09,469 - Mean (realized) train reward: 1.2484288587229764
2025-07-22 11:34:09,511 - Mean (realized) val reward: 1.2290521222784254
2025-07-22 11:34:10,300 - Finished with epoch 35
2025-07-22 11:34:10,301 - Mean (expected) train reward: 1.1006098545663052
2025-07-22 11:34:10,301 - Mean (expected) val reward: 1.1031788223315941
2025-07-22 11:34:10,398 - Mean (realized) train reward: 1.2478475364504775
2025-07-22 11:34:10,441 - Mean (realized) val reward: 1.2271461036580895
2025-07-22 11:34:11,319 - Finished with epoch 40
2025-07-22 11:34:11,321 - Mean (expected) train reward: 1.1058438410919278
2025-07-22 11:34:11,321 - Mean (expected) val reward: 1.1083283122296024
2025-07-22 11:34:11,420 - Mean (realized) train reward: 1.2466377576671694
2025-07-22 11:34:11,463 - Mean (realized) val reward: 1.2313979913496078
2025-07-22 11:34:12,261 - Finished with epoch 45
2025-07-22 11:34:12,262 - Mean (expected) train reward: 1.1105148972327226
2025-07-22 11:34:12,262 - Mean (expected) val reward: 1.1129113726411282
2025-07-22 11:34:12,362 - Mean (realized) train reward: 1.2459621669180492
2025-07-22 11:34:12,406 - Mean (realized) val reward: 1.2383256359504435
2025-07-22 11:34:13,202 - Finished with epoch 50
2025-07-22 11:34:13,203 - Mean (expected) train reward: 1.1147837223738661
2025-07-22 11:34:13,203 - Mean (expected) val reward: 1.117092927160955
2025-07-22 11:34:13,303 - Mean (realized) train reward: 1.2501099798893918
2025-07-22 11:34:13,346 - Mean (realized) val reward: 1.2381423649292573
2025-07-22 11:34:13,347 - Starting trial 6
2025-07-22 11:34:13,363 - Train TB proportion: 0.016999748617395675
2025-07-22 11:34:13,363 - Val TB proportion: 0.01708085917454732
2025-07-22 11:34:13,381 - Train cohort size: 31824
2025-07-22 11:34:13,381 - Validation cohort size: 13641
2025-07-22 11:34:13,393 - Running experiment for setting={'TP_reward': 65.5}
2025-07-22 11:34:15,731 - {'num_epochs': 50, 'optimizer': 'adam', 'lr': 0.0001, 'reg_type': 'l2', 'lambda_reg': 0}
2025-07-22 11:34:16,483 - Finished with epoch 5
2025-07-22 11:34:16,484 - Mean (expected) train reward: 1.0492299177996203
2025-07-22 11:34:16,484 - Mean (expected) val reward: 1.052917726890108
2025-07-22 11:34:16,579 - Mean (realized) train reward: 1.032852564102564
2025-07-22 11:34:16,621 - Mean (realized) val reward: 1.0239351953669087
2025-07-22 11:34:17,399 - Finished with epoch 10
2025-07-22 11:34:17,400 - Mean (expected) train reward: 1.0602268431229867
2025-07-22 11:34:17,400 - Mean (expected) val reward: 1.061959100074585
2025-07-22 11:34:17,497 - Mean (realized) train reward: 1.2429298642533937
2025-07-22 11:34:17,539 - Mean (realized) val reward: 1.1726413019573345
2025-07-22 11:34:18,318 - Finished with epoch 15
2025-07-22 11:34:18,319 - Mean (expected) train reward: 1.0700278039188196
2025-07-22 11:34:18,319 - Mean (expected) val reward: 1.0697025067961712
2025-07-22 11:34:18,419 - Mean (realized) train reward: 1.095933886375063
2025-07-22 11:34:18,461 - Mean (realized) val reward: 1.1151308555091268
2025-07-22 11:34:19,248 - Finished with epoch 20
2025-07-22 11:34:19,249 - Mean (expected) train reward: 1.0786084215910126
2025-07-22 11:34:19,249 - Mean (expected) val reward: 1.0761866200217998
2025-07-22 11:34:19,349 - Mean (realized) train reward: 1.094205630970337
2025-07-22 11:34:19,391 - Mean (realized) val reward: 1.1132248368887911
2025-07-22 11:34:20,185 - Finished with epoch 25
2025-07-22 11:34:20,186 - Mean (expected) train reward: 1.0863732276062956
2025-07-22 11:34:20,186 - Mean (expected) val reward: 1.0818929376195197
2025-07-22 11:34:20,285 - Mean (realized) train reward: 1.0962166918049272
2025-07-22 11:34:20,328 - Mean (realized) val reward: 1.1161938274320065
2025-07-22 11:34:21,121 - Finished with epoch 30
2025-07-22 11:34:21,122 - Mean (expected) train reward: 1.0935787570554165
2025-07-22 11:34:21,122 - Mean (expected) val reward: 1.0870198367683648
2025-07-22 11:34:21,220 - Mean (realized) train reward: 1.1014800150829562
2025-07-22 11:34:21,263 - Mean (realized) val reward: 1.1152041639176014
2025-07-22 11:34:22,052 - Finished with epoch 35
2025-07-22 11:34:22,053 - Mean (expected) train reward: 1.100089245013211
2025-07-22 11:34:22,053 - Mean (expected) val reward: 1.0915306198580896
2025-07-22 11:34:22,152 - Mean (realized) train reward: 1.1018885118149824
2025-07-22 11:34:22,194 - Mean (realized) val reward: 1.110915622021846
2025-07-22 11:34:22,983 - Finished with epoch 40
2025-07-22 11:34:22,985 - Mean (expected) train reward: 1.1060248608218648
2025-07-22 11:34:22,985 - Mean (expected) val reward: 1.0955653377901415
2025-07-22 11:34:23,083 - Mean (realized) train reward: 1.1029097536450478
2025-07-22 11:34:23,126 - Mean (realized) val reward: 1.1042079026464335
2025-07-22 11:34:23,927 - Finished with epoch 45
2025-07-22 11:34:23,928 - Mean (expected) train reward: 1.1114853913115001
2025-07-22 11:34:23,928 - Mean (expected) val reward: 1.0992058072850621
2025-07-22 11:34:24,028 - Mean (realized) train reward: 1.1218262946204123
2025-07-22 11:34:24,072 - Mean (realized) val reward: 1.1146910050582801
2025-07-22 11:34:24,949 - Finished with epoch 50
2025-07-22 11:34:24,951 - Mean (expected) train reward: 1.1165718661935868
2025-07-22 11:34:24,951 - Mean (expected) val reward: 1.102539266112062
2025-07-22 11:34:25,047 - Mean (realized) train reward: 1.274478381096028
2025-07-22 11:34:25,089 - Mean (realized) val reward: 1.1733010776336046
2025-07-22 11:34:25,090 - Starting trial 7
2025-07-22 11:34:25,107 - Train TB proportion: 0.016999748617395675
2025-07-22 11:34:25,107 - Val TB proportion: 0.01708085917454732
2025-07-22 11:34:25,126 - Train cohort size: 31824
2025-07-22 11:34:25,126 - Validation cohort size: 13641
2025-07-22 11:34:25,140 - Running experiment for setting={'TP_reward': 65.5}
2025-07-22 11:34:27,392 - {'num_epochs': 50, 'optimizer': 'adam', 'lr': 0.0001, 'reg_type': 'l2', 'lambda_reg': 0}
2025-07-22 11:34:28,162 - Finished with epoch 5
2025-07-22 11:34:28,163 - Mean (expected) train reward: 1.0583324342045526
2025-07-22 11:34:28,163 - Mean (expected) val reward: 1.0594044505302336
2025-07-22 11:34:28,260 - Mean (realized) train reward: 1.1330756661639014
2025-07-22 11:34:28,302 - Mean (realized) val reward: 1.110622388387948
2025-07-22 11:34:29,083 - Finished with epoch 10
2025-07-22 11:34:29,084 - Mean (expected) train reward: 1.0708631167385882
2025-07-22 11:34:29,084 - Mean (expected) val reward: 1.0711599737547786
2025-07-22 11:34:29,182 - Mean (realized) train reward: 1.195214303670186
2025-07-22 11:34:29,225 - Mean (realized) val reward: 1.1784326662268163
2025-07-22 11:34:30,079 - Finished with epoch 15
2025-07-22 11:34:30,080 - Mean (expected) train reward: 1.081181763458759
2025-07-22 11:34:30,080 - Mean (expected) val reward: 1.080695801127185
2025-07-22 11:34:30,176 - Mean (realized) train reward: 1.2292923579688286
2025-07-22 11:34:30,219 - Mean (realized) val reward: 1.2217579356352173
2025-07-22 11:34:31,011 - Finished with epoch 20
2025-07-22 11:34:31,012 - Mean (expected) train reward: 1.0897216539948902
2025-07-22 11:34:31,012 - Mean (expected) val reward: 1.0884529132128076
2025-07-22 11:34:31,111 - Mean (realized) train reward: 1.2655228758169934
2025-07-22 11:34:31,155 - Mean (realized) val reward: 1.2304816362436772
2025-07-22 11:34:32,024 - Finished with epoch 25
2025-07-22 11:34:32,025 - Mean (expected) train reward: 1.0969642762852343
2025-07-22 11:34:32,025 - Mean (expected) val reward: 1.0949093216644967
2025-07-22 11:34:32,125 - Mean (realized) train reward: 1.260762317747612
2025-07-22 11:34:32,169 - Mean (realized) val reward: 1.228355692397918
2025-07-22 11:34:33,010 - Finished with epoch 30
2025-07-22 11:34:33,011 - Mean (expected) train reward: 1.1031388221306249
2025-07-22 11:34:33,011 - Mean (expected) val reward: 1.1003338443040935
2025-07-22 11:34:33,110 - Mean (realized) train reward: 1.2567559074912016
2025-07-22 11:34:33,153 - Mean (realized) val reward: 1.218605674070816
2025-07-22 11:34:33,955 - Finished with epoch 35
2025-07-22 11:34:33,956 - Mean (expected) train reward: 1.1085905017169233
2025-07-22 11:34:33,956 - Mean (expected) val reward: 1.1050692166922536
2025-07-22 11:34:34,058 - Mean (realized) train reward: 1.2548076923076923
2025-07-22 11:34:34,101 - Mean (realized) val reward: 1.2170661974928525
2025-07-22 11:34:34,975 - Finished with epoch 40
2025-07-22 11:34:34,976 - Mean (expected) train reward: 1.1134641266059433
2025-07-22 11:34:34,976 - Mean (expected) val reward: 1.1092458482380836
2025-07-22 11:34:35,079 - Mean (realized) train reward: 1.2558760683760684
2025-07-22 11:34:35,123 - Mean (realized) val reward: 1.2177992815775969
2025-07-22 11:34:35,957 - Finished with epoch 45
2025-07-22 11:34:35,958 - Mean (expected) train reward: 1.1178132041773954
2025-07-22 11:34:35,959 - Mean (expected) val reward: 1.1129395145188001
2025-07-22 11:34:36,061 - Mean (realized) train reward: 1.2564102564102564
2025-07-22 11:34:36,105 - Mean (realized) val reward: 1.2220511692691152
2025-07-22 11:34:36,967 - Finished with epoch 50
2025-07-22 11:34:36,969 - Mean (expected) train reward: 1.1217666334743472
2025-07-22 11:34:36,969 - Mean (expected) val reward: 1.1162766825876649
2025-07-22 11:34:37,070 - Mean (realized) train reward: 1.257902840623429
2025-07-22 11:34:37,115 - Mean (realized) val reward: 1.22608313173521
2025-07-22 11:34:37,116 - Starting trial 8
2025-07-22 11:34:37,135 - Train TB proportion: 0.016999748617395675
2025-07-22 11:34:37,135 - Val TB proportion: 0.01708085917454732
2025-07-22 11:34:37,158 - Train cohort size: 31824
2025-07-22 11:34:37,158 - Validation cohort size: 13641
2025-07-22 11:34:37,176 - Running experiment for setting={'TP_reward': 65.5}
2025-07-22 11:34:39,600 - {'num_epochs': 50, 'optimizer': 'adam', 'lr': 0.0001, 'reg_type': 'l2', 'lambda_reg': 0}
2025-07-22 11:34:40,382 - Finished with epoch 5
2025-07-22 11:34:40,383 - Mean (expected) train reward: 1.0660833203659406
2025-07-22 11:34:40,383 - Mean (expected) val reward: 1.0640676147745864
2025-07-22 11:34:40,482 - Mean (realized) train reward: 1.201734539969834
2025-07-22 11:34:40,524 - Mean (realized) val reward: 1.166739975075141
2025-07-22 11:34:41,317 - Finished with epoch 10
2025-07-22 11:34:41,318 - Mean (expected) train reward: 1.076610792246111
2025-07-22 11:34:41,318 - Mean (expected) val reward: 1.0720659572155662
2025-07-22 11:34:41,417 - Mean (realized) train reward: 1.2627733785822022
2025-07-22 11:34:41,460 - Mean (realized) val reward: 1.1956967964225496
2025-07-22 11:34:42,268 - Finished with epoch 15
2025-07-22 11:34:42,269 - Mean (expected) train reward: 1.085603739989499
2025-07-22 11:34:42,269 - Mean (expected) val reward: 1.0787341183939163
2025-07-22 11:34:42,370 - Mean (realized) train reward: 1.26195638511815
2025-07-22 11:34:42,414 - Mean (realized) val reward: 1.1827212081225718
2025-07-22 11:34:43,235 - Finished with epoch 20
2025-07-22 11:34:43,237 - Mean (expected) train reward: 1.0933656642501897
2025-07-22 11:34:43,237 - Mean (expected) val reward: 1.08435692224092
2025-07-22 11:34:43,338 - Mean (realized) train reward: 1.1132007290095525
2025-07-22 11:34:43,382 - Mean (realized) val reward: 1.1398357891650173
2025-07-22 11:34:44,268 - Finished with epoch 25
2025-07-22 11:34:44,270 - Mean (expected) train reward: 1.100219301180797
2025-07-22 11:34:44,270 - Mean (expected) val reward: 1.0892699079439356
2025-07-22 11:34:44,368 - Mean (realized) train reward: 1.1103412518853695
2025-07-22 11:34:44,410 - Mean (realized) val reward: 1.136903452826039
2025-07-22 11:34:45,227 - Finished with epoch 30
2025-07-22 11:34:45,228 - Mean (expected) train reward: 1.1063817492873507
2025-07-22 11:34:45,228 - Mean (expected) val reward: 1.0936538534924813
2025-07-22 11:34:45,328 - Mean (realized) train reward: 1.1097599296128708
2025-07-22 11:34:45,371 - Mean (realized) val reward: 1.1355105930650247
2025-07-22 11:34:46,190 - Finished with epoch 35
2025-07-22 11:34:46,191 - Mean (expected) train reward: 1.1119122673074218
2025-07-22 11:34:46,191 - Mean (expected) val reward: 1.0975976130671754
2025-07-22 11:34:46,294 - Mean (realized) train reward: 1.1160602061337355
2025-07-22 11:34:46,339 - Mean (realized) val reward: 1.129572611978594
2025-07-22 11:34:47,149 - Finished with epoch 40
2025-07-22 11:34:47,150 - Mean (expected) train reward: 1.1168868099914067
2025-07-22 11:34:47,150 - Mean (expected) val reward: 1.1011245969280663
2025-07-22 11:34:47,252 - Mean (realized) train reward: 1.2746354952237304
2025-07-22 11:34:47,296 - Mean (realized) val reward: 1.1859467780954476
2025-07-22 11:34:48,111 - Finished with epoch 45
2025-07-22 11:34:48,112 - Mean (expected) train reward: 1.1213908571836082
2025-07-22 11:34:48,112 - Mean (expected) val reward: 1.1043306596164248
2025-07-22 11:34:48,215 - Mean (realized) train reward: 1.274478381096028
2025-07-22 11:34:48,259 - Mean (realized) val reward: 1.1885492265962907
2025-07-22 11:34:49,071 - Finished with epoch 50
2025-07-22 11:34:49,072 - Mean (expected) train reward: 1.1255409825176972
2025-07-22 11:34:49,072 - Mean (expected) val reward: 1.1073056075504322
2025-07-22 11:34:49,174 - Mean (realized) train reward: 1.2717917295123178
2025-07-22 11:34:49,218 - Mean (realized) val reward: 1.1856168902573125
2025-07-22 11:34:49,220 - Starting trial 9
2025-07-22 11:34:49,239 - Train TB proportion: 0.016999748617395675
2025-07-22 11:34:49,239 - Val TB proportion: 0.01708085917454732
2025-07-22 11:34:49,258 - Train cohort size: 31824
2025-07-22 11:34:49,258 - Validation cohort size: 13641
2025-07-22 11:34:49,271 - Running experiment for setting={'TP_reward': 65.5}
2025-07-22 11:34:51,793 - {'num_epochs': 50, 'optimizer': 'adam', 'lr': 0.0001, 'reg_type': 'l2', 'lambda_reg': 0}
2025-07-22 11:34:52,563 - Finished with epoch 5
2025-07-22 11:34:52,564 - Mean (expected) train reward: 1.071223647391743
2025-07-22 11:34:52,564 - Mean (expected) val reward: 1.0738094867916543
2025-07-22 11:34:52,664 - Mean (realized) train reward: 1.110042735042735
2025-07-22 11:34:52,706 - Mean (realized) val reward: 1.1121252107616744
2025-07-22 11:34:53,502 - Finished with epoch 10
2025-07-22 11:34:53,504 - Mean (expected) train reward: 1.076821943922947
2025-07-22 11:34:53,504 - Mean (expected) val reward: 1.0798898912672947
2025-07-22 11:34:53,602 - Mean (realized) train reward: 1.1180398441427852
2025-07-22 11:34:53,644 - Mean (realized) val reward: 1.1215453412506415
2025-07-22 11:34:54,580 - Finished with epoch 15
2025-07-22 11:34:54,581 - Mean (expected) train reward: 1.0824484349672798
2025-07-22 11:34:54,581 - Mean (expected) val reward: 1.0859939021098457
2025-07-22 11:34:54,682 - Mean (realized) train reward: 1.1193910256410255
2025-07-22 11:34:54,725 - Mean (realized) val reward: 1.122425042152335
2025-07-22 11:34:55,530 - Finished with epoch 20
2025-07-22 11:34:55,532 - Mean (expected) train reward: 1.0880304512925083
2025-07-22 11:34:55,532 - Mean (expected) val reward: 1.0920333441918473
2025-07-22 11:34:55,632 - Mean (realized) train reward: 1.1197209653092006
2025-07-22 11:34:55,676 - Mean (realized) val reward: 1.1193827432006451
2025-07-22 11:34:56,476 - Finished with epoch 25
2025-07-22 11:34:56,477 - Mean (expected) train reward: 1.0933807060633336
2025-07-22 11:34:56,477 - Mean (expected) val reward: 1.0978242391534028
2025-07-22 11:34:56,579 - Mean (realized) train reward: 1.1202865761689291
2025-07-22 11:34:56,623 - Mean (realized) val reward: 1.1191261637709846
2025-07-22 11:34:57,427 - Finished with epoch 30
2025-07-22 11:34:57,428 - Mean (expected) train reward: 1.0983815889076511
2025-07-22 11:34:57,428 - Mean (expected) val reward: 1.1032069878830613
2025-07-22 11:34:57,532 - Mean (realized) train reward: 1.1247800402212167
2025-07-22 11:34:57,576 - Mean (realized) val reward: 1.114361117220145
2025-07-22 11:34:58,379 - Finished with epoch 35
2025-07-22 11:34:58,380 - Mean (expected) train reward: 1.1030082004957178
2025-07-22 11:34:58,380 - Mean (expected) val reward: 1.1081706355716745
2025-07-22 11:34:58,483 - Mean (realized) train reward: 1.1253456510809452
2025-07-22 11:34:58,527 - Mean (realized) val reward: 1.120005864672678
2025-07-22 11:34:59,326 - Finished with epoch 40
2025-07-22 11:34:59,328 - Mean (expected) train reward: 1.1073604114057498
2025-07-22 11:34:59,328 - Mean (expected) val reward: 1.112818391995144
2025-07-22 11:34:59,430 - Mean (realized) train reward: 1.127183886375063
2025-07-22 11:34:59,474 - Mean (realized) val reward: 1.122278425335386
2025-07-22 11:35:00,274 - Finished with epoch 45
2025-07-22 11:35:00,275 - Mean (expected) train reward: 1.1114155494633973
2025-07-22 11:35:00,275 - Mean (expected) val reward: 1.117128055366015
2025-07-22 11:35:00,379 - Mean (realized) train reward: 1.2337858220211162
2025-07-22 11:35:00,423 - Mean (realized) val reward: 1.256762700681768
2025-07-22 11:35:01,259 - Finished with epoch 50
2025-07-22 11:35:01,260 - Mean (expected) train reward: 1.1151795867993695
2025-07-22 11:35:01,260 - Mean (expected) val reward: 1.1211012533873583
2025-07-22 11:35:01,361 - Mean (realized) train reward: 1.2359539969834088
2025-07-22 11:35:01,405 - Mean (realized) val reward: 1.254306868997874
2025-07-22 11:35:01,406 - Starting trial 10
2025-07-22 11:35:01,421 - Train TB proportion: 0.016999748617395675
2025-07-22 11:35:01,421 - Val TB proportion: 0.01708085917454732
2025-07-22 11:35:01,440 - Train cohort size: 31824
2025-07-22 11:35:01,440 - Validation cohort size: 13641
2025-07-22 11:35:01,453 - Running experiment for setting={'TP_reward': 65.5}
2025-07-22 11:35:03,647 - {'num_epochs': 50, 'optimizer': 'adam', 'lr': 0.0001, 'reg_type': 'l2', 'lambda_reg': 0}
2025-07-22 11:35:04,407 - Finished with epoch 5
2025-07-22 11:35:04,408 - Mean (expected) train reward: 1.0683869210489998
2025-07-22 11:35:04,409 - Mean (expected) val reward: 1.06493414199673
2025-07-22 11:35:04,508 - Mean (realized) train reward: 1.1101841377576671
2025-07-22 11:35:04,550 - Mean (realized) val reward: 1.1234880140752144
2025-07-22 11:35:05,333 - Finished with epoch 10
2025-07-22 11:35:05,335 - Mean (expected) train reward: 1.0775533171811704
2025-07-22 11:35:05,335 - Mean (expected) val reward: 1.070987585974346
2025-07-22 11:35:05,435 - Mean (realized) train reward: 1.1098699095022624
2025-07-22 11:35:05,478 - Mean (realized) val reward: 1.1231947804413167
2025-07-22 11:35:06,276 - Finished with epoch 15
2025-07-22 11:35:06,278 - Mean (expected) train reward: 1.0857657569344916
2025-07-22 11:35:06,278 - Mean (expected) val reward: 1.076315904122872
2025-07-22 11:35:06,378 - Mean (realized) train reward: 1.1168457767722473
2025-07-22 11:35:06,420 - Mean (realized) val reward: 1.1172934535591232
2025-07-22 11:35:07,227 - Finished with epoch 20
2025-07-22 11:35:07,229 - Mean (expected) train reward: 1.0933393438186547
2025-07-22 11:35:07,229 - Mean (expected) val reward: 1.0811474437235291
2025-07-22 11:35:07,330 - Mean (realized) train reward: 1.1174742332830567
2025-07-22 11:35:07,373 - Mean (realized) val reward: 1.1180265376438678
2025-07-22 11:35:08,178 - Finished with epoch 25
2025-07-22 11:35:08,179 - Mean (expected) train reward: 1.1003547225235515
2025-07-22 11:35:08,179 - Mean (expected) val reward: 1.085610752442581
2025-07-22 11:35:08,280 - Mean (realized) train reward: 1.119218200100553
2025-07-22 11:35:08,325 - Mean (realized) val reward: 1.1163037900447181
2025-07-22 11:35:09,135 - Finished with epoch 30
2025-07-22 11:35:09,136 - Mean (expected) train reward: 1.1066583222155906
2025-07-22 11:35:09,136 - Mean (expected) val reward: 1.0895711972170163
2025-07-22 11:35:09,237 - Mean (realized) train reward: 1.117097159376571
2025-07-22 11:35:09,280 - Mean (realized) val reward: 1.1202990983065757
2025-07-22 11:35:10,087 - Finished with epoch 35
2025-07-22 11:35:10,089 - Mean (expected) train reward: 1.1124659295555799
2025-07-22 11:35:10,089 - Mean (expected) val reward: 1.0932318988400145
2025-07-22 11:35:10,189 - Mean (realized) train reward: 1.2579342634489694
2025-07-22 11:35:10,233 - Mean (realized) val reward: 1.206949637123378
2025-07-22 11:35:11,139 - Finished with epoch 40
2025-07-22 11:35:11,140 - Mean (expected) train reward: 1.1178260648159788
2025-07-22 11:35:11,140 - Mean (expected) val reward: 1.0966089172994045
2025-07-22 11:35:11,238 - Mean (realized) train reward: 1.2583427601809956
2025-07-22 11:35:11,281 - Mean (realized) val reward: 1.2074627959826991
2025-07-22 11:35:12,093 - Finished with epoch 45
2025-07-22 11:35:12,095 - Mean (expected) train reward: 1.1227467921210146
2025-07-22 11:35:12,095 - Mean (expected) val reward: 1.0997278101714412
2025-07-22 11:35:12,196 - Mean (realized) train reward: 1.2603223981900453
2025-07-22 11:35:12,241 - Mean (realized) val reward: 1.2045671138479583
2025-07-22 11:35:13,071 - Finished with epoch 50
2025-07-22 11:35:13,073 - Mean (expected) train reward: 1.1271761215281149
2025-07-22 11:35:13,073 - Mean (expected) val reward: 1.102528577511104
2025-07-22 11:35:13,180 - Mean (realized) train reward: 1.2628362242332831
2025-07-22 11:35:13,224 - Mean (realized) val reward: 1.2066930576937174
2025-07-22 11:35:13,225 - Starting trial 11
2025-07-22 11:35:13,242 - Train TB proportion: 0.016999748617395675
2025-07-22 11:35:13,243 - Val TB proportion: 0.01708085917454732
2025-07-22 11:35:13,261 - Train cohort size: 31824
2025-07-22 11:35:13,261 - Validation cohort size: 13641
2025-07-22 11:35:13,274 - Running experiment for setting={'TP_reward': 65.5}
2025-07-22 11:35:15,476 - {'num_epochs': 50, 'optimizer': 'adam', 'lr': 0.0001, 'reg_type': 'l2', 'lambda_reg': 0}
2025-07-22 11:35:16,241 - Finished with epoch 5
2025-07-22 11:35:16,242 - Mean (expected) train reward: 1.0689856080926463
2025-07-22 11:35:16,242 - Mean (expected) val reward: 1.0706618254782123
2025-07-22 11:35:16,340 - Mean (realized) train reward: 1.090969079939668
2025-07-22 11:35:16,383 - Mean (realized) val reward: 1.1120519023531998
2025-07-22 11:35:17,168 - Finished with epoch 10
2025-07-22 11:35:17,169 - Mean (expected) train reward: 1.075616136758437
2025-07-22 11:35:17,170 - Mean (expected) val reward: 1.0762267035828352
2025-07-22 11:35:17,267 - Mean (realized) train reward: 1.0937342885872297
2025-07-22 11:35:17,309 - Mean (realized) val reward: 1.1147643134667546
2025-07-22 11:35:18,106 - Finished with epoch 15
2025-07-22 11:35:18,107 - Mean (expected) train reward: 1.082067184134767
2025-07-22 11:35:18,108 - Mean (expected) val reward: 1.081667878487996
2025-07-22 11:35:18,207 - Mean (realized) train reward: 1.0957139265962796
2025-07-22 11:35:18,251 - Mean (realized) val reward: 1.1166703320870903
2025-07-22 11:35:19,055 - Finished with epoch 20
2025-07-22 11:35:19,056 - Mean (expected) train reward: 1.088279422905433
2025-07-22 11:35:19,056 - Mean (expected) val reward: 1.086934453694232
2025-07-22 11:35:19,159 - Mean (realized) train reward: 1.092493086978381
2025-07-22 11:35:19,204 - Mean (realized) val reward: 1.119529360017594
2025-07-22 11:35:20,014 - Finished with epoch 25
2025-07-22 11:35:20,016 - Mean (expected) train reward: 1.0940359531503308
2025-07-22 11:35:20,016 - Mean (expected) val reward: 1.091824045954942
2025-07-22 11:35:20,116 - Mean (realized) train reward: 1.0980077928607341
2025-07-22 11:35:20,160 - Mean (realized) val reward: 1.1172201451506487
2025-07-22 11:35:20,961 - Finished with epoch 30
2025-07-22 11:35:20,962 - Mean (expected) train reward: 1.0994536896424003
2025-07-22 11:35:20,962 - Mean (expected) val reward: 1.0964439344694734
2025-07-22 11:35:21,063 - Mean (realized) train reward: 1.1214020864756158
2025-07-22 11:35:21,107 - Mean (realized) val reward: 1.1231214720328422
2025-07-22 11:35:21,906 - Finished with epoch 35
2025-07-22 11:35:21,907 - Mean (expected) train reward: 1.1046169698151749
2025-07-22 11:35:21,907 - Mean (expected) val reward: 1.1008626491270512
2025-07-22 11:35:22,009 - Mean (realized) train reward: 1.1243558320764202
2025-07-22 11:35:22,053 - Mean (realized) val reward: 1.1213254160252182
2025-07-22 11:35:22,868 - Finished with epoch 40
2025-07-22 11:35:22,869 - Mean (expected) train reward: 1.1093751537315537
2025-07-22 11:35:22,870 - Mean (expected) val reward: 1.1049599285643652
2025-07-22 11:35:22,971 - Mean (realized) train reward: 1.1267753896430368
2025-07-22 11:35:23,015 - Mean (realized) val reward: 1.1231581262370793
2025-07-22 11:35:23,819 - Finished with epoch 45
2025-07-22 11:35:23,820 - Mean (expected) train reward: 1.1137704169147078
2025-07-22 11:35:23,820 - Mean (expected) val reward: 1.1087701818074538
2025-07-22 11:35:23,924 - Mean (realized) train reward: 1.1274352689793867
2025-07-22 11:35:23,969 - Mean (realized) val reward: 1.1238179019133494
2025-07-22 11:35:24,771 - Finished with epoch 50
2025-07-22 11:35:24,772 - Mean (expected) train reward: 1.1177213190937234
2025-07-22 11:35:24,772 - Mean (expected) val reward: 1.1121964303476353
2025-07-22 11:35:24,877 - Mean (realized) train reward: 1.2517753896430368
2025-07-22 11:35:24,920 - Mean (realized) val reward: 1.2255699728758889
2025-07-22 11:35:24,921 - Starting trial 12
2025-07-22 11:35:24,936 - Train TB proportion: 0.016999748617395675
2025-07-22 11:35:24,936 - Val TB proportion: 0.01708085917454732
2025-07-22 11:35:24,955 - Train cohort size: 31824
2025-07-22 11:35:24,955 - Validation cohort size: 13641
2025-07-22 11:35:24,968 - Running experiment for setting={'TP_reward': 65.5}
2025-07-22 11:35:27,151 - {'num_epochs': 50, 'optimizer': 'adam', 'lr': 0.0001, 'reg_type': 'l2', 'lambda_reg': 0}
2025-07-22 11:35:27,929 - Finished with epoch 5
2025-07-22 11:35:27,930 - Mean (expected) train reward: 1.0538095128935536
2025-07-22 11:35:27,931 - Mean (expected) val reward: 1.0559084694134806
2025-07-22 11:35:28,028 - Mean (realized) train reward: 1.1134835344394167
2025-07-22 11:35:28,070 - Mean (realized) val reward: 1.1187962759328496
2025-07-22 11:35:28,856 - Finished with epoch 10
2025-07-22 11:35:28,857 - Mean (expected) train reward: 1.0618194511264203
2025-07-22 11:35:28,857 - Mean (expected) val reward: 1.063940654181943
2025-07-22 11:35:28,956 - Mean (realized) train reward: 1.1134835344394167
2025-07-22 11:35:28,998 - Mean (realized) val reward: 1.1187962759328496
2025-07-22 11:35:29,796 - Finished with epoch 15
2025-07-22 11:35:29,797 - Mean (expected) train reward: 1.0693864870077592
2025-07-22 11:35:29,797 - Mean (expected) val reward: 1.0714851897254944
2025-07-22 11:35:29,900 - Mean (realized) train reward: 1.1134835344394167
2025-07-22 11:35:29,944 - Mean (realized) val reward: 1.1187962759328496
2025-07-22 11:35:30,746 - Finished with epoch 20
2025-07-22 11:35:30,747 - Mean (expected) train reward: 1.076286743400181
2025-07-22 11:35:30,747 - Mean (expected) val reward: 1.0783215337242777
2025-07-22 11:35:30,851 - Mean (realized) train reward: 1.1134835344394167
2025-07-22 11:35:30,895 - Mean (realized) val reward: 1.1187962759328496
2025-07-22 11:35:31,787 - Finished with epoch 25
2025-07-22 11:35:31,788 - Mean (expected) train reward: 1.0829102208907166
2025-07-22 11:35:31,788 - Mean (expected) val reward: 1.0848322972053395
2025-07-22 11:35:31,891 - Mean (realized) train reward: 1.1134835344394167
2025-07-22 11:35:31,936 - Mean (realized) val reward: 1.1187962759328496
2025-07-22 11:35:32,745 - Finished with epoch 30
2025-07-22 11:35:32,746 - Mean (expected) train reward: 1.0892140975972575
2025-07-22 11:35:32,746 - Mean (expected) val reward: 1.0909859769804964
2025-07-22 11:35:32,849 - Mean (realized) train reward: 1.1134835344394167
2025-07-22 11:35:32,894 - Mean (realized) val reward: 1.1187962759328496
2025-07-22 11:35:33,707 - Finished with epoch 35
2025-07-22 11:35:33,708 - Mean (expected) train reward: 1.0951243834476403
2025-07-22 11:35:33,708 - Mean (expected) val reward: 1.0967063862669548
2025-07-22 11:35:33,811 - Mean (realized) train reward: 1.1134835344394167
2025-07-22 11:35:33,855 - Mean (realized) val reward: 1.1187962759328496
2025-07-22 11:35:34,670 - Finished with epoch 40
2025-07-22 11:35:34,671 - Mean (expected) train reward: 1.1005495228711468
2025-07-22 11:35:34,671 - Mean (expected) val reward: 1.1019094067824855
2025-07-22 11:35:34,775 - Mean (realized) train reward: 1.1134835344394167
2025-07-22 11:35:34,819 - Mean (realized) val reward: 1.1187962759328496
2025-07-22 11:35:35,621 - Finished with epoch 45
2025-07-22 11:35:35,623 - Mean (expected) train reward: 1.1056573000239502
2025-07-22 11:35:35,623 - Mean (expected) val reward: 1.1067745698729652
2025-07-22 11:35:35,726 - Mean (realized) train reward: 1.1134835344394167
2025-07-22 11:35:35,771 - Mean (realized) val reward: 1.1187962759328496
2025-07-22 11:35:36,592 - Finished with epoch 50
2025-07-22 11:35:36,593 - Mean (expected) train reward: 1.1104459655244052
2025-07-22 11:35:36,593 - Mean (expected) val reward: 1.1112928454327986
2025-07-22 11:35:36,696 - Mean (realized) train reward: 1.233503016591252
2025-07-22 11:35:36,740 - Mean (realized) val reward: 1.2333040099699435
2025-07-22 11:35:36,741 - Starting trial 13
2025-07-22 11:35:36,756 - Train TB proportion: 0.016999748617395675
2025-07-22 11:35:36,756 - Val TB proportion: 0.01708085917454732
2025-07-22 11:35:36,775 - Train cohort size: 31824
2025-07-22 11:35:36,775 - Validation cohort size: 13641
2025-07-22 11:35:36,787 - Running experiment for setting={'TP_reward': 65.5}
2025-07-22 11:35:38,975 - {'num_epochs': 50, 'optimizer': 'adam', 'lr': 0.0001, 'reg_type': 'l2', 'lambda_reg': 0}
2025-07-22 11:35:39,755 - Finished with epoch 5
2025-07-22 11:35:39,756 - Mean (expected) train reward: 1.0615114087370952
2025-07-22 11:35:39,756 - Mean (expected) val reward: 1.0650121360420788
2025-07-22 11:35:39,855 - Mean (realized) train reward: 1.0941113624937155
2025-07-22 11:35:39,897 - Mean (realized) val reward: 1.1123817901913349
2025-07-22 11:35:40,701 - Finished with epoch 10
2025-07-22 11:35:40,703 - Mean (expected) train reward: 1.0688411087610572
2025-07-22 11:35:40,703 - Mean (expected) val reward: 1.0712937795329798
2025-07-22 11:35:40,802 - Mean (realized) train reward: 1.0954939668174963
2025-07-22 11:35:40,846 - Mean (realized) val reward: 1.1134081079099774
2025-07-22 11:35:41,656 - Finished with epoch 15
2025-07-22 11:35:41,657 - Mean (expected) train reward: 1.0758667655065357
2025-07-22 11:35:41,657 - Mean (expected) val reward: 1.0773399758134434
2025-07-22 11:35:41,760 - Mean (realized) train reward: 1.0956510809451987
2025-07-22 11:35:41,804 - Mean (realized) val reward: 1.1136280331354007
2025-07-22 11:35:42,637 - Finished with epoch 20
2025-07-22 11:35:42,638 - Mean (expected) train reward: 1.0826517966992182
2025-07-22 11:35:42,638 - Mean (expected) val reward: 1.0832288429260115
2025-07-22 11:35:42,740 - Mean (realized) train reward: 1.0965937657114129
2025-07-22 11:35:42,785 - Mean (realized) val reward: 1.1153874349387876
2025-07-22 11:35:43,623 - Finished with epoch 25
2025-07-22 11:35:43,624 - Mean (expected) train reward: 1.089124145792107
2025-07-22 11:35:43,624 - Mean (expected) val reward: 1.0888562572060525
2025-07-22 11:35:43,725 - Mean (realized) train reward: 1.1146776018099547
2025-07-22 11:35:43,769 - Mean (realized) val reward: 1.1288395278938494
2025-07-22 11:35:44,700 - Finished with epoch 30
2025-07-22 11:35:44,702 - Mean (expected) train reward: 1.0950698829899823
2025-07-22 11:35:44,702 - Mean (expected) val reward: 1.094056092867923
2025-07-22 11:35:44,845 - Mean (realized) train reward: 1.1158716691804926
2025-07-22 11:35:44,935 - Mean (realized) val reward: 1.1297192287955429
2025-07-22 11:35:46,333 - Finished with epoch 35
2025-07-22 11:35:46,335 - Mean (expected) train reward: 1.100677636413858
2025-07-22 11:35:46,335 - Mean (expected) val reward: 1.0990042339189208
2025-07-22 11:35:46,457 - Mean (realized) train reward: 1.1146618903971846
2025-07-22 11:35:46,512 - Mean (realized) val reward: 1.131038780148083
2025-07-22 11:35:47,516 - Finished with epoch 40
2025-07-22 11:35:47,517 - Mean (expected) train reward: 1.1057942954183295
2025-07-22 11:35:47,517 - Mean (expected) val reward: 1.1035552447412285
2025-07-22 11:35:47,623 - Mean (realized) train reward: 1.1157931121166416
2025-07-22 11:35:47,670 - Mean (realized) val reward: 1.1321384062751998
2025-07-22 11:35:48,534 - Finished with epoch 45
2025-07-22 11:35:48,535 - Mean (expected) train reward: 1.110541073854286
2025-07-22 11:35:48,535 - Mean (expected) val reward: 1.1077944804972943
2025-07-22 11:35:48,646 - Mean (realized) train reward: 1.114426219205631
2025-07-22 11:35:48,693 - Mean (realized) val reward: 1.1325782567260465
2025-07-22 11:35:49,555 - Finished with epoch 50
2025-07-22 11:35:49,557 - Mean (expected) train reward: 1.1149215065298697
2025-07-22 11:35:49,557 - Mean (expected) val reward: 1.1117451755496144
2025-07-22 11:35:49,668 - Mean (realized) train reward: 1.2429141528406233
2025-07-22 11:35:49,716 - Mean (realized) val reward: 1.222344402903013
2025-07-22 11:35:49,717 - Starting trial 14
2025-07-22 11:35:49,737 - Train TB proportion: 0.016999748617395675
2025-07-22 11:35:49,737 - Val TB proportion: 0.01708085917454732
2025-07-22 11:35:49,757 - Train cohort size: 31824
2025-07-22 11:35:49,758 - Validation cohort size: 13641
2025-07-22 11:35:49,774 - Running experiment for setting={'TP_reward': 65.5}
2025-07-22 11:35:52,260 - {'num_epochs': 50, 'optimizer': 'adam', 'lr': 0.0001, 'reg_type': 'l2', 'lambda_reg': 0}
2025-07-22 11:35:53,063 - Finished with epoch 5
2025-07-22 11:35:53,064 - Mean (expected) train reward: 1.052346894318072
2025-07-22 11:35:53,064 - Mean (expected) val reward: 1.0542103919598567
2025-07-22 11:35:53,167 - Mean (realized) train reward: 1.193077551533434
2025-07-22 11:35:53,215 - Mean (realized) val reward: 1.228978813869951
2025-07-22 11:35:54,058 - Finished with epoch 10
2025-07-22 11:35:54,059 - Mean (expected) train reward: 1.0612680335979123
2025-07-22 11:35:54,059 - Mean (expected) val reward: 1.0640736928545707
2025-07-22 11:35:54,161 - Mean (realized) train reward: 1.1054078682755153
2025-07-22 11:35:54,205 - Mean (realized) val reward: 1.0990763140532218
2025-07-22 11:35:55,049 - Finished with epoch 15
2025-07-22 11:35:55,050 - Mean (expected) train reward: 1.0691421416973486
2025-07-22 11:35:55,050 - Mean (expected) val reward: 1.0729032896776438
2025-07-22 11:35:55,152 - Mean (realized) train reward: 1.1012914781297134
2025-07-22 11:35:55,197 - Mean (realized) val reward: 1.101055641082032
2025-07-22 11:35:56,059 - Finished with epoch 20
2025-07-22 11:35:56,060 - Mean (expected) train reward: 1.0761348360469551
2025-07-22 11:35:56,061 - Mean (expected) val reward: 1.08085995779063
2025-07-22 11:35:56,164 - Mean (realized) train reward: 1.099343262946204
2025-07-22 11:35:56,209 - Mean (realized) val reward: 1.0994428560955942
2025-07-22 11:35:57,074 - Finished with epoch 25
2025-07-22 11:35:57,075 - Mean (expected) train reward: 1.0824512298635167
2025-07-22 11:35:57,076 - Mean (expected) val reward: 1.0881550806125897
2025-07-22 11:35:57,178 - Mean (realized) train reward: 1.0990918803418803
2025-07-22 11:35:57,224 - Mean (realized) val reward: 1.0993695476871197
2025-07-22 11:35:58,083 - Finished with epoch 30
2025-07-22 11:35:58,085 - Mean (expected) train reward: 1.0883015167912071
2025-07-22 11:35:58,085 - Mean (expected) val reward: 1.0950001651818133
2025-07-22 11:35:58,190 - Mean (realized) train reward: 1.1134835344394167
2025-07-22 11:35:58,236 - Mean (realized) val reward: 1.1187962759328496
2025-07-22 11:35:59,084 - Finished with epoch 35
2025-07-22 11:35:59,085 - Mean (expected) train reward: 1.093542202139604
2025-07-22 11:35:59,085 - Mean (expected) val reward: 1.1012195456508413
2025-07-22 11:35:59,191 - Mean (realized) train reward: 1.1134835344394167
2025-07-22 11:35:59,236 - Mean (realized) val reward: 1.1187962759328496
2025-07-22 11:36:00,094 - Finished with epoch 40
2025-07-22 11:36:00,097 - Mean (expected) train reward: 1.09847984808418
2025-07-22 11:36:00,098 - Mean (expected) val reward: 1.1071368942422153
2025-07-22 11:36:00,204 - Mean (realized) train reward: 1.1134835344394167
2025-07-22 11:36:00,249 - Mean (realized) val reward: 1.1187962759328496
2025-07-22 11:36:01,222 - Finished with epoch 45
2025-07-22 11:36:01,224 - Mean (expected) train reward: 1.1029299019651873
2025-07-22 11:36:01,224 - Mean (expected) val reward: 1.1125356359438028
2025-07-22 11:36:01,331 - Mean (realized) train reward: 1.1134835344394167
2025-07-22 11:36:01,377 - Mean (realized) val reward: 1.1187962759328496
2025-07-22 11:36:02,258 - Finished with epoch 50
2025-07-22 11:36:02,259 - Mean (expected) train reward: 1.1070718152004646
2025-07-22 11:36:02,259 - Mean (expected) val reward: 1.1176151189526786
2025-07-22 11:36:02,367 - Mean (realized) train reward: 1.1134835344394167
2025-07-22 11:36:02,413 - Mean (realized) val reward: 1.1187962759328496
2025-07-22 11:36:02,416 - Starting trial 15
2025-07-22 11:36:02,436 - Train TB proportion: 0.016999748617395675
2025-07-22 11:36:02,436 - Val TB proportion: 0.01708085917454732
2025-07-22 11:36:02,457 - Train cohort size: 31824
2025-07-22 11:36:02,457 - Validation cohort size: 13641
2025-07-22 11:36:02,471 - Running experiment for setting={'TP_reward': 65.5}
2025-07-22 11:36:04,782 - {'num_epochs': 50, 'optimizer': 'adam', 'lr': 0.0001, 'reg_type': 'l2', 'lambda_reg': 0}
2025-07-22 11:36:05,612 - Finished with epoch 5
2025-07-22 11:36:05,613 - Mean (expected) train reward: 1.0493910715710644
2025-07-22 11:36:05,614 - Mean (expected) val reward: 1.055633126900663
2025-07-22 11:36:05,719 - Mean (realized) train reward: 1.1088800904977376
2025-07-22 11:36:05,765 - Mean (realized) val reward: 1.1202990983065757
2025-07-22 11:36:06,630 - Finished with epoch 10
2025-07-22 11:36:06,631 - Mean (expected) train reward: 1.0552912916666923
2025-07-22 11:36:06,631 - Mean (expected) val reward: 1.0595965754617895
2025-07-22 11:36:06,736 - Mean (realized) train reward: 1.1095399698340875
2025-07-22 11:36:06,782 - Mean (realized) val reward: 1.1160838648192948
2025-07-22 11:36:07,675 - Finished with epoch 15
2025-07-22 11:36:07,676 - Mean (expected) train reward: 1.0620239553509525
2025-07-22 11:36:07,677 - Mean (expected) val reward: 1.0644070160106238
2025-07-22 11:36:07,783 - Mean (realized) train reward: 1.1102626948215184
2025-07-22 11:36:07,829 - Mean (realized) val reward: 1.1169635657209882
2025-07-22 11:36:08,710 - Finished with epoch 20
2025-07-22 11:36:08,712 - Mean (expected) train reward: 1.0691586807370186
2025-07-22 11:36:08,712 - Mean (expected) val reward: 1.069656587184048
2025-07-22 11:36:08,820 - Mean (realized) train reward: 1.1062091503267975
2025-07-22 11:36:08,866 - Mean (realized) val reward: 1.1219851917014882
2025-07-22 11:36:09,745 - Finished with epoch 25
2025-07-22 11:36:09,746 - Mean (expected) train reward: 1.0764154650457296
2025-07-22 11:36:09,746 - Mean (expected) val reward: 1.075037916009792
2025-07-22 11:36:09,853 - Mean (realized) train reward: 1.106979009552539
2025-07-22 11:36:09,899 - Mean (realized) val reward: 1.1289861447107983
2025-07-22 11:36:10,777 - Finished with epoch 30
2025-07-22 11:36:10,779 - Mean (expected) train reward: 1.0833743315580118
2025-07-22 11:36:10,779 - Mean (expected) val reward: 1.0802007091485828
2025-07-22 11:36:10,913 - Mean (realized) train reward: 1.1094771241830066
2025-07-22 11:36:10,991 - Mean (realized) val reward: 1.129572611978594
2025-07-22 11:36:11,953 - Finished with epoch 35
2025-07-22 11:36:11,955 - Mean (expected) train reward: 1.0900800052071304
2025-07-22 11:36:11,955 - Mean (expected) val reward: 1.0851568029103116
2025-07-22 11:36:12,068 - Mean (realized) train reward: 1.1095399698340875
2025-07-22 11:36:12,115 - Mean (realized) val reward: 1.129572611978594
2025-07-22 11:36:13,017 - Finished with epoch 40
2025-07-22 11:36:13,019 - Mean (expected) train reward: 1.096450342598913
2025-07-22 11:36:13,019 - Mean (expected) val reward: 1.0898362683204252
2025-07-22 11:36:13,131 - Mean (realized) train reward: 1.1123994469582705
2025-07-22 11:36:13,180 - Mean (realized) val reward: 1.131845172641302
2025-07-22 11:36:14,128 - Finished with epoch 45
2025-07-22 11:36:14,129 - Mean (expected) train reward: 1.102505624863891
2025-07-22 11:36:14,129 - Mean (expected) val reward: 1.0942470664496418
2025-07-22 11:36:14,243 - Mean (realized) train reward: 1.1118181246857717
2025-07-22 11:36:14,292 - Mean (realized) val reward: 1.1330181071768932
2025-07-22 11:36:15,202 - Finished with epoch 50
2025-07-22 11:36:15,203 - Mean (expected) train reward: 1.1081899201208065
2025-07-22 11:36:15,203 - Mean (expected) val reward: 1.098343986799667
2025-07-22 11:36:15,316 - Mean (realized) train reward: 1.1125879839115134
2025-07-22 11:36:15,366 - Mean (realized) val reward: 1.1360237519243457
2025-07-22 11:36:15,368 - Starting trial 16
2025-07-22 11:36:15,389 - Train TB proportion: 0.016999748617395675
2025-07-22 11:36:15,389 - Val TB proportion: 0.01708085917454732
2025-07-22 11:36:15,410 - Train cohort size: 31824
2025-07-22 11:36:15,410 - Validation cohort size: 13641
2025-07-22 11:36:15,424 - Running experiment for setting={'TP_reward': 65.5}
2025-07-22 11:36:17,666 - {'num_epochs': 50, 'optimizer': 'adam', 'lr': 0.0001, 'reg_type': 'l2', 'lambda_reg': 0}
2025-07-22 11:36:18,480 - Finished with epoch 5
2025-07-22 11:36:18,482 - Mean (expected) train reward: 1.0454042440087405
2025-07-22 11:36:18,482 - Mean (expected) val reward: 1.048941432289273
2025-07-22 11:36:18,590 - Mean (realized) train reward: 0.915158371040724
2025-07-22 11:36:18,636 - Mean (realized) val reward: 1.005864672677956
2025-07-22 11:36:19,526 - Finished with epoch 10
2025-07-22 11:36:19,527 - Mean (expected) train reward: 1.055594485424002
2025-07-22 11:36:19,527 - Mean (expected) val reward: 1.058084380207423
2025-07-22 11:36:19,646 - Mean (realized) train reward: 1.080253896430367
2025-07-22 11:36:19,693 - Mean (realized) val reward: 1.109962612711678
2025-07-22 11:36:20,721 - Finished with epoch 15
2025-07-22 11:36:20,722 - Mean (expected) train reward: 1.0646849510017848
2025-07-22 11:36:20,723 - Mean (expected) val reward: 1.0661483272930874
2025-07-22 11:36:20,850 - Mean (realized) train reward: 1.1082359225741578
2025-07-22 11:36:20,898 - Mean (realized) val reward: 1.097793416904919
2025-07-22 11:36:21,805 - Finished with epoch 20
2025-07-22 11:36:21,806 - Mean (expected) train reward: 1.072824417720673
2025-07-22 11:36:21,806 - Mean (expected) val reward: 1.0732847215597794
2025-07-22 11:36:21,918 - Mean (realized) train reward: 1.1069004524886878
2025-07-22 11:36:21,966 - Mean (realized) val reward: 1.1000293233633898
2025-07-22 11:36:22,947 - Finished with epoch 25
2025-07-22 11:36:22,948 - Mean (expected) train reward: 1.0802834127571241
2025-07-22 11:36:22,948 - Mean (expected) val reward: 1.0797785460560057
2025-07-22 11:36:23,062 - Mean (realized) train reward: 1.1051721970839619
2025-07-22 11:36:23,111 - Mean (realized) val reward: 1.0980866505388167
2025-07-22 11:36:24,052 - Finished with epoch 30
2025-07-22 11:36:24,054 - Mean (expected) train reward: 1.087138557782731
2025-07-22 11:36:24,054 - Mean (expected) val reward: 1.0857283338171393
2025-07-22 11:36:24,169 - Mean (realized) train reward: 1.1050150829562595
2025-07-22 11:36:24,218 - Mean (realized) val reward: 1.0979400337218679
2025-07-22 11:36:25,155 - Finished with epoch 35
2025-07-22 11:36:25,156 - Mean (expected) train reward: 1.093442760665923
2025-07-22 11:36:25,156 - Mean (expected) val reward: 1.0911876439991415
2025-07-22 11:36:25,270 - Mean (realized) train reward: 1.1049522373051786
2025-07-22 11:36:25,320 - Mean (realized) val reward: 1.0979400337218679
2025-07-22 11:36:26,271 - Finished with epoch 40
2025-07-22 11:36:26,272 - Mean (expected) train reward: 1.099238470762588
2025-07-22 11:36:26,272 - Mean (expected) val reward: 1.0961872710690768
2025-07-22 11:36:26,387 - Mean (realized) train reward: 1.104920814479638
2025-07-22 11:36:26,436 - Mean (realized) val reward: 1.097793416904919
2025-07-22 11:36:27,381 - Finished with epoch 45
2025-07-22 11:36:27,382 - Mean (expected) train reward: 1.104667666139687
2025-07-22 11:36:27,382 - Mean (expected) val reward: 1.100877444280919
2025-07-22 11:36:27,499 - Mean (realized) train reward: 1.1048579688285571
2025-07-22 11:36:27,549 - Mean (realized) val reward: 1.0922952862693351
2025-07-22 11:36:28,484 - Finished with epoch 50
2025-07-22 11:36:28,485 - Mean (expected) train reward: 1.1096027735098652
2025-07-22 11:36:28,486 - Mean (expected) val reward: 1.1051130504220052
2025-07-22 11:36:28,602 - Mean (realized) train reward: 1.1061463046757165
2025-07-22 11:36:28,651 - Mean (realized) val reward: 1.0932116413752657
2025-07-22 11:36:28,653 - Starting trial 17
2025-07-22 11:36:28,692 - Train TB proportion: 0.016999748617395675
2025-07-22 11:36:28,693 - Val TB proportion: 0.01708085917454732
2025-07-22 11:36:28,718 - Train cohort size: 31824
2025-07-22 11:36:28,718 - Validation cohort size: 13641
2025-07-22 11:36:28,734 - Running experiment for setting={'TP_reward': 65.5}
2025-07-22 11:36:31,080 - {'num_epochs': 50, 'optimizer': 'adam', 'lr': 0.0001, 'reg_type': 'l2', 'lambda_reg': 0}
2025-07-22 11:36:31,912 - Finished with epoch 5
2025-07-22 11:36:31,914 - Mean (expected) train reward: 1.066958483973918
2025-07-22 11:36:31,914 - Mean (expected) val reward: 1.067263812424238
2025-07-22 11:36:32,026 - Mean (realized) train reward: 1.201200351935646
2025-07-22 11:36:32,075 - Mean (realized) val reward: 1.1986291327615277
2025-07-22 11:36:33,075 - Finished with epoch 10
2025-07-22 11:36:33,080 - Mean (expected) train reward: 1.0758842099921533
2025-07-22 11:36:33,080 - Mean (expected) val reward: 1.0760587369455776
2025-07-22 11:36:33,193 - Mean (realized) train reward: 1.207579185520362
2025-07-22 11:36:33,242 - Mean (realized) val reward: 1.2226376365369107
2025-07-22 11:36:34,166 - Finished with epoch 15
2025-07-22 11:36:34,167 - Mean (expected) train reward: 1.0835065287170307
2025-07-22 11:36:34,168 - Mean (expected) val reward: 1.0835033757478976
2025-07-22 11:36:34,283 - Mean (realized) train reward: 1.10039592760181
2025-07-22 11:36:34,331 - Mean (realized) val reward: 1.0906091928744226
2025-07-22 11:36:35,294 - Finished with epoch 20
2025-07-22 11:36:35,295 - Mean (expected) train reward: 1.0899617291559442
2025-07-22 11:36:35,295 - Mean (expected) val reward: 1.089755176846805
2025-07-22 11:36:35,408 - Mean (realized) train reward: 1.1236331070889893
2025-07-22 11:36:35,458 - Mean (realized) val reward: 1.1014221831244044
2025-07-22 11:36:36,455 - Finished with epoch 25
2025-07-22 11:36:36,456 - Mean (expected) train reward: 1.0958965824368654
2025-07-22 11:36:36,457 - Mean (expected) val reward: 1.0954771840913617
2025-07-22 11:36:36,575 - Mean (realized) train reward: 1.1239159125188536
2025-07-22 11:36:36,627 - Mean (realized) val reward: 1.1065904259218533
2025-07-22 11:36:37,589 - Finished with epoch 30
2025-07-22 11:36:37,590 - Mean (expected) train reward: 1.101111521432621
2025-07-22 11:36:37,591 - Mean (expected) val reward: 1.1004734242139835
2025-07-22 11:36:37,711 - Mean (realized) train reward: 1.1231146304675717
2025-07-22 11:36:37,762 - Mean (realized) val reward: 1.1079832856828677
2025-07-22 11:36:38,728 - Finished with epoch 35
2025-07-22 11:36:38,729 - Mean (expected) train reward: 1.1059147384375438
2025-07-22 11:36:38,729 - Mean (expected) val reward: 1.1050862761428892
2025-07-22 11:36:38,850 - Mean (realized) train reward: 1.1266182755153344
2025-07-22 11:36:38,901 - Mean (realized) val reward: 1.1194927058133568
2025-07-22 11:36:39,859 - Finished with epoch 40
2025-07-22 11:36:39,860 - Mean (expected) train reward: 1.1102336476570536
2025-07-22 11:36:39,860 - Mean (expected) val reward: 1.1092303826283647
2025-07-22 11:36:39,981 - Mean (realized) train reward: 1.1236959527400703
2025-07-22 11:36:40,032 - Mean (realized) val reward: 1.120812257165897
2025-07-22 11:36:40,991 - Finished with epoch 45
2025-07-22 11:36:40,992 - Mean (expected) train reward: 1.114204720962023
2025-07-22 11:36:40,992 - Mean (expected) val reward: 1.1130590965725156
2025-07-22 11:36:41,113 - Mean (realized) train reward: 1.236378205128205
2025-07-22 11:36:41,166 - Mean (realized) val reward: 1.253976981159739
2025-07-22 11:36:42,157 - Finished with epoch 50
2025-07-22 11:36:42,158 - Mean (expected) train reward: 1.1177950199256108
2025-07-22 11:36:42,158 - Mean (expected) val reward: 1.1165230106536432
2025-07-22 11:36:42,280 - Mean (realized) train reward: 1.2386720713926596
2025-07-22 11:36:42,333 - Mean (realized) val reward: 1.2566160838648193
2025-07-22 11:36:42,334 - Starting trial 18
2025-07-22 11:36:42,356 - Train TB proportion: 0.016999748617395675
2025-07-22 11:36:42,356 - Val TB proportion: 0.01708085917454732
2025-07-22 11:36:42,379 - Train cohort size: 31824
2025-07-22 11:36:42,379 - Validation cohort size: 13641
2025-07-22 11:36:42,393 - Running experiment for setting={'TP_reward': 65.5}
2025-07-22 11:36:44,684 - {'num_epochs': 50, 'optimizer': 'adam', 'lr': 0.0001, 'reg_type': 'l2', 'lambda_reg': 0}
2025-07-22 11:36:45,539 - Finished with epoch 5
2025-07-22 11:36:45,541 - Mean (expected) train reward: 1.0591800663954554
2025-07-22 11:36:45,541 - Mean (expected) val reward: 1.0599154905680905
2025-07-22 11:36:45,657 - Mean (realized) train reward: 1.091628959276018
2025-07-22 11:36:45,707 - Mean (realized) val reward: 1.0808958287515578
2025-07-22 11:36:46,654 - Finished with epoch 10
2025-07-22 11:36:46,655 - Mean (expected) train reward: 1.065540558830383
2025-07-22 11:36:46,655 - Mean (expected) val reward: 1.0677173889495613
2025-07-22 11:36:46,774 - Mean (realized) train reward: 1.0956196581196582
2025-07-22 11:36:46,825 - Mean (realized) val reward: 1.0855509126896854
2025-07-22 11:36:47,782 - Finished with epoch 15
2025-07-22 11:36:47,783 - Mean (expected) train reward: 1.0716834682999334
2025-07-22 11:36:47,783 - Mean (expected) val reward: 1.0752888383421237
2025-07-22 11:36:47,901 - Mean (realized) train reward: 1.0956196581196582
2025-07-22 11:36:47,952 - Mean (realized) val reward: 1.0902793050362876
2025-07-22 11:36:48,901 - Finished with epoch 20
2025-07-22 11:36:48,902 - Mean (expected) train reward: 1.0774940801545596
2025-07-22 11:36:48,903 - Mean (expected) val reward: 1.0824891591780381
2025-07-22 11:36:49,022 - Mean (realized) train reward: 1.097677853192559
2025-07-22 11:36:49,073 - Mean (realized) val reward: 1.0902793050362876
2025-07-22 11:36:50,023 - Finished with epoch 25
2025-07-22 11:36:50,024 - Mean (expected) train reward: 1.0830629177601299
2025-07-22 11:36:50,024 - Mean (expected) val reward: 1.0894267694998256
2025-07-22 11:36:50,142 - Mean (realized) train reward: 1.1056278280542986
2025-07-22 11:36:50,194 - Mean (realized) val reward: 1.1046844073015174
2025-07-22 11:36:51,147 - Finished with epoch 30
2025-07-22 11:36:51,148 - Mean (expected) train reward: 1.0883153278866193
2025-07-22 11:36:51,148 - Mean (expected) val reward: 1.0960041121687238
2025-07-22 11:36:51,267 - Mean (realized) train reward: 1.1134835344394167
2025-07-22 11:36:51,319 - Mean (realized) val reward: 1.1187962759328496
2025-07-22 11:36:52,282 - Finished with epoch 35
2025-07-22 11:36:52,283 - Mean (expected) train reward: 1.0932127235353353
2025-07-22 11:36:52,283 - Mean (expected) val reward: 1.1021754727232893
2025-07-22 11:36:52,403 - Mean (realized) train reward: 1.1134835344394167
2025-07-22 11:36:52,454 - Mean (realized) val reward: 1.1187962759328496
2025-07-22 11:36:53,407 - Finished with epoch 40
2025-07-22 11:36:53,408 - Mean (expected) train reward: 1.0977295413229364
2025-07-22 11:36:53,408 - Mean (expected) val reward: 1.1078939775870558
2025-07-22 11:36:53,529 - Mean (realized) train reward: 1.1134835344394167
2025-07-22 11:36:53,580 - Mean (realized) val reward: 1.1187962759328496
2025-07-22 11:36:54,539 - Finished with epoch 45
2025-07-22 11:36:54,540 - Mean (expected) train reward: 1.1019172588111144
2025-07-22 11:36:54,540 - Mean (expected) val reward: 1.1132283616748497
2025-07-22 11:36:54,659 - Mean (realized) train reward: 1.1134835344394167
2025-07-22 11:36:54,711 - Mean (realized) val reward: 1.1187962759328496
2025-07-22 11:36:55,683 - Finished with epoch 50
2025-07-22 11:36:55,684 - Mean (expected) train reward: 1.105793203767801
2025-07-22 11:36:55,685 - Mean (expected) val reward: 1.1181767601917176
2025-07-22 11:36:55,805 - Mean (realized) train reward: 1.1134835344394167
2025-07-22 11:36:55,857 - Mean (realized) val reward: 1.1187962759328496
2025-07-22 11:36:55,858 - Starting trial 19
2025-07-22 11:36:55,876 - Train TB proportion: 0.016999748617395675
2025-07-22 11:36:55,876 - Val TB proportion: 0.01708085917454732
2025-07-22 11:36:55,898 - Train cohort size: 31824
2025-07-22 11:36:55,898 - Validation cohort size: 13641
2025-07-22 11:36:55,913 - Running experiment for setting={'TP_reward': 65.5}
2025-07-22 11:36:58,242 - {'num_epochs': 50, 'optimizer': 'adam', 'lr': 0.0001, 'reg_type': 'l2', 'lambda_reg': 0}
2025-07-22 11:36:59,097 - Finished with epoch 5
2025-07-22 11:36:59,098 - Mean (expected) train reward: 1.0560079422714297
2025-07-22 11:36:59,098 - Mean (expected) val reward: 1.0537399031977248
2025-07-22 11:36:59,216 - Mean (realized) train reward: 1.187437154348919
2025-07-22 11:36:59,268 - Mean (realized) val reward: 1.1372699948684115
2025-07-22 11:37:00,290 - Finished with epoch 10
2025-07-22 11:37:00,291 - Mean (expected) train reward: 1.0655551536093935
2025-07-22 11:37:00,292 - Mean (expected) val reward: 1.063471152667347
2025-07-22 11:37:00,412 - Mean (realized) train reward: 1.2310834590246356
2025-07-22 11:37:00,463 - Mean (realized) val reward: 1.1946338244996701
2025-07-22 11:37:01,455 - Finished with epoch 15
2025-07-22 11:37:01,456 - Mean (expected) train reward: 1.0738434914640929
2025-07-22 11:37:01,456 - Mean (expected) val reward: 1.0719027374092414
2025-07-22 11:37:01,580 - Mean (realized) train reward: 1.1161858974358974
2025-07-22 11:37:01,632 - Mean (realized) val reward: 1.0615424089143024
2025-07-22 11:37:02,609 - Finished with epoch 20
2025-07-22 11:37:02,611 - Mean (expected) train reward: 1.0813258500908332
2025-07-22 11:37:02,611 - Mean (expected) val reward: 1.0794178277721644
2025-07-22 11:37:02,733 - Mean (realized) train reward: 1.1151960784313726
2025-07-22 11:37:02,792 - Mean (realized) val reward: 1.0592331940473572
2025-07-22 11:37:03,914 - Finished with epoch 25
2025-07-22 11:37:03,916 - Mean (expected) train reward: 1.0879771745042166
2025-07-22 11:37:03,916 - Mean (expected) val reward: 1.0860492300470765
2025-07-22 11:37:04,038 - Mean (realized) train reward: 1.1184797637003518
2025-07-22 11:37:04,091 - Mean (realized) val reward: 1.076204090609193
2025-07-22 11:37:05,067 - Finished with epoch 30
2025-07-22 11:37:05,069 - Mean (expected) train reward: 1.094112543072205
2025-07-22 11:37:05,069 - Mean (expected) val reward: 1.0920720660684744
2025-07-22 11:37:05,191 - Mean (realized) train reward: 1.1196738310708898
2025-07-22 11:37:05,243 - Mean (realized) val reward: 1.0772304083278352
2025-07-22 11:37:06,244 - Finished with epoch 35
2025-07-22 11:37:06,245 - Mean (expected) train reward: 1.099787850016021
2025-07-22 11:37:06,245 - Mean (expected) val reward: 1.0975719955645693
2025-07-22 11:37:06,371 - Mean (realized) train reward: 1.1207736299648063
2025-07-22 11:37:06,425 - Mean (realized) val reward: 1.0784033428634265
2025-07-22 11:37:07,406 - Finished with epoch 40
2025-07-22 11:37:07,408 - Mean (expected) train reward: 1.1049240128736046
2025-07-22 11:37:07,408 - Mean (expected) val reward: 1.1024856413078616
2025-07-22 11:37:07,533 - Mean (realized) train reward: 1.1221248114630467
2025-07-22 11:37:07,586 - Mean (realized) val reward: 1.0750678102778388
2025-07-22 11:37:08,572 - Finished with epoch 45
2025-07-22 11:37:08,574 - Mean (expected) train reward: 1.1095531041012368
2025-07-22 11:37:08,574 - Mean (expected) val reward: 1.106856949991162
2025-07-22 11:37:08,697 - Mean (realized) train reward: 1.1236331070889893
2025-07-22 11:37:08,750 - Mean (realized) val reward: 1.0718788945092002
2025-07-22 11:37:09,720 - Finished with epoch 50
2025-07-22 11:37:09,721 - Mean (expected) train reward: 1.1138284558560483
2025-07-22 11:37:09,721 - Mean (expected) val reward: 1.1108427980190874
2025-07-22 11:37:09,843 - Mean (realized) train reward: 1.2347913524384113
2025-07-22 11:37:09,897 - Mean (realized) val reward: 1.2077193754123599
2025-07-22 11:37:09,899 - Storing primary outcomes...
2025-07-22 11:37:10,031 - Storing primary outcomes...
2025-07-22 11:37:10,090 - Storing primary outcomes...
2025-07-22 11:37:10,217 - Storing primary outcomes...
2025-07-22 11:37:10,275 - Storing primary outcomes...
2025-07-22 11:37:10,403 - Storing primary outcomes...
2025-07-22 11:37:10,461 - Storing primary outcomes...
2025-07-22 11:37:10,591 - Storing primary outcomes...
2025-07-22 11:37:10,650 - Storing primary outcomes...
2025-07-22 11:37:10,780 - Storing primary outcomes...
2025-07-22 11:37:10,840 - Storing primary outcomes...
2025-07-22 11:37:11,010 - Storing primary outcomes...
2025-07-22 11:37:11,088 - Storing primary outcomes...
2025-07-22 11:37:11,222 - Storing primary outcomes...
2025-07-22 11:37:11,281 - Storing primary outcomes...
2025-07-22 11:37:11,414 - Storing primary outcomes...
2025-07-22 11:37:11,487 - Storing primary outcomes...
2025-07-22 11:37:11,655 - Storing primary outcomes...
2025-07-22 11:37:11,755 - Storing primary outcomes...
2025-07-22 11:37:11,903 - Storing primary outcomes...
2025-07-22 11:37:11,962 - Storing primary outcomes...
2025-07-22 11:37:12,096 - Storing primary outcomes...
2025-07-22 11:37:12,155 - Storing primary outcomes...
2025-07-22 11:37:12,287 - Storing primary outcomes...
2025-07-22 11:37:12,346 - Storing primary outcomes...
2025-07-22 11:37:12,477 - Storing primary outcomes...
2025-07-22 11:37:12,535 - Storing primary outcomes...
2025-07-22 11:37:12,664 - Storing primary outcomes...
2025-07-22 11:37:12,723 - Storing primary outcomes...
2025-07-22 11:37:12,851 - Storing primary outcomes...
2025-07-22 11:37:12,911 - Storing primary outcomes...
2025-07-22 11:37:13,039 - Storing primary outcomes...
2025-07-22 11:37:13,097 - Storing primary outcomes...
2025-07-22 11:37:13,225 - Storing primary outcomes...
2025-07-22 11:37:13,283 - Storing primary outcomes...
2025-07-22 11:37:13,413 - Storing primary outcomes...
2025-07-22 11:37:13,471 - Storing primary outcomes...
2025-07-22 11:37:13,602 - Storing primary outcomes...
2025-07-22 11:37:13,660 - Storing primary outcomes...
2025-07-22 11:37:13,788 - Storing primary outcomes...
2025-07-22 11:37:13,848 - Completed calculating means
2025-07-22 11:37:13,848 - Completed calculating means
