2025-07-14 14:33:30,513 - Namespace(exp_name='my_experiment', mode='direct', num_trials=20, features_path='other_data/features_vectors_formatted.csv', outcomes_path='other_data/outcomes.csv', metadata_path='other_data/metadata.csv', validate=True, test_features_path=None, test_outcomes_path=None, best_models_path=None, best_hyperparams_path=None, predictions_path=None, threshold_combos_path=None, best_thresholds_path=None, threshold_selection_config_path=None, model_params_config_path=None, reward_params_path='reward_space.json', defer=False)
2025-07-14 14:33:30,513 - Reading in data...
2025-07-14 14:33:30,579 - Train cohort size: 48765
2025-07-14 14:33:30,597 - Starting trial 0
2025-07-14 14:33:30,624 - Train cohort size: 34135
2025-07-14 14:33:30,624 - Validation cohort size: 14630
2025-07-14 14:33:30,638 - Running experiment for setting={'nothing': 0}
2025-07-14 14:33:32,851 - {'num_epochs': 50, 'optimizer': 'adam', 'lr': 0.0001, 'reg_type': 'l2', 'lambda_reg': 0}
2025-07-14 14:33:34,484 - Finished with epoch 5
2025-07-14 14:33:34,488 - Mean (expected) train reward: 0.5877339839935303
2025-07-14 14:33:34,488 - Mean (expected) val reward: 0.5877788066864014
2025-07-14 14:33:34,593 - Mean (realized) train reward: 0.9831551193789366
2025-07-14 14:33:34,638 - Mean (realized) val reward: 0.9838687628161312
2025-07-14 14:33:35,772 - Finished with epoch 10
2025-07-14 14:33:35,775 - Mean (expected) train reward: 0.6931100487709045
2025-07-14 14:33:35,776 - Mean (expected) val reward: 0.6932916641235352
2025-07-14 14:33:35,891 - Mean (realized) train reward: 0.9832430057126117
2025-07-14 14:33:35,938 - Mean (realized) val reward: 0.9839371155160629
2025-07-14 14:33:36,865 - Finished with epoch 15
2025-07-14 14:33:36,867 - Mean (expected) train reward: 0.7777256369590759
2025-07-14 14:33:36,867 - Mean (expected) val reward: 0.7780394554138184
2025-07-14 14:33:36,974 - Mean (realized) train reward: 0.9832430057126117
2025-07-14 14:33:37,021 - Mean (realized) val reward: 0.9840054682159945
2025-07-14 14:33:37,862 - Finished with epoch 20
2025-07-14 14:33:37,863 - Mean (expected) train reward: 0.8413045406341553
2025-07-14 14:33:37,864 - Mean (expected) val reward: 0.8417337536811829
2025-07-14 14:33:37,967 - Mean (realized) train reward: 0.9832430057126117
2025-07-14 14:33:38,012 - Mean (realized) val reward: 0.9840054682159945
2025-07-14 14:33:38,814 - Finished with epoch 25
2025-07-14 14:33:38,815 - Mean (expected) train reward: 0.88665372133255
2025-07-14 14:33:38,815 - Mean (expected) val reward: 0.8871769905090332
2025-07-14 14:33:38,919 - Mean (realized) train reward: 0.9832430057126117
2025-07-14 14:33:38,963 - Mean (realized) val reward: 0.9840054682159945
2025-07-14 14:33:39,759 - Finished with epoch 30
2025-07-14 14:33:39,760 - Mean (expected) train reward: 0.9177486300468445
2025-07-14 14:33:39,760 - Mean (expected) val reward: 0.9183434247970581
2025-07-14 14:33:39,864 - Mean (realized) train reward: 0.9832430057126117
2025-07-14 14:33:39,909 - Mean (realized) val reward: 0.9840054682159945
2025-07-14 14:33:40,893 - Finished with epoch 35
2025-07-14 14:33:40,894 - Mean (expected) train reward: 0.9382944107055664
2025-07-14 14:33:40,894 - Mean (expected) val reward: 0.9389401078224182
2025-07-14 14:33:41,005 - Mean (realized) train reward: 0.9832430057126117
2025-07-14 14:33:41,050 - Mean (realized) val reward: 0.9840054682159945
2025-07-14 14:33:41,843 - Finished with epoch 40
2025-07-14 14:33:41,845 - Mean (expected) train reward: 0.9512641429901123
2025-07-14 14:33:41,845 - Mean (expected) val reward: 0.9519436359405518
2025-07-14 14:33:41,948 - Mean (realized) train reward: 0.9832430057126117
2025-07-14 14:33:41,992 - Mean (realized) val reward: 0.9840054682159945
2025-07-14 14:33:42,928 - Finished with epoch 45
2025-07-14 14:33:42,933 - Mean (expected) train reward: 0.9588315486907959
2025-07-14 14:33:42,933 - Mean (expected) val reward: 0.9595314860343933
2025-07-14 14:33:43,037 - Mean (realized) train reward: 0.9832430057126117
2025-07-14 14:33:43,081 - Mean (realized) val reward: 0.9840054682159945
2025-07-14 14:33:43,924 - Finished with epoch 50
2025-07-14 14:33:43,925 - Mean (expected) train reward: 0.9627659320831299
2025-07-14 14:33:43,925 - Mean (expected) val reward: 0.9634767174720764
2025-07-14 14:33:44,032 - Mean (realized) train reward: 0.9832430057126117
2025-07-14 14:33:44,077 - Mean (realized) val reward: 0.9840054682159945
2025-07-14 14:33:44,084 - Starting trial 1
2025-07-14 14:33:44,118 - Train cohort size: 34135
2025-07-14 14:33:44,118 - Validation cohort size: 14630
2025-07-14 14:33:44,132 - Running experiment for setting={'nothing': 0}
2025-07-14 14:33:46,837 - {'num_epochs': 50, 'optimizer': 'adam', 'lr': 0.0001, 'reg_type': 'l2', 'lambda_reg': 0}
2025-07-14 14:33:47,656 - Finished with epoch 5
2025-07-14 14:33:47,657 - Mean (expected) train reward: 0.5828878879547119
2025-07-14 14:33:47,657 - Mean (expected) val reward: 0.5829933285713196
2025-07-14 14:33:47,762 - Mean (realized) train reward: 0.9829793467115864
2025-07-14 14:33:47,806 - Mean (realized) val reward: 0.983321941216678
2025-07-14 14:33:48,609 - Finished with epoch 10
2025-07-14 14:33:48,610 - Mean (expected) train reward: 0.6889404058456421
2025-07-14 14:33:48,611 - Mean (expected) val reward: 0.6891496181488037
2025-07-14 14:33:48,713 - Mean (realized) train reward: 0.9833308920462868
2025-07-14 14:33:48,757 - Mean (realized) val reward: 0.9838004101161996
2025-07-14 14:33:49,553 - Finished with epoch 15
2025-07-14 14:33:49,554 - Mean (expected) train reward: 0.774466335773468
2025-07-14 14:33:49,555 - Mean (expected) val reward: 0.7747552394866943
2025-07-14 14:33:49,656 - Mean (realized) train reward: 0.9833308920462868
2025-07-14 14:33:49,700 - Mean (realized) val reward: 0.9838004101161996
2025-07-14 14:33:50,504 - Finished with epoch 20
2025-07-14 14:33:50,505 - Mean (expected) train reward: 0.8389567732810974
2025-07-14 14:33:50,505 - Mean (expected) val reward: 0.8393027782440186
2025-07-14 14:33:50,608 - Mean (realized) train reward: 0.9833308920462868
2025-07-14 14:33:50,653 - Mean (realized) val reward: 0.9838004101161996
2025-07-14 14:33:51,446 - Finished with epoch 25
2025-07-14 14:33:51,447 - Mean (expected) train reward: 0.8850404620170593
2025-07-14 14:33:51,448 - Mean (expected) val reward: 0.8854249715805054
2025-07-14 14:33:51,551 - Mean (realized) train reward: 0.9833308920462868
2025-07-14 14:33:51,596 - Mean (realized) val reward: 0.9838004101161996
2025-07-14 14:33:52,402 - Finished with epoch 30
2025-07-14 14:33:52,403 - Mean (expected) train reward: 0.9167096018791199
2025-07-14 14:33:52,403 - Mean (expected) val reward: 0.9171199202537537
2025-07-14 14:33:52,507 - Mean (realized) train reward: 0.9833308920462868
2025-07-14 14:33:52,551 - Mean (realized) val reward: 0.9838004101161996
2025-07-14 14:33:53,362 - Finished with epoch 35
2025-07-14 14:33:53,363 - Mean (expected) train reward: 0.9377115368843079
2025-07-14 14:33:53,363 - Mean (expected) val reward: 0.9381392002105713
2025-07-14 14:33:53,467 - Mean (realized) train reward: 0.9833308920462868
2025-07-14 14:33:53,513 - Mean (realized) val reward: 0.9838004101161996
2025-07-14 14:33:54,325 - Finished with epoch 40
2025-07-14 14:33:54,326 - Mean (expected) train reward: 0.950981080532074
2025-07-14 14:33:54,326 - Mean (expected) val reward: 0.9514197707176208
2025-07-14 14:33:54,428 - Mean (realized) train reward: 0.9833308920462868
2025-07-14 14:33:54,473 - Mean (realized) val reward: 0.9838004101161996
2025-07-14 14:33:55,280 - Finished with epoch 45
2025-07-14 14:33:55,281 - Mean (expected) train reward: 0.9587278366088867
2025-07-14 14:33:55,281 - Mean (expected) val reward: 0.9591730833053589
2025-07-14 14:33:55,385 - Mean (realized) train reward: 0.9833308920462868
2025-07-14 14:33:55,429 - Mean (realized) val reward: 0.9838004101161996
2025-07-14 14:33:56,230 - Finished with epoch 50
2025-07-14 14:33:56,231 - Mean (expected) train reward: 0.9627953767776489
2025-07-14 14:33:56,231 - Mean (expected) val reward: 0.963243842124939
2025-07-14 14:33:56,333 - Mean (realized) train reward: 0.9833308920462868
2025-07-14 14:33:56,377 - Mean (realized) val reward: 0.9838004101161996
2025-07-14 14:33:56,379 - Starting trial 2
2025-07-14 14:33:56,404 - Train cohort size: 34135
2025-07-14 14:33:56,404 - Validation cohort size: 14630
2025-07-14 14:33:56,418 - Running experiment for setting={'nothing': 0}
2025-07-14 14:33:58,720 - {'num_epochs': 50, 'optimizer': 'adam', 'lr': 0.0001, 'reg_type': 'l2', 'lambda_reg': 0}
2025-07-14 14:33:59,682 - Finished with epoch 5
2025-07-14 14:33:59,684 - Mean (expected) train reward: 0.6909084320068359
2025-07-14 14:33:59,684 - Mean (expected) val reward: 0.6905261874198914
2025-07-14 14:33:59,791 - Mean (realized) train reward: 0.983741028270104
2025-07-14 14:33:59,835 - Mean (realized) val reward: 0.9828434723171565
2025-07-14 14:34:00,639 - Finished with epoch 10
2025-07-14 14:34:00,640 - Mean (expected) train reward: 0.7769981622695923
2025-07-14 14:34:00,640 - Mean (expected) val reward: 0.7764390110969543
2025-07-14 14:34:00,743 - Mean (realized) train reward: 0.983741028270104
2025-07-14 14:34:00,786 - Mean (realized) val reward: 0.9828434723171565
2025-07-14 14:34:01,580 - Finished with epoch 15
2025-07-14 14:34:01,581 - Mean (expected) train reward: 0.8410722017288208
2025-07-14 14:34:01,582 - Mean (expected) val reward: 0.8403929471969604
2025-07-14 14:34:01,684 - Mean (realized) train reward: 0.983741028270104
2025-07-14 14:34:01,727 - Mean (realized) val reward: 0.9828434723171565
2025-07-14 14:34:02,528 - Finished with epoch 20
2025-07-14 14:34:02,529 - Mean (expected) train reward: 0.8867024779319763
2025-07-14 14:34:02,529 - Mean (expected) val reward: 0.8859454989433289
2025-07-14 14:34:02,631 - Mean (realized) train reward: 0.983741028270104
2025-07-14 14:34:02,676 - Mean (realized) val reward: 0.9828434723171565
2025-07-14 14:34:03,466 - Finished with epoch 25
2025-07-14 14:34:03,467 - Mean (expected) train reward: 0.9180117845535278
2025-07-14 14:34:03,467 - Mean (expected) val reward: 0.9172059893608093
2025-07-14 14:34:03,568 - Mean (realized) train reward: 0.983741028270104
2025-07-14 14:34:03,612 - Mean (realized) val reward: 0.9828434723171565
2025-07-14 14:34:04,413 - Finished with epoch 30
2025-07-14 14:34:04,414 - Mean (expected) train reward: 0.9387655854225159
2025-07-14 14:34:04,414 - Mean (expected) val reward: 0.9379298686981201
2025-07-14 14:34:04,516 - Mean (realized) train reward: 0.983741028270104
2025-07-14 14:34:04,560 - Mean (realized) val reward: 0.9828434723171565
2025-07-14 14:34:05,360 - Finished with epoch 35
2025-07-14 14:34:05,361 - Mean (expected) train reward: 0.9519039988517761
2025-07-14 14:34:05,361 - Mean (expected) val reward: 0.9510502815246582
2025-07-14 14:34:05,464 - Mean (realized) train reward: 0.983741028270104
2025-07-14 14:34:05,507 - Mean (realized) val reward: 0.9828434723171565
2025-07-14 14:34:06,308 - Finished with epoch 40
2025-07-14 14:34:06,309 - Mean (expected) train reward: 0.959590494632721
2025-07-14 14:34:06,309 - Mean (expected) val reward: 0.9587263464927673
2025-07-14 14:34:06,411 - Mean (realized) train reward: 0.983741028270104
2025-07-14 14:34:06,455 - Mean (realized) val reward: 0.9828434723171565
2025-07-14 14:34:07,258 - Finished with epoch 45
2025-07-14 14:34:07,259 - Mean (expected) train reward: 0.9636161923408508
2025-07-14 14:34:07,259 - Mean (expected) val reward: 0.9627469778060913
2025-07-14 14:34:07,363 - Mean (realized) train reward: 0.983741028270104
2025-07-14 14:34:07,408 - Mean (realized) val reward: 0.9828434723171565
2025-07-14 14:34:08,256 - Finished with epoch 50
2025-07-14 14:34:08,257 - Mean (expected) train reward: 0.9656254649162292
2025-07-14 14:34:08,257 - Mean (expected) val reward: 0.9647537469863892
2025-07-14 14:34:08,359 - Mean (realized) train reward: 0.983741028270104
2025-07-14 14:34:08,402 - Mean (realized) val reward: 0.9828434723171565
2025-07-14 14:34:08,403 - Starting trial 3
2025-07-14 14:34:08,426 - Train cohort size: 34135
2025-07-14 14:34:08,426 - Validation cohort size: 14630
2025-07-14 14:34:08,439 - Running experiment for setting={'nothing': 0}
2025-07-14 14:34:10,730 - {'num_epochs': 50, 'optimizer': 'adam', 'lr': 0.0001, 'reg_type': 'l2', 'lambda_reg': 0}
2025-07-14 14:34:11,528 - Finished with epoch 5
2025-07-14 14:34:11,529 - Mean (expected) train reward: 0.6269338130950928
2025-07-14 14:34:11,530 - Mean (expected) val reward: 0.6267684698104858
2025-07-14 14:34:11,633 - Mean (realized) train reward: 0.9836531419364288
2025-07-14 14:34:11,676 - Mean (realized) val reward: 0.9829801777170198
2025-07-14 14:34:12,474 - Finished with epoch 10
2025-07-14 14:34:12,475 - Mean (expected) train reward: 0.7259493470191956
2025-07-14 14:34:12,475 - Mean (expected) val reward: 0.7255892753601074
2025-07-14 14:34:12,578 - Mean (realized) train reward: 0.9836824373809873
2025-07-14 14:34:12,623 - Mean (realized) val reward: 0.9829801777170198
2025-07-14 14:34:13,418 - Finished with epoch 15
2025-07-14 14:34:13,419 - Mean (expected) train reward: 0.8030908107757568
2025-07-14 14:34:13,419 - Mean (expected) val reward: 0.8025970458984375
2025-07-14 14:34:13,522 - Mean (realized) train reward: 0.9836824373809873
2025-07-14 14:34:13,566 - Mean (realized) val reward: 0.9829801777170198
2025-07-14 14:34:14,357 - Finished with epoch 20
2025-07-14 14:34:14,358 - Mean (expected) train reward: 0.8598255515098572
2025-07-14 14:34:14,358 - Mean (expected) val reward: 0.8592482209205627
2025-07-14 14:34:14,461 - Mean (realized) train reward: 0.9836824373809873
2025-07-14 14:34:14,505 - Mean (realized) val reward: 0.9829801777170198
2025-07-14 14:34:15,296 - Finished with epoch 25
2025-07-14 14:34:15,297 - Mean (expected) train reward: 0.8996735215187073
2025-07-14 14:34:15,297 - Mean (expected) val reward: 0.8990468382835388
2025-07-14 14:34:15,401 - Mean (realized) train reward: 0.9836824373809873
2025-07-14 14:34:15,446 - Mean (realized) val reward: 0.9829801777170198
2025-07-14 14:34:16,247 - Finished with epoch 30
2025-07-14 14:34:16,249 - Mean (expected) train reward: 0.926645815372467
2025-07-14 14:34:16,249 - Mean (expected) val reward: 0.9259909987449646
2025-07-14 14:34:16,351 - Mean (realized) train reward: 0.9836824373809873
2025-07-14 14:34:16,395 - Mean (realized) val reward: 0.9829801777170198
2025-07-14 14:34:17,193 - Finished with epoch 35
2025-07-14 14:34:17,194 - Mean (expected) train reward: 0.9442634582519531
2025-07-14 14:34:17,194 - Mean (expected) val reward: 0.9435927867889404
2025-07-14 14:34:17,298 - Mean (realized) train reward: 0.9836824373809873
2025-07-14 14:34:17,343 - Mean (realized) val reward: 0.9829801777170198
2025-07-14 14:34:18,139 - Finished with epoch 40
2025-07-14 14:34:18,140 - Mean (expected) train reward: 0.955126166343689
2025-07-14 14:34:18,140 - Mean (expected) val reward: 0.9544469118118286
2025-07-14 14:34:18,245 - Mean (realized) train reward: 0.9836824373809873
2025-07-14 14:34:18,290 - Mean (realized) val reward: 0.9829801777170198
2025-07-14 14:34:19,089 - Finished with epoch 45
2025-07-14 14:34:19,091 - Mean (expected) train reward: 0.9612171649932861
2025-07-14 14:34:19,091 - Mean (expected) val reward: 0.9605334997177124
2025-07-14 14:34:19,196 - Mean (realized) train reward: 0.9836824373809873
2025-07-14 14:34:19,240 - Mean (realized) val reward: 0.9829801777170198
2025-07-14 14:34:20,052 - Finished with epoch 50
2025-07-14 14:34:20,053 - Mean (expected) train reward: 0.9644258618354797
2025-07-14 14:34:20,053 - Mean (expected) val reward: 0.963740348815918
2025-07-14 14:34:20,157 - Mean (realized) train reward: 0.9836824373809873
2025-07-14 14:34:20,202 - Mean (realized) val reward: 0.9829801777170198
2025-07-14 14:34:20,203 - Starting trial 4
2025-07-14 14:34:20,226 - Train cohort size: 34135
2025-07-14 14:34:20,226 - Validation cohort size: 14630
2025-07-14 14:34:20,239 - Running experiment for setting={'nothing': 0}
2025-07-14 14:34:22,561 - {'num_epochs': 50, 'optimizer': 'adam', 'lr': 0.0001, 'reg_type': 'l2', 'lambda_reg': 0}
2025-07-14 14:34:23,370 - Finished with epoch 5
2025-07-14 14:34:23,371 - Mean (expected) train reward: 0.5511157512664795
2025-07-14 14:34:23,371 - Mean (expected) val reward: 0.5509704947471619
2025-07-14 14:34:23,473 - Mean (realized) train reward: 0.9818368243738099
2025-07-14 14:34:23,517 - Mean (realized) val reward: 0.9815447710184553
2025-07-14 14:34:24,313 - Finished with epoch 10
2025-07-14 14:34:24,315 - Mean (expected) train reward: 0.6615592837333679
2025-07-14 14:34:24,315 - Mean (expected) val reward: 0.6613454222679138
2025-07-14 14:34:24,416 - Mean (realized) train reward: 0.9833894829354035
2025-07-14 14:34:24,460 - Mean (realized) val reward: 0.983321941216678
2025-07-14 14:34:25,262 - Finished with epoch 15
2025-07-14 14:34:25,263 - Mean (expected) train reward: 0.7528907656669617
2025-07-14 14:34:25,264 - Mean (expected) val reward: 0.7526598572731018
2025-07-14 14:34:25,368 - Mean (realized) train reward: 0.9834773692690787
2025-07-14 14:34:25,413 - Mean (realized) val reward: 0.9833902939166097
2025-07-14 14:34:26,216 - Finished with epoch 20
2025-07-14 14:34:26,217 - Mean (expected) train reward: 0.8230656385421753
2025-07-14 14:34:26,217 - Mean (expected) val reward: 0.8228513598442078
2025-07-14 14:34:26,319 - Mean (realized) train reward: 0.9834773692690787
2025-07-14 14:34:26,363 - Mean (realized) val reward: 0.9834586466165414
2025-07-14 14:34:27,172 - Finished with epoch 25
2025-07-14 14:34:27,173 - Mean (expected) train reward: 0.8739423751831055
2025-07-14 14:34:27,174 - Mean (expected) val reward: 0.8737601637840271
2025-07-14 14:34:27,277 - Mean (realized) train reward: 0.9834773692690787
2025-07-14 14:34:27,323 - Mean (realized) val reward: 0.9834586466165414
2025-07-14 14:34:28,134 - Finished with epoch 30
2025-07-14 14:34:28,136 - Mean (expected) train reward: 0.9092154502868652
2025-07-14 14:34:28,136 - Mean (expected) val reward: 0.909067690372467
2025-07-14 14:34:28,240 - Mean (realized) train reward: 0.9834773692690787
2025-07-14 14:34:28,285 - Mean (realized) val reward: 0.9834586466165414
2025-07-14 14:34:29,093 - Finished with epoch 35
2025-07-14 14:34:29,094 - Mean (expected) train reward: 0.9328952431678772
2025-07-14 14:34:29,095 - Mean (expected) val reward: 0.9327780604362488
2025-07-14 14:34:29,200 - Mean (realized) train reward: 0.9834773692690787
2025-07-14 14:34:29,246 - Mean (realized) val reward: 0.9834586466165414
2025-07-14 14:34:30,103 - Finished with epoch 40
2025-07-14 14:34:30,105 - Mean (expected) train reward: 0.9480929374694824
2025-07-14 14:34:30,105 - Mean (expected) val reward: 0.9479994177818298
2025-07-14 14:34:30,210 - Mean (realized) train reward: 0.9834773692690787
2025-07-14 14:34:30,256 - Mean (realized) val reward: 0.9834586466165414
2025-07-14 14:34:31,104 - Finished with epoch 45
2025-07-14 14:34:31,105 - Mean (expected) train reward: 0.9572473168373108
2025-07-14 14:34:31,105 - Mean (expected) val reward: 0.9571698307991028
2025-07-14 14:34:31,210 - Mean (realized) train reward: 0.9834773692690787
2025-07-14 14:34:31,256 - Mean (realized) val reward: 0.9834586466165414
2025-07-14 14:34:32,089 - Finished with epoch 50
2025-07-14 14:34:32,090 - Mean (expected) train reward: 0.962183952331543
2025-07-14 14:34:32,090 - Mean (expected) val reward: 0.9621155858039856
2025-07-14 14:34:32,196 - Mean (realized) train reward: 0.9834773692690787
2025-07-14 14:34:32,244 - Mean (realized) val reward: 0.9834586466165414
2025-07-14 14:34:32,245 - Starting trial 5
2025-07-14 14:34:32,271 - Train cohort size: 34135
2025-07-14 14:34:32,272 - Validation cohort size: 14630
2025-07-14 14:34:32,285 - Running experiment for setting={'nothing': 0}
2025-07-14 14:34:34,609 - {'num_epochs': 50, 'optimizer': 'adam', 'lr': 0.0001, 'reg_type': 'l2', 'lambda_reg': 0}
2025-07-14 14:34:35,515 - Finished with epoch 5
2025-07-14 14:34:35,517 - Mean (expected) train reward: 0.6659914255142212
2025-07-14 14:34:35,517 - Mean (expected) val reward: 0.6659138798713684
2025-07-14 14:34:35,623 - Mean (realized) train reward: 0.9834187783799619
2025-07-14 14:34:35,667 - Mean (realized) val reward: 0.9831168831168832
2025-07-14 14:34:36,473 - Finished with epoch 10
2025-07-14 14:34:36,474 - Mean (expected) train reward: 0.7573082447052002
2025-07-14 14:34:36,475 - Mean (expected) val reward: 0.7571622133255005
2025-07-14 14:34:36,580 - Mean (realized) train reward: 0.9835652556027538
2025-07-14 14:34:36,624 - Mean (realized) val reward: 0.9832535885167464
2025-07-14 14:34:37,436 - Finished with epoch 15
2025-07-14 14:34:37,437 - Mean (expected) train reward: 0.8264764547348022
2025-07-14 14:34:37,437 - Mean (expected) val reward: 0.8262765407562256
2025-07-14 14:34:37,541 - Mean (realized) train reward: 0.9835652556027538
2025-07-14 14:34:37,585 - Mean (realized) val reward: 0.9832535885167464
2025-07-14 14:34:38,400 - Finished with epoch 20
2025-07-14 14:34:38,401 - Mean (expected) train reward: 0.876397967338562
2025-07-14 14:34:38,401 - Mean (expected) val reward: 0.8761594891548157
2025-07-14 14:34:38,506 - Mean (realized) train reward: 0.9835652556027538
2025-07-14 14:34:38,551 - Mean (realized) val reward: 0.9832535885167464
2025-07-14 14:34:39,378 - Finished with epoch 25
2025-07-14 14:34:39,379 - Mean (expected) train reward: 0.9109578728675842
2025-07-14 14:34:39,379 - Mean (expected) val reward: 0.9106935858726501
2025-07-14 14:34:39,485 - Mean (realized) train reward: 0.9835652556027538
2025-07-14 14:34:39,531 - Mean (realized) val reward: 0.9832535885167464
2025-07-14 14:34:40,489 - Finished with epoch 30
2025-07-14 14:34:40,494 - Mean (expected) train reward: 0.9340329766273499
2025-07-14 14:34:40,494 - Mean (expected) val reward: 0.9337522387504578
2025-07-14 14:34:40,600 - Mean (realized) train reward: 0.9835652556027538
2025-07-14 14:34:40,646 - Mean (realized) val reward: 0.9832535885167464
2025-07-14 14:34:41,533 - Finished with epoch 35
2025-07-14 14:34:41,535 - Mean (expected) train reward: 0.9488727450370789
2025-07-14 14:34:41,535 - Mean (expected) val reward: 0.9485819935798645
2025-07-14 14:34:41,643 - Mean (realized) train reward: 0.9835652556027538
2025-07-14 14:34:41,689 - Mean (realized) val reward: 0.9832535885167464
2025-07-14 14:34:42,544 - Finished with epoch 40
2025-07-14 14:34:42,546 - Mean (expected) train reward: 0.957706093788147
2025-07-14 14:34:42,546 - Mean (expected) val reward: 0.9574095010757446
2025-07-14 14:34:42,653 - Mean (realized) train reward: 0.9835652556027538
2025-07-14 14:34:42,699 - Mean (realized) val reward: 0.9832535885167464
2025-07-14 14:34:43,548 - Finished with epoch 45
2025-07-14 14:34:43,550 - Mean (expected) train reward: 0.9624661207199097
2025-07-14 14:34:43,550 - Mean (expected) val reward: 0.9621664881706238
2025-07-14 14:34:43,661 - Mean (realized) train reward: 0.9835652556027538
2025-07-14 14:34:43,708 - Mean (realized) val reward: 0.9832535885167464
2025-07-14 14:34:44,567 - Finished with epoch 50
2025-07-14 14:34:44,569 - Mean (expected) train reward: 0.9649000763893127
2025-07-14 14:34:44,569 - Mean (expected) val reward: 0.9645987749099731
2025-07-14 14:34:44,683 - Mean (realized) train reward: 0.9835652556027538
2025-07-14 14:34:44,731 - Mean (realized) val reward: 0.9832535885167464
2025-07-14 14:34:44,733 - Starting trial 6
2025-07-14 14:34:44,759 - Train cohort size: 34135
2025-07-14 14:34:44,759 - Validation cohort size: 14630
2025-07-14 14:34:44,774 - Running experiment for setting={'nothing': 0}
2025-07-14 14:34:47,190 - {'num_epochs': 50, 'optimizer': 'adam', 'lr': 0.0001, 'reg_type': 'l2', 'lambda_reg': 0}
2025-07-14 14:34:48,029 - Finished with epoch 5
2025-07-14 14:34:48,030 - Mean (expected) train reward: 0.6028901934623718
2025-07-14 14:34:48,030 - Mean (expected) val reward: 0.6028717756271362
2025-07-14 14:34:48,135 - Mean (realized) train reward: 0.9833308920462868
2025-07-14 14:34:48,180 - Mean (realized) val reward: 0.9834586466165414
2025-07-14 14:34:48,996 - Finished with epoch 10
2025-07-14 14:34:48,997 - Mean (expected) train reward: 0.7059157490730286
2025-07-14 14:34:48,997 - Mean (expected) val reward: 0.7059195041656494
2025-07-14 14:34:49,103 - Mean (realized) train reward: 0.9834480738245203
2025-07-14 14:34:49,148 - Mean (realized) val reward: 0.9834586466165414
2025-07-14 14:34:49,978 - Finished with epoch 15
2025-07-14 14:34:49,979 - Mean (expected) train reward: 0.7876713275909424
2025-07-14 14:34:49,979 - Mean (expected) val reward: 0.7876998782157898
2025-07-14 14:34:50,084 - Mean (realized) train reward: 0.9834480738245203
2025-07-14 14:34:50,129 - Mean (realized) val reward: 0.983526999316473
2025-07-14 14:34:50,959 - Finished with epoch 20
2025-07-14 14:34:50,960 - Mean (expected) train reward: 0.848599910736084
2025-07-14 14:34:50,960 - Mean (expected) val reward: 0.8486472964286804
2025-07-14 14:34:51,066 - Mean (realized) train reward: 0.9834480738245203
2025-07-14 14:34:51,112 - Mean (realized) val reward: 0.983526999316473
2025-07-14 14:34:51,948 - Finished with epoch 25
2025-07-14 14:34:51,949 - Mean (expected) train reward: 0.8918100595474243
2025-07-14 14:34:51,949 - Mean (expected) val reward: 0.8918692469596863
2025-07-14 14:34:52,058 - Mean (realized) train reward: 0.9834480738245203
2025-07-14 14:34:52,103 - Mean (realized) val reward: 0.983526999316473
2025-07-14 14:34:53,116 - Finished with epoch 30
2025-07-14 14:34:53,117 - Mean (expected) train reward: 0.9213215112686157
2025-07-14 14:34:53,118 - Mean (expected) val reward: 0.9213873744010925
2025-07-14 14:34:53,225 - Mean (realized) train reward: 0.9834480738245203
2025-07-14 14:34:53,272 - Mean (realized) val reward: 0.983526999316473
2025-07-14 14:34:54,413 - Finished with epoch 35
2025-07-14 14:34:54,419 - Mean (expected) train reward: 0.9407585263252258
2025-07-14 14:34:54,419 - Mean (expected) val reward: 0.9408280849456787
2025-07-14 14:34:54,548 - Mean (realized) train reward: 0.9834480738245203
2025-07-14 14:34:54,597 - Mean (realized) val reward: 0.983526999316473
2025-07-14 14:34:55,604 - Finished with epoch 40
2025-07-14 14:34:55,605 - Mean (expected) train reward: 0.9529260993003845
2025-07-14 14:34:55,605 - Mean (expected) val reward: 0.9529975652694702
2025-07-14 14:34:55,715 - Mean (realized) train reward: 0.9834480738245203
2025-07-14 14:34:55,761 - Mean (realized) val reward: 0.983526999316473
2025-07-14 14:34:56,661 - Finished with epoch 45
2025-07-14 14:34:56,662 - Mean (expected) train reward: 0.9598878026008606
2025-07-14 14:34:56,662 - Mean (expected) val reward: 0.9599602818489075
2025-07-14 14:34:56,774 - Mean (realized) train reward: 0.9834480738245203
2025-07-14 14:34:56,821 - Mean (realized) val reward: 0.983526999316473
2025-07-14 14:34:57,686 - Finished with epoch 50
2025-07-14 14:34:57,687 - Mean (expected) train reward: 0.9635061025619507
2025-07-14 14:34:57,687 - Mean (expected) val reward: 0.9635788202285767
2025-07-14 14:34:57,796 - Mean (realized) train reward: 0.9834480738245203
2025-07-14 14:34:57,841 - Mean (realized) val reward: 0.983526999316473
2025-07-14 14:34:57,843 - Starting trial 7
2025-07-14 14:34:57,869 - Train cohort size: 34135
2025-07-14 14:34:57,869 - Validation cohort size: 14630
2025-07-14 14:34:57,883 - Running experiment for setting={'nothing': 0}
2025-07-14 14:35:00,290 - {'num_epochs': 50, 'optimizer': 'adam', 'lr': 0.0001, 'reg_type': 'l2', 'lambda_reg': 0}
2025-07-14 14:35:01,107 - Finished with epoch 5
2025-07-14 14:35:01,108 - Mean (expected) train reward: 0.5722185373306274
2025-07-14 14:35:01,108 - Mean (expected) val reward: 0.5724940299987793
2025-07-14 14:35:01,214 - Mean (realized) train reward: 0.981924710707485
2025-07-14 14:35:01,259 - Mean (realized) val reward: 0.9842788790157211
2025-07-14 14:35:02,083 - Finished with epoch 10
2025-07-14 14:35:02,085 - Mean (expected) train reward: 0.6796420812606812
2025-07-14 14:35:02,085 - Mean (expected) val reward: 0.6803231239318848
2025-07-14 14:35:02,191 - Mean (realized) train reward: 0.9825985059323276
2025-07-14 14:35:02,239 - Mean (realized) val reward: 0.9845522898154477
2025-07-14 14:35:03,068 - Finished with epoch 15
2025-07-14 14:35:03,069 - Mean (expected) train reward: 0.7670230865478516
2025-07-14 14:35:03,069 - Mean (expected) val reward: 0.7680506110191345
2025-07-14 14:35:03,177 - Mean (realized) train reward: 0.9828914603779112
2025-07-14 14:35:03,223 - Mean (realized) val reward: 0.9848257006151743
2025-07-14 14:35:04,062 - Finished with epoch 20
2025-07-14 14:35:04,063 - Mean (expected) train reward: 0.8333033323287964
2025-07-14 14:35:04,063 - Mean (expected) val reward: 0.8346025347709656
2025-07-14 14:35:04,169 - Mean (realized) train reward: 0.9828914603779112
2025-07-14 14:35:04,215 - Mean (realized) val reward: 0.9848257006151743
2025-07-14 14:35:05,053 - Finished with epoch 25
2025-07-14 14:35:05,055 - Mean (expected) train reward: 0.8809391856193542
2025-07-14 14:35:05,055 - Mean (expected) val reward: 0.8824389576911926
2025-07-14 14:35:05,162 - Mean (realized) train reward: 0.9828914603779112
2025-07-14 14:35:05,209 - Mean (realized) val reward: 0.9848257006151743
2025-07-14 14:35:06,052 - Finished with epoch 30
2025-07-14 14:35:06,053 - Mean (expected) train reward: 0.9137409329414368
2025-07-14 14:35:06,054 - Mean (expected) val reward: 0.9153805375099182
2025-07-14 14:35:06,160 - Mean (realized) train reward: 0.9828914603779112
2025-07-14 14:35:06,206 - Mean (realized) val reward: 0.9848257006151743
2025-07-14 14:35:07,037 - Finished with epoch 35
2025-07-14 14:35:07,038 - Mean (expected) train reward: 0.9355393648147583
2025-07-14 14:35:07,038 - Mean (expected) val reward: 0.9372723698616028
2025-07-14 14:35:07,146 - Mean (realized) train reward: 0.9828914603779112
2025-07-14 14:35:07,192 - Mean (realized) val reward: 0.9848257006151743
2025-07-14 14:35:08,031 - Finished with epoch 40
2025-07-14 14:35:08,033 - Mean (expected) train reward: 0.9493770599365234
2025-07-14 14:35:08,033 - Mean (expected) val reward: 0.9511697292327881
2025-07-14 14:35:08,139 - Mean (realized) train reward: 0.9828914603779112
2025-07-14 14:35:08,185 - Mean (realized) val reward: 0.9848257006151743
2025-07-14 14:35:09,025 - Finished with epoch 45
2025-07-14 14:35:09,026 - Mean (expected) train reward: 0.9574342370033264
2025-07-14 14:35:09,026 - Mean (expected) val reward: 0.9592615962028503
2025-07-14 14:35:09,134 - Mean (realized) train reward: 0.9828914603779112
2025-07-14 14:35:09,181 - Mean (realized) val reward: 0.9848257006151743
2025-07-14 14:35:10,015 - Finished with epoch 50
2025-07-14 14:35:10,016 - Mean (expected) train reward: 0.9617573022842407
2025-07-14 14:35:10,016 - Mean (expected) val reward: 0.9636034965515137
2025-07-14 14:35:10,122 - Mean (realized) train reward: 0.9828914603779112
2025-07-14 14:35:10,168 - Mean (realized) val reward: 0.9848257006151743
2025-07-14 14:35:10,169 - Starting trial 8
2025-07-14 14:35:10,194 - Train cohort size: 34135
2025-07-14 14:35:10,194 - Validation cohort size: 14630
2025-07-14 14:35:10,209 - Running experiment for setting={'nothing': 0}
2025-07-14 14:35:12,605 - {'num_epochs': 50, 'optimizer': 'adam', 'lr': 0.0001, 'reg_type': 'l2', 'lambda_reg': 0}
2025-07-14 14:35:13,495 - Finished with epoch 5
2025-07-14 14:35:13,497 - Mean (expected) train reward: 0.5352272987365723
2025-07-14 14:35:13,497 - Mean (expected) val reward: 0.5354500412940979
2025-07-14 14:35:13,602 - Mean (realized) train reward: 0.9774132122454958
2025-07-14 14:35:13,647 - Mean (realized) val reward: 0.9812713602187286
2025-07-14 14:35:14,483 - Finished with epoch 10
2025-07-14 14:35:14,484 - Mean (expected) train reward: 0.6471535563468933
2025-07-14 14:35:14,484 - Mean (expected) val reward: 0.6482065320014954
2025-07-14 14:35:14,591 - Mean (realized) train reward: 0.9819833015966017
2025-07-14 14:35:14,636 - Mean (realized) val reward: 0.9855092276144908
2025-07-14 14:35:15,463 - Finished with epoch 15
2025-07-14 14:35:15,464 - Mean (expected) train reward: 0.7409790754318237
2025-07-14 14:35:15,464 - Mean (expected) val reward: 0.7427399754524231
2025-07-14 14:35:15,571 - Mean (realized) train reward: 0.9822176651530687
2025-07-14 14:35:15,618 - Mean (realized) val reward: 0.9857142857142858
2025-07-14 14:35:16,449 - Finished with epoch 20
2025-07-14 14:35:16,451 - Mean (expected) train reward: 0.8137953877449036
2025-07-14 14:35:16,451 - Mean (expected) val reward: 0.8161105513572693
2025-07-14 14:35:16,559 - Mean (realized) train reward: 0.9823934378204189
2025-07-14 14:35:16,606 - Mean (realized) val reward: 0.9859876965140123
2025-07-14 14:35:17,437 - Finished with epoch 25
2025-07-14 14:35:17,438 - Mean (expected) train reward: 0.866946280002594
2025-07-14 14:35:17,438 - Mean (expected) val reward: 0.8696659803390503
2025-07-14 14:35:17,547 - Mean (realized) train reward: 0.9823934378204189
2025-07-14 14:35:17,594 - Mean (realized) val reward: 0.9859876965140123
2025-07-14 14:35:18,428 - Finished with epoch 30
2025-07-14 14:35:18,429 - Mean (expected) train reward: 0.9040045142173767
2025-07-14 14:35:18,429 - Mean (expected) val reward: 0.9070053100585938
2025-07-14 14:35:18,537 - Mean (realized) train reward: 0.9823934378204189
2025-07-14 14:35:18,584 - Mean (realized) val reward: 0.9859876965140123
2025-07-14 14:35:19,438 - Finished with epoch 35
2025-07-14 14:35:19,440 - Mean (expected) train reward: 0.9289174675941467
2025-07-14 14:35:19,440 - Mean (expected) val reward: 0.9321062564849854
2025-07-14 14:35:19,550 - Mean (realized) train reward: 0.9823934378204189
2025-07-14 14:35:19,597 - Mean (realized) val reward: 0.9859876965140123
2025-07-14 14:35:20,443 - Finished with epoch 40
2025-07-14 14:35:20,444 - Mean (expected) train reward: 0.9450342655181885
2025-07-14 14:35:20,444 - Mean (expected) val reward: 0.9483441710472107
2025-07-14 14:35:20,556 - Mean (realized) train reward: 0.9823934378204189
2025-07-14 14:35:20,604 - Mean (realized) val reward: 0.9859876965140123
2025-07-14 14:35:21,445 - Finished with epoch 45
2025-07-14 14:35:21,446 - Mean (expected) train reward: 0.9547250270843506
2025-07-14 14:35:21,446 - Mean (expected) val reward: 0.9581075310707092
2025-07-14 14:35:21,556 - Mean (realized) train reward: 0.9823934378204189
2025-07-14 14:35:21,604 - Mean (realized) val reward: 0.9859876965140123
2025-07-14 14:35:22,455 - Finished with epoch 50
2025-07-14 14:35:22,457 - Mean (expected) train reward: 0.9599722623825073
2025-07-14 14:35:22,457 - Mean (expected) val reward: 0.9633938074111938
2025-07-14 14:35:22,567 - Mean (realized) train reward: 0.9823934378204189
2025-07-14 14:35:22,614 - Mean (realized) val reward: 0.9859876965140123
2025-07-14 14:35:22,616 - Starting trial 9
2025-07-14 14:35:22,642 - Train cohort size: 34135
2025-07-14 14:35:22,643 - Validation cohort size: 14630
2025-07-14 14:35:22,658 - Running experiment for setting={'nothing': 0}
2025-07-14 14:35:25,025 - {'num_epochs': 50, 'optimizer': 'adam', 'lr': 0.0001, 'reg_type': 'l2', 'lambda_reg': 0}
2025-07-14 14:35:25,832 - Finished with epoch 5
2025-07-14 14:35:25,833 - Mean (expected) train reward: 0.61448073387146
2025-07-14 14:35:25,834 - Mean (expected) val reward: 0.6147531270980835
2025-07-14 14:35:25,941 - Mean (realized) train reward: 0.9831258239343782
2025-07-14 14:35:25,987 - Mean (realized) val reward: 0.9838687628161312
2025-07-14 14:35:26,800 - Finished with epoch 10
2025-07-14 14:35:26,801 - Mean (expected) train reward: 0.7154600024223328
2025-07-14 14:35:26,801 - Mean (expected) val reward: 0.7159661054611206
2025-07-14 14:35:26,911 - Mean (realized) train reward: 0.983184414823495
2025-07-14 14:35:26,958 - Mean (realized) val reward: 0.9841421736158579
2025-07-14 14:35:27,778 - Finished with epoch 15
2025-07-14 14:35:27,779 - Mean (expected) train reward: 0.7949199080467224
2025-07-14 14:35:27,779 - Mean (expected) val reward: 0.7955895066261292
2025-07-14 14:35:27,889 - Mean (realized) train reward: 0.983184414823495
2025-07-14 14:35:27,936 - Mean (realized) val reward: 0.9841421736158579
2025-07-14 14:35:28,765 - Finished with epoch 20
2025-07-14 14:35:28,766 - Mean (expected) train reward: 0.8537721037864685
2025-07-14 14:35:28,766 - Mean (expected) val reward: 0.8545477390289307
2025-07-14 14:35:28,874 - Mean (realized) train reward: 0.983184414823495
2025-07-14 14:35:28,921 - Mean (realized) val reward: 0.9841421736158579
2025-07-14 14:35:29,767 - Finished with epoch 25
2025-07-14 14:35:29,768 - Mean (expected) train reward: 0.8952990770339966
2025-07-14 14:35:29,769 - Mean (expected) val reward: 0.896140456199646
2025-07-14 14:35:29,877 - Mean (realized) train reward: 0.983184414823495
2025-07-14 14:35:29,924 - Mean (realized) val reward: 0.9841421736158579
2025-07-14 14:35:30,770 - Finished with epoch 30
2025-07-14 14:35:30,771 - Mean (expected) train reward: 0.9235276579856873
2025-07-14 14:35:30,771 - Mean (expected) val reward: 0.9244092106819153
2025-07-14 14:35:30,880 - Mean (realized) train reward: 0.983184414823495
2025-07-14 14:35:30,927 - Mean (realized) val reward: 0.9841421736158579
2025-07-14 14:35:31,770 - Finished with epoch 35
2025-07-14 14:35:31,772 - Mean (expected) train reward: 0.942019522190094
2025-07-14 14:35:31,772 - Mean (expected) val reward: 0.9429250955581665
2025-07-14 14:35:31,881 - Mean (realized) train reward: 0.983184414823495
2025-07-14 14:35:31,929 - Mean (realized) val reward: 0.9841421736158579
2025-07-14 14:35:32,767 - Finished with epoch 40
2025-07-14 14:35:32,769 - Mean (expected) train reward: 0.953572690486908
2025-07-14 14:35:32,769 - Mean (expected) val reward: 0.954492449760437
2025-07-14 14:35:32,877 - Mean (realized) train reward: 0.983184414823495
2025-07-14 14:35:32,925 - Mean (realized) val reward: 0.9841421736158579
2025-07-14 14:35:33,764 - Finished with epoch 45
2025-07-14 14:35:33,766 - Mean (expected) train reward: 0.9600066542625427
2025-07-14 14:35:33,766 - Mean (expected) val reward: 0.960934042930603
2025-07-14 14:35:33,875 - Mean (realized) train reward: 0.983184414823495
2025-07-14 14:35:33,922 - Mean (realized) val reward: 0.9841421736158579
2025-07-14 14:35:34,763 - Finished with epoch 50
2025-07-14 14:35:34,764 - Mean (expected) train reward: 0.9633509516716003
2025-07-14 14:35:34,764 - Mean (expected) val reward: 0.9642820358276367
2025-07-14 14:35:34,873 - Mean (realized) train reward: 0.983184414823495
2025-07-14 14:35:34,921 - Mean (realized) val reward: 0.9841421736158579
2025-07-14 14:35:34,922 - Starting trial 10
2025-07-14 14:35:34,949 - Train cohort size: 34135
2025-07-14 14:35:34,949 - Validation cohort size: 14630
2025-07-14 14:35:34,964 - Running experiment for setting={'nothing': 0}
2025-07-14 14:35:37,386 - {'num_epochs': 50, 'optimizer': 'adam', 'lr': 0.0001, 'reg_type': 'l2', 'lambda_reg': 0}
2025-07-14 14:35:38,193 - Finished with epoch 5
2025-07-14 14:35:38,195 - Mean (expected) train reward: 0.5464928150177002
2025-07-14 14:35:38,195 - Mean (expected) val reward: 0.5465892553329468
2025-07-14 14:35:38,301 - Mean (realized) train reward: 0.9814266881499927
2025-07-14 14:35:38,347 - Mean (realized) val reward: 0.983321941216678
2025-07-14 14:35:39,202 - Finished with epoch 10
2025-07-14 14:35:39,204 - Mean (expected) train reward: 0.6573283672332764
2025-07-14 14:35:39,204 - Mean (expected) val reward: 0.6578601598739624
2025-07-14 14:35:39,314 - Mean (realized) train reward: 0.9828914603779112
2025-07-14 14:35:39,361 - Mean (realized) val reward: 0.9847573479152426
2025-07-14 14:35:40,244 - Finished with epoch 15
2025-07-14 14:35:40,248 - Mean (expected) train reward: 0.7493715882301331
2025-07-14 14:35:40,248 - Mean (expected) val reward: 0.7502721548080444
2025-07-14 14:35:40,486 - Mean (realized) train reward: 0.9829207558224696
2025-07-14 14:35:40,604 - Mean (realized) val reward: 0.9847573479152426
2025-07-14 14:35:41,500 - Finished with epoch 20
2025-07-14 14:35:41,502 - Mean (expected) train reward: 0.8202680945396423
2025-07-14 14:35:41,502 - Mean (expected) val reward: 0.8214545845985413
2025-07-14 14:35:41,611 - Mean (realized) train reward: 0.9829207558224696
2025-07-14 14:35:41,659 - Mean (realized) val reward: 0.9847573479152426
2025-07-14 14:35:42,517 - Finished with epoch 25
2025-07-14 14:35:42,518 - Mean (expected) train reward: 0.8717402815818787
2025-07-14 14:35:42,519 - Mean (expected) val reward: 0.8731335401535034
2025-07-14 14:35:42,628 - Mean (realized) train reward: 0.9829207558224696
2025-07-14 14:35:42,676 - Mean (realized) val reward: 0.9847573479152426
2025-07-14 14:35:43,534 - Finished with epoch 30
2025-07-14 14:35:43,536 - Mean (expected) train reward: 0.9075191617012024
2025-07-14 14:35:43,536 - Mean (expected) val reward: 0.9090551137924194
2025-07-14 14:35:43,645 - Mean (realized) train reward: 0.9829207558224696
2025-07-14 14:35:43,692 - Mean (realized) val reward: 0.9847573479152426
2025-07-14 14:35:44,554 - Finished with epoch 35
2025-07-14 14:35:44,555 - Mean (expected) train reward: 0.9314946532249451
2025-07-14 14:35:44,555 - Mean (expected) val reward: 0.933125913143158
2025-07-14 14:35:44,664 - Mean (realized) train reward: 0.9829207558224696
2025-07-14 14:35:44,711 - Mean (realized) val reward: 0.9847573479152426
2025-07-14 14:35:45,582 - Finished with epoch 40
2025-07-14 14:35:45,583 - Mean (expected) train reward: 0.9468497037887573
2025-07-14 14:35:45,584 - Mean (expected) val reward: 0.9485419392585754
2025-07-14 14:35:45,693 - Mean (realized) train reward: 0.9829207558224696
2025-07-14 14:35:45,739 - Mean (realized) val reward: 0.9847573479152426
2025-07-14 14:35:46,584 - Finished with epoch 45
2025-07-14 14:35:46,585 - Mean (expected) train reward: 0.9560747146606445
2025-07-14 14:35:46,586 - Mean (expected) val reward: 0.95780348777771
2025-07-14 14:35:46,698 - Mean (realized) train reward: 0.9829207558224696
2025-07-14 14:35:46,745 - Mean (realized) val reward: 0.9847573479152426
2025-07-14 14:35:47,595 - Finished with epoch 50
2025-07-14 14:35:47,596 - Mean (expected) train reward: 0.9611228704452515
2025-07-14 14:35:47,596 - Mean (expected) val reward: 0.9628714919090271
2025-07-14 14:35:47,706 - Mean (realized) train reward: 0.9829207558224696
2025-07-14 14:35:47,753 - Mean (realized) val reward: 0.9847573479152426
2025-07-14 14:35:47,756 - Starting trial 11
2025-07-14 14:35:47,783 - Train cohort size: 34135
2025-07-14 14:35:47,783 - Validation cohort size: 14630
2025-07-14 14:35:47,799 - Running experiment for setting={'nothing': 0}
2025-07-14 14:35:50,197 - {'num_epochs': 50, 'optimizer': 'adam', 'lr': 0.0001, 'reg_type': 'l2', 'lambda_reg': 0}
2025-07-14 14:35:51,005 - Finished with epoch 5
2025-07-14 14:35:51,006 - Mean (expected) train reward: 0.5284802317619324
2025-07-14 14:35:51,007 - Mean (expected) val reward: 0.5284990668296814
2025-07-14 14:35:51,113 - Mean (realized) train reward: 0.973487622674674
2025-07-14 14:35:51,160 - Mean (realized) val reward: 0.9745727956254272
2025-07-14 14:35:51,982 - Finished with epoch 10
2025-07-14 14:35:51,983 - Mean (expected) train reward: 0.6413063406944275
2025-07-14 14:35:51,983 - Mean (expected) val reward: 0.6414214968681335
2025-07-14 14:35:52,091 - Mean (realized) train reward: 0.982950051267028
2025-07-14 14:35:52,139 - Mean (realized) val reward: 0.9836637047163362
2025-07-14 14:35:52,973 - Finished with epoch 15
2025-07-14 14:35:52,974 - Mean (expected) train reward: 0.736486554145813
2025-07-14 14:35:52,975 - Mean (expected) val reward: 0.7366933226585388
2025-07-14 14:35:53,083 - Mean (realized) train reward: 0.983184414823495
2025-07-14 14:35:53,130 - Mean (realized) val reward: 0.9838004101161996
2025-07-14 14:35:53,963 - Finished with epoch 20
2025-07-14 14:35:53,964 - Mean (expected) train reward: 0.8106666207313538
2025-07-14 14:35:53,964 - Mean (expected) val reward: 0.8109514117240906
2025-07-14 14:35:54,073 - Mean (realized) train reward: 0.9832430057126117
2025-07-14 14:35:54,120 - Mean (realized) val reward: 0.9838004101161996
2025-07-14 14:35:54,970 - Finished with epoch 25
2025-07-14 14:35:54,971 - Mean (expected) train reward: 0.8650190234184265
2025-07-14 14:35:54,971 - Mean (expected) val reward: 0.8653625249862671
2025-07-14 14:35:55,081 - Mean (realized) train reward: 0.9833308920462868
2025-07-14 14:35:55,128 - Mean (realized) val reward: 0.9838004101161996
2025-07-14 14:35:55,964 - Finished with epoch 30
2025-07-14 14:35:55,965 - Mean (expected) train reward: 0.9030845165252686
2025-07-14 14:35:55,965 - Mean (expected) val reward: 0.9034690260887146
2025-07-14 14:35:56,075 - Mean (realized) train reward: 0.9833308920462868
2025-07-14 14:35:56,123 - Mean (realized) val reward: 0.9838004101161996
2025-07-14 14:35:56,960 - Finished with epoch 35
2025-07-14 14:35:56,961 - Mean (expected) train reward: 0.9287346005439758
2025-07-14 14:35:56,962 - Mean (expected) val reward: 0.9291456341743469
2025-07-14 14:35:57,072 - Mean (realized) train reward: 0.9833308920462868
2025-07-14 14:35:57,120 - Mean (realized) val reward: 0.9838004101161996
2025-07-14 14:35:57,965 - Finished with epoch 40
2025-07-14 14:35:57,966 - Mean (expected) train reward: 0.9453890919685364
2025-07-14 14:35:57,966 - Mean (expected) val reward: 0.9458165764808655
2025-07-14 14:35:58,077 - Mean (realized) train reward: 0.9833308920462868
2025-07-14 14:35:58,123 - Mean (realized) val reward: 0.9838004101161996
2025-07-14 14:35:58,964 - Finished with epoch 45
2025-07-14 14:35:58,965 - Mean (expected) train reward: 0.95555180311203
2025-07-14 14:35:58,965 - Mean (expected) val reward: 0.955988883972168
2025-07-14 14:35:59,074 - Mean (realized) train reward: 0.9833308920462868
2025-07-14 14:35:59,121 - Mean (realized) val reward: 0.9838004101161996
2025-07-14 14:35:59,969 - Finished with epoch 50
2025-07-14 14:35:59,970 - Mean (expected) train reward: 0.9611866474151611
2025-07-14 14:35:59,970 - Mean (expected) val reward: 0.9616285562515259
2025-07-14 14:36:00,081 - Mean (realized) train reward: 0.9833308920462868
2025-07-14 14:36:00,128 - Mean (realized) val reward: 0.9838004101161996
2025-07-14 14:36:00,130 - Starting trial 12
2025-07-14 14:36:00,155 - Train cohort size: 34135
2025-07-14 14:36:00,155 - Validation cohort size: 14630
2025-07-14 14:36:00,169 - Running experiment for setting={'nothing': 0}
2025-07-14 14:36:02,516 - {'num_epochs': 50, 'optimizer': 'adam', 'lr': 0.0001, 'reg_type': 'l2', 'lambda_reg': 0}
2025-07-14 14:36:03,328 - Finished with epoch 5
2025-07-14 14:36:03,329 - Mean (expected) train reward: 0.6837407350540161
2025-07-14 14:36:03,329 - Mean (expected) val reward: 0.6840759515762329
2025-07-14 14:36:03,436 - Mean (realized) train reward: 0.983184414823495
2025-07-14 14:36:03,481 - Mean (realized) val reward: 0.9841421736158579
2025-07-14 14:36:04,307 - Finished with epoch 10
2025-07-14 14:36:04,308 - Mean (expected) train reward: 0.7712498903274536
2025-07-14 14:36:04,308 - Mean (expected) val reward: 0.771706759929657
2025-07-14 14:36:04,417 - Mean (realized) train reward: 0.983184414823495
2025-07-14 14:36:04,463 - Mean (realized) val reward: 0.9841421736158579
2025-07-14 14:36:05,303 - Finished with epoch 15
2025-07-14 14:36:05,305 - Mean (expected) train reward: 0.8366820216178894
2025-07-14 14:36:05,305 - Mean (expected) val reward: 0.8372524976730347
2025-07-14 14:36:05,412 - Mean (realized) train reward: 0.983184414823495
2025-07-14 14:36:05,459 - Mean (realized) val reward: 0.9841421736158579
2025-07-14 14:36:06,295 - Finished with epoch 20
2025-07-14 14:36:06,296 - Mean (expected) train reward: 0.8834416270256042
2025-07-14 14:36:06,296 - Mean (expected) val reward: 0.8841119408607483
2025-07-14 14:36:06,404 - Mean (realized) train reward: 0.983184414823495
2025-07-14 14:36:06,450 - Mean (realized) val reward: 0.9841421736158579
2025-07-14 14:36:07,285 - Finished with epoch 25
2025-07-14 14:36:07,286 - Mean (expected) train reward: 0.9155795574188232
2025-07-14 14:36:07,286 - Mean (expected) val reward: 0.9163309335708618
2025-07-14 14:36:07,392 - Mean (realized) train reward: 0.983184414823495
2025-07-14 14:36:07,439 - Mean (realized) val reward: 0.9841421736158579
2025-07-14 14:36:08,275 - Finished with epoch 30
2025-07-14 14:36:08,276 - Mean (expected) train reward: 0.9369077682495117
2025-07-14 14:36:08,276 - Mean (expected) val reward: 0.9377197623252869
2025-07-14 14:36:08,388 - Mean (realized) train reward: 0.983184414823495
2025-07-14 14:36:08,436 - Mean (realized) val reward: 0.9841421736158579
2025-07-14 14:36:09,278 - Finished with epoch 35
2025-07-14 14:36:09,280 - Mean (expected) train reward: 0.9503950476646423
2025-07-14 14:36:09,281 - Mean (expected) val reward: 0.9512485265731812
2025-07-14 14:36:09,391 - Mean (realized) train reward: 0.983184414823495
2025-07-14 14:36:09,439 - Mean (realized) val reward: 0.9841421736158579
2025-07-14 14:36:10,283 - Finished with epoch 40
2025-07-14 14:36:10,284 - Mean (expected) train reward: 0.9583014845848083
2025-07-14 14:36:10,284 - Mean (expected) val reward: 0.9591803550720215
2025-07-14 14:36:10,394 - Mean (realized) train reward: 0.983184414823495
2025-07-14 14:36:10,449 - Mean (realized) val reward: 0.9841421736158579
2025-07-14 14:36:11,297 - Finished with epoch 45
2025-07-14 14:36:11,298 - Mean (expected) train reward: 0.9624425768852234
2025-07-14 14:36:11,299 - Mean (expected) val reward: 0.9633355736732483
2025-07-14 14:36:11,407 - Mean (realized) train reward: 0.983184414823495
2025-07-14 14:36:11,455 - Mean (realized) val reward: 0.9841421736158579
2025-07-14 14:36:12,298 - Finished with epoch 50
2025-07-14 14:36:12,299 - Mean (expected) train reward: 0.9645348787307739
2025-07-14 14:36:12,299 - Mean (expected) val reward: 0.9654354453086853
2025-07-14 14:36:12,410 - Mean (realized) train reward: 0.983184414823495
2025-07-14 14:36:12,458 - Mean (realized) val reward: 0.9841421736158579
2025-07-14 14:36:12,460 - Starting trial 13
2025-07-14 14:36:12,484 - Train cohort size: 34135
2025-07-14 14:36:12,484 - Validation cohort size: 14630
2025-07-14 14:36:12,498 - Running experiment for setting={'nothing': 0}
2025-07-14 14:36:14,759 - {'num_epochs': 50, 'optimizer': 'adam', 'lr': 0.0001, 'reg_type': 'l2', 'lambda_reg': 0}
2025-07-14 14:36:15,567 - Finished with epoch 5
2025-07-14 14:36:15,568 - Mean (expected) train reward: 0.7002015113830566
2025-07-14 14:36:15,568 - Mean (expected) val reward: 0.700247585773468
2025-07-14 14:36:15,675 - Mean (realized) train reward: 0.9834187783799619
2025-07-14 14:36:15,723 - Mean (realized) val reward: 0.9835953520164047
2025-07-14 14:36:16,568 - Finished with epoch 10
2025-07-14 14:36:16,570 - Mean (expected) train reward: 0.7841946482658386
2025-07-14 14:36:16,570 - Mean (expected) val reward: 0.7843294739723206
2025-07-14 14:36:16,681 - Mean (realized) train reward: 0.9834187783799619
2025-07-14 14:36:16,728 - Mean (realized) val reward: 0.9835953520164047
2025-07-14 14:36:17,571 - Finished with epoch 15
2025-07-14 14:36:17,572 - Mean (expected) train reward: 0.8462353348731995
2025-07-14 14:36:17,573 - Mean (expected) val reward: 0.8464162349700928
2025-07-14 14:36:17,682 - Mean (realized) train reward: 0.9834187783799619
2025-07-14 14:36:17,729 - Mean (realized) val reward: 0.9835953520164047
2025-07-14 14:36:18,569 - Finished with epoch 20
2025-07-14 14:36:18,571 - Mean (expected) train reward: 0.8902066946029663
2025-07-14 14:36:18,571 - Mean (expected) val reward: 0.8904057741165161
2025-07-14 14:36:18,681 - Mean (realized) train reward: 0.9834187783799619
2025-07-14 14:36:18,729 - Mean (realized) val reward: 0.9835953520164047
2025-07-14 14:36:19,578 - Finished with epoch 25
2025-07-14 14:36:19,580 - Mean (expected) train reward: 0.9202486276626587
2025-07-14 14:36:19,580 - Mean (expected) val reward: 0.9204510450363159
2025-07-14 14:36:19,690 - Mean (realized) train reward: 0.9834187783799619
2025-07-14 14:36:19,738 - Mean (realized) val reward: 0.9835953520164047
2025-07-14 14:36:20,585 - Finished with epoch 30
2025-07-14 14:36:20,586 - Mean (expected) train reward: 0.9400545358657837
2025-07-14 14:36:20,587 - Mean (expected) val reward: 0.9402545094490051
2025-07-14 14:36:20,697 - Mean (realized) train reward: 0.9834187783799619
2025-07-14 14:36:20,744 - Mean (realized) val reward: 0.9835953520164047
2025-07-14 14:36:21,588 - Finished with epoch 35
2025-07-14 14:36:21,589 - Mean (expected) train reward: 0.9524438977241516
2025-07-14 14:36:21,589 - Mean (expected) val reward: 0.9526402354240417
2025-07-14 14:36:21,699 - Mean (realized) train reward: 0.9834187783799619
2025-07-14 14:36:21,746 - Mean (realized) val reward: 0.9835953520164047
2025-07-14 14:36:22,650 - Finished with epoch 40
2025-07-14 14:36:22,652 - Mean (expected) train reward: 0.9595708250999451
2025-07-14 14:36:22,652 - Mean (expected) val reward: 0.9597647190093994
2025-07-14 14:36:22,761 - Mean (realized) train reward: 0.9834187783799619
2025-07-14 14:36:22,809 - Mean (realized) val reward: 0.9835953520164047
2025-07-14 14:36:23,667 - Finished with epoch 45
2025-07-14 14:36:23,668 - Mean (expected) train reward: 0.9633422493934631
2025-07-14 14:36:23,668 - Mean (expected) val reward: 0.9635347723960876
2025-07-14 14:36:23,779 - Mean (realized) train reward: 0.9834187783799619
2025-07-14 14:36:23,827 - Mean (realized) val reward: 0.9835953520164047
2025-07-14 14:36:24,691 - Finished with epoch 50
2025-07-14 14:36:24,692 - Mean (expected) train reward: 0.9652315974235535
2025-07-14 14:36:24,692 - Mean (expected) val reward: 0.9654238224029541
2025-07-14 14:36:24,803 - Mean (realized) train reward: 0.9834187783799619
2025-07-14 14:36:24,850 - Mean (realized) val reward: 0.9835953520164047
2025-07-14 14:36:24,851 - Starting trial 14
2025-07-14 14:36:24,878 - Train cohort size: 34135
2025-07-14 14:36:24,878 - Validation cohort size: 14630
2025-07-14 14:36:24,893 - Running experiment for setting={'nothing': 0}
2025-07-14 14:36:27,266 - {'num_epochs': 50, 'optimizer': 'adam', 'lr': 0.0001, 'reg_type': 'l2', 'lambda_reg': 0}
2025-07-14 14:36:28,067 - Finished with epoch 5
2025-07-14 14:36:28,068 - Mean (expected) train reward: 0.5569496154785156
2025-07-14 14:36:28,068 - Mean (expected) val reward: 0.5570362210273743
2025-07-14 14:36:28,176 - Mean (realized) train reward: 0.9822762560421855
2025-07-14 14:36:28,223 - Mean (realized) val reward: 0.98257006151743
2025-07-14 14:36:29,049 - Finished with epoch 10
2025-07-14 14:36:29,051 - Mean (expected) train reward: 0.6666445732116699
2025-07-14 14:36:29,051 - Mean (expected) val reward: 0.6667433977127075
2025-07-14 14:36:29,161 - Mean (realized) train reward: 0.9833894829354035
2025-07-14 14:36:29,208 - Mean (realized) val reward: 0.983321941216678
2025-07-14 14:36:30,047 - Finished with epoch 15
2025-07-14 14:36:30,048 - Mean (expected) train reward: 0.7569721341133118
2025-07-14 14:36:30,048 - Mean (expected) val reward: 0.757064700126648
2025-07-14 14:36:30,159 - Mean (realized) train reward: 0.9834187783799619
2025-07-14 14:36:30,206 - Mean (realized) val reward: 0.9834586466165414
2025-07-14 14:36:31,066 - Finished with epoch 20
2025-07-14 14:36:31,067 - Mean (expected) train reward: 0.8260994553565979
2025-07-14 14:36:31,067 - Mean (expected) val reward: 0.8261740207672119
2025-07-14 14:36:31,176 - Mean (realized) train reward: 0.9834773692690787
2025-07-14 14:36:31,224 - Mean (realized) val reward: 0.9834586466165414
2025-07-14 14:36:32,066 - Finished with epoch 25
2025-07-14 14:36:32,067 - Mean (expected) train reward: 0.8760808706283569
2025-07-14 14:36:32,067 - Mean (expected) val reward: 0.8761341571807861
2025-07-14 14:36:32,177 - Mean (realized) train reward: 0.9834773692690787
2025-07-14 14:36:32,224 - Mean (realized) val reward: 0.9834586466165414
2025-07-14 14:36:33,066 - Finished with epoch 30
2025-07-14 14:36:33,067 - Mean (expected) train reward: 0.910690188407898
2025-07-14 14:36:33,067 - Mean (expected) val reward: 0.910724937915802
2025-07-14 14:36:33,176 - Mean (realized) train reward: 0.9834773692690787
2025-07-14 14:36:33,223 - Mean (realized) val reward: 0.9834586466165414
2025-07-14 14:36:34,062 - Finished with epoch 35
2025-07-14 14:36:34,064 - Mean (expected) train reward: 0.9338400363922119
2025-07-14 14:36:34,064 - Mean (expected) val reward: 0.9338604211807251
2025-07-14 14:36:34,172 - Mean (realized) train reward: 0.9834773692690787
2025-07-14 14:36:34,219 - Mean (realized) val reward: 0.9834586466165414
2025-07-14 14:36:35,086 - Finished with epoch 40
2025-07-14 14:36:35,088 - Mean (expected) train reward: 0.9486492276191711
2025-07-14 14:36:35,088 - Mean (expected) val reward: 0.9486596584320068
2025-07-14 14:36:35,199 - Mean (realized) train reward: 0.9834773692690787
2025-07-14 14:36:35,247 - Mean (realized) val reward: 0.9834586466165414
2025-07-14 14:36:36,093 - Finished with epoch 45
2025-07-14 14:36:36,095 - Mean (expected) train reward: 0.9575505256652832
2025-07-14 14:36:36,095 - Mean (expected) val reward: 0.9575547575950623
2025-07-14 14:36:36,204 - Mean (realized) train reward: 0.9834773692690787
2025-07-14 14:36:36,252 - Mean (realized) val reward: 0.9834586466165414
2025-07-14 14:36:37,094 - Finished with epoch 50
2025-07-14 14:36:37,096 - Mean (expected) train reward: 0.9623512625694275
2025-07-14 14:36:37,096 - Mean (expected) val reward: 0.9623522162437439
2025-07-14 14:36:37,207 - Mean (realized) train reward: 0.9834773692690787
2025-07-14 14:36:37,255 - Mean (realized) val reward: 0.9834586466165414
2025-07-14 14:36:37,256 - Starting trial 15
2025-07-14 14:36:37,281 - Train cohort size: 34135
2025-07-14 14:36:37,281 - Validation cohort size: 14630
2025-07-14 14:36:37,295 - Running experiment for setting={'nothing': 0}
2025-07-14 14:36:39,593 - {'num_epochs': 50, 'optimizer': 'adam', 'lr': 0.0001, 'reg_type': 'l2', 'lambda_reg': 0}
2025-07-14 14:36:40,723 - Finished with epoch 5
2025-07-14 14:36:40,725 - Mean (expected) train reward: 0.7194965481758118
2025-07-14 14:36:40,725 - Mean (expected) val reward: 0.7193998098373413
2025-07-14 14:36:40,839 - Mean (realized) train reward: 0.9834480738245203
2025-07-14 14:36:40,886 - Mean (realized) val reward: 0.983526999316473
2025-07-14 14:36:41,744 - Finished with epoch 10
2025-07-14 14:36:41,745 - Mean (expected) train reward: 0.7989025115966797
2025-07-14 14:36:41,745 - Mean (expected) val reward: 0.7987863421440125
2025-07-14 14:36:41,857 - Mean (realized) train reward: 0.9834480738245203
2025-07-14 14:36:41,904 - Mean (realized) val reward: 0.983526999316473
2025-07-14 14:36:42,756 - Finished with epoch 15
2025-07-14 14:36:42,757 - Mean (expected) train reward: 0.8568330407142639
2025-07-14 14:36:42,758 - Mean (expected) val reward: 0.8567363023757935
2025-07-14 14:36:42,867 - Mean (realized) train reward: 0.9834480738245203
2025-07-14 14:36:42,914 - Mean (realized) val reward: 0.983526999316473
2025-07-14 14:36:43,765 - Finished with epoch 20
2025-07-14 14:36:43,767 - Mean (expected) train reward: 0.897533118724823
2025-07-14 14:36:43,767 - Mean (expected) val reward: 0.8974705338478088
2025-07-14 14:36:43,877 - Mean (realized) train reward: 0.9834480738245203
2025-07-14 14:36:43,924 - Mean (realized) val reward: 0.983526999316473
2025-07-14 14:36:44,777 - Finished with epoch 25
2025-07-14 14:36:44,778 - Mean (expected) train reward: 0.9251322746276855
2025-07-14 14:36:44,778 - Mean (expected) val reward: 0.9251037240028381
2025-07-14 14:36:44,888 - Mean (realized) train reward: 0.9834480738245203
2025-07-14 14:36:44,936 - Mean (realized) val reward: 0.983526999316473
2025-07-14 14:36:45,787 - Finished with epoch 30
2025-07-14 14:36:45,788 - Mean (expected) train reward: 0.94317227602005
2025-07-14 14:36:45,788 - Mean (expected) val reward: 0.9431710243225098
2025-07-14 14:36:45,900 - Mean (realized) train reward: 0.9834480738245203
2025-07-14 14:36:45,948 - Mean (realized) val reward: 0.983526999316473
2025-07-14 14:36:46,802 - Finished with epoch 35
2025-07-14 14:36:46,804 - Mean (expected) train reward: 0.9543273448944092
2025-07-14 14:36:46,804 - Mean (expected) val reward: 0.9543446898460388
2025-07-14 14:36:46,915 - Mean (realized) train reward: 0.9834480738245203
2025-07-14 14:36:46,964 - Mean (realized) val reward: 0.983526999316473
2025-07-14 14:36:47,817 - Finished with epoch 40
2025-07-14 14:36:47,818 - Mean (expected) train reward: 0.9606813788414001
2025-07-14 14:36:47,818 - Mean (expected) val reward: 0.9607098698616028
2025-07-14 14:36:47,928 - Mean (realized) train reward: 0.9834480738245203
2025-07-14 14:36:47,976 - Mean (realized) val reward: 0.983526999316473
2025-07-14 14:36:48,825 - Finished with epoch 45
2025-07-14 14:36:48,828 - Mean (expected) train reward: 0.963905930519104
2025-07-14 14:36:48,828 - Mean (expected) val reward: 0.9639396667480469
2025-07-14 14:36:48,939 - Mean (realized) train reward: 0.9834480738245203
2025-07-14 14:36:48,987 - Mean (realized) val reward: 0.983526999316473
2025-07-14 14:36:49,842 - Finished with epoch 50
2025-07-14 14:36:49,844 - Mean (expected) train reward: 0.9655208587646484
2025-07-14 14:36:49,844 - Mean (expected) val reward: 0.9655566215515137
2025-07-14 14:36:49,953 - Mean (realized) train reward: 0.9834480738245203
2025-07-14 14:36:50,001 - Mean (realized) val reward: 0.983526999316473
2025-07-14 14:36:50,003 - Starting trial 16
2025-07-14 14:36:50,031 - Train cohort size: 34135
2025-07-14 14:36:50,031 - Validation cohort size: 14630
2025-07-14 14:36:50,046 - Running experiment for setting={'nothing': 0}
2025-07-14 14:36:52,527 - {'num_epochs': 50, 'optimizer': 'adam', 'lr': 0.0001, 'reg_type': 'l2', 'lambda_reg': 0}
2025-07-14 14:36:53,338 - Finished with epoch 5
2025-07-14 14:36:53,339 - Mean (expected) train reward: 0.6864137649536133
2025-07-14 14:36:53,340 - Mean (expected) val reward: 0.6867541670799255
2025-07-14 14:36:53,450 - Mean (realized) train reward: 0.9831258239343782
2025-07-14 14:36:53,497 - Mean (realized) val reward: 0.9842788790157211
2025-07-14 14:36:54,341 - Finished with epoch 10
2025-07-14 14:36:54,342 - Mean (expected) train reward: 0.7733163237571716
2025-07-14 14:36:54,343 - Mean (expected) val reward: 0.7738545536994934
2025-07-14 14:36:54,453 - Mean (realized) train reward: 0.9831258239343782
2025-07-14 14:36:54,500 - Mean (realized) val reward: 0.9842788790157211
2025-07-14 14:36:55,344 - Finished with epoch 15
2025-07-14 14:36:55,345 - Mean (expected) train reward: 0.8381535410881042
2025-07-14 14:36:55,345 - Mean (expected) val reward: 0.8388511538505554
2025-07-14 14:36:55,455 - Mean (realized) train reward: 0.9831258239343782
2025-07-14 14:36:55,503 - Mean (realized) val reward: 0.9842788790157211
2025-07-14 14:36:56,344 - Finished with epoch 20
2025-07-14 14:36:56,345 - Mean (expected) train reward: 0.8844395875930786
2025-07-14 14:36:56,345 - Mean (expected) val reward: 0.885261595249176
2025-07-14 14:36:56,456 - Mean (realized) train reward: 0.9831258239343782
2025-07-14 14:36:56,504 - Mean (realized) val reward: 0.9842788790157211
2025-07-14 14:36:57,366 - Finished with epoch 25
2025-07-14 14:36:57,368 - Mean (expected) train reward: 0.9162203073501587
2025-07-14 14:36:57,368 - Mean (expected) val reward: 0.9171363115310669
2025-07-14 14:36:57,479 - Mean (realized) train reward: 0.9831258239343782
2025-07-14 14:36:57,526 - Mean (realized) val reward: 0.9842788790157211
2025-07-14 14:36:58,372 - Finished with epoch 30
2025-07-14 14:36:58,373 - Mean (expected) train reward: 0.9372978210449219
2025-07-14 14:36:58,373 - Mean (expected) val reward: 0.9382821321487427
2025-07-14 14:36:58,483 - Mean (realized) train reward: 0.9831258239343782
2025-07-14 14:36:58,530 - Mean (realized) val reward: 0.9842788790157211
2025-07-14 14:36:59,379 - Finished with epoch 35
2025-07-14 14:36:59,380 - Mean (expected) train reward: 0.9505835175514221
2025-07-14 14:36:59,381 - Mean (expected) val reward: 0.9516137838363647
2025-07-14 14:36:59,492 - Mean (realized) train reward: 0.9831258239343782
2025-07-14 14:36:59,540 - Mean (realized) val reward: 0.9842788790157211
2025-07-14 14:37:00,386 - Finished with epoch 40
2025-07-14 14:37:00,387 - Mean (expected) train reward: 0.9583351016044617
2025-07-14 14:37:00,387 - Mean (expected) val reward: 0.9593934416770935
2025-07-14 14:37:00,499 - Mean (realized) train reward: 0.9831258239343782
2025-07-14 14:37:00,546 - Mean (realized) val reward: 0.9842788790157211
2025-07-14 14:37:01,398 - Finished with epoch 45
2025-07-14 14:37:01,399 - Mean (expected) train reward: 0.9624103903770447
2025-07-14 14:37:01,400 - Mean (expected) val reward: 0.9634839296340942
2025-07-14 14:37:01,512 - Mean (realized) train reward: 0.9831258239343782
2025-07-14 14:37:01,561 - Mean (realized) val reward: 0.9842788790157211
2025-07-14 14:37:02,412 - Finished with epoch 50
2025-07-14 14:37:02,413 - Mean (expected) train reward: 0.9644984006881714
2025-07-14 14:37:02,413 - Mean (expected) val reward: 0.9655798077583313
2025-07-14 14:37:02,526 - Mean (realized) train reward: 0.9831258239343782
2025-07-14 14:37:02,574 - Mean (realized) val reward: 0.9842788790157211
2025-07-14 14:37:02,577 - Starting trial 17
2025-07-14 14:37:02,604 - Train cohort size: 34135
2025-07-14 14:37:02,604 - Validation cohort size: 14630
2025-07-14 14:37:02,618 - Running experiment for setting={'nothing': 0}
2025-07-14 14:37:05,052 - {'num_epochs': 50, 'optimizer': 'adam', 'lr': 0.0001, 'reg_type': 'l2', 'lambda_reg': 0}
2025-07-14 14:37:05,864 - Finished with epoch 5
2025-07-14 14:37:05,865 - Mean (expected) train reward: 0.640579342842102
2025-07-14 14:37:05,865 - Mean (expected) val reward: 0.6405101418495178
2025-07-14 14:37:05,974 - Mean (realized) train reward: 0.9833015966017284
2025-07-14 14:37:06,021 - Mean (realized) val reward: 0.9834586466165414
2025-07-14 14:37:06,852 - Finished with epoch 10
2025-07-14 14:37:06,853 - Mean (expected) train reward: 0.736935019493103
2025-07-14 14:37:06,854 - Mean (expected) val reward: 0.7368468046188354
2025-07-14 14:37:06,966 - Mean (realized) train reward: 0.9834187783799619
2025-07-14 14:37:07,014 - Mean (realized) val reward: 0.983526999316473
2025-07-14 14:37:07,848 - Finished with epoch 15
2025-07-14 14:37:07,850 - Mean (expected) train reward: 0.8112517595291138
2025-07-14 14:37:07,850 - Mean (expected) val reward: 0.8111753463745117
2025-07-14 14:37:07,961 - Mean (realized) train reward: 0.9834480738245203
2025-07-14 14:37:08,009 - Mean (realized) val reward: 0.983526999316473
2025-07-14 14:37:08,853 - Finished with epoch 20
2025-07-14 14:37:08,854 - Mean (expected) train reward: 0.8655403256416321
2025-07-14 14:37:08,854 - Mean (expected) val reward: 0.8654914498329163
2025-07-14 14:37:08,968 - Mean (realized) train reward: 0.9834480738245203
2025-07-14 14:37:09,015 - Mean (realized) val reward: 0.983526999316473
2025-07-14 14:37:09,856 - Finished with epoch 25
2025-07-14 14:37:09,858 - Mean (expected) train reward: 0.9035030007362366
2025-07-14 14:37:09,858 - Mean (expected) val reward: 0.9034847617149353
2025-07-14 14:37:09,969 - Mean (realized) train reward: 0.9834480738245203
2025-07-14 14:37:10,016 - Mean (realized) val reward: 0.983526999316473
2025-07-14 14:37:10,890 - Finished with epoch 30
2025-07-14 14:37:10,892 - Mean (expected) train reward: 0.9290881156921387
2025-07-14 14:37:10,892 - Mean (expected) val reward: 0.9290960431098938
2025-07-14 14:37:11,004 - Mean (realized) train reward: 0.9834480738245203
2025-07-14 14:37:11,052 - Mean (realized) val reward: 0.983526999316473
2025-07-14 14:37:11,907 - Finished with epoch 35
2025-07-14 14:37:11,908 - Mean (expected) train reward: 0.9457122683525085
2025-07-14 14:37:11,908 - Mean (expected) val reward: 0.9457395672798157
2025-07-14 14:37:12,022 - Mean (realized) train reward: 0.9834480738245203
2025-07-14 14:37:12,071 - Mean (realized) val reward: 0.983526999316473
2025-07-14 14:37:12,925 - Finished with epoch 40
2025-07-14 14:37:12,926 - Mean (expected) train reward: 0.9558744430541992
2025-07-14 14:37:12,926 - Mean (expected) val reward: 0.9559143781661987
2025-07-14 14:37:13,039 - Mean (realized) train reward: 0.9834480738245203
2025-07-14 14:37:13,086 - Mean (realized) val reward: 0.983526999316473
2025-07-14 14:37:13,941 - Finished with epoch 45
2025-07-14 14:37:13,942 - Mean (expected) train reward: 0.9614425897598267
2025-07-14 14:37:13,942 - Mean (expected) val reward: 0.9614894986152649
2025-07-14 14:37:14,056 - Mean (realized) train reward: 0.9834480738245203
2025-07-14 14:37:14,105 - Mean (realized) val reward: 0.983526999316473
2025-07-14 14:37:14,988 - Finished with epoch 50
2025-07-14 14:37:14,989 - Mean (expected) train reward: 0.964304506778717
2025-07-14 14:37:14,989 - Mean (expected) val reward: 0.964354932308197
2025-07-14 14:37:15,101 - Mean (realized) train reward: 0.9834480738245203
2025-07-14 14:37:15,150 - Mean (realized) val reward: 0.983526999316473
2025-07-14 14:37:15,152 - Starting trial 18
2025-07-14 14:37:15,177 - Train cohort size: 34135
2025-07-14 14:37:15,177 - Validation cohort size: 14630
2025-07-14 14:37:15,191 - Running experiment for setting={'nothing': 0}
2025-07-14 14:37:17,487 - {'num_epochs': 50, 'optimizer': 'adam', 'lr': 0.0001, 'reg_type': 'l2', 'lambda_reg': 0}
2025-07-14 14:37:18,300 - Finished with epoch 5
2025-07-14 14:37:18,302 - Mean (expected) train reward: 0.5713974833488464
2025-07-14 14:37:18,302 - Mean (expected) val reward: 0.5711082816123962
2025-07-14 14:37:18,410 - Mean (realized) train reward: 0.9834480738245203
2025-07-14 14:37:18,457 - Mean (realized) val reward: 0.9828434723171565
2025-07-14 14:37:19,293 - Finished with epoch 10
2025-07-14 14:37:19,294 - Mean (expected) train reward: 0.6792610287666321
2025-07-14 14:37:19,294 - Mean (expected) val reward: 0.6787230968475342
2025-07-14 14:37:19,403 - Mean (realized) train reward: 0.9836531419364288
2025-07-14 14:37:19,450 - Mean (realized) val reward: 0.9829118250170882
2025-07-14 14:37:20,289 - Finished with epoch 15
2025-07-14 14:37:20,291 - Mean (expected) train reward: 0.7670366764068604
2025-07-14 14:37:20,291 - Mean (expected) val reward: 0.7663437128067017
2025-07-14 14:37:20,402 - Mean (realized) train reward: 0.9837117328255456
2025-07-14 14:37:20,449 - Mean (realized) val reward: 0.9829118250170882
2025-07-14 14:37:21,294 - Finished with epoch 20
2025-07-14 14:37:21,295 - Mean (expected) train reward: 0.8336281776428223
2025-07-14 14:37:21,295 - Mean (expected) val reward: 0.8328549265861511
2025-07-14 14:37:21,405 - Mean (realized) train reward: 0.9837117328255456
2025-07-14 14:37:21,453 - Mean (realized) val reward: 0.9829118250170882
2025-07-14 14:37:22,302 - Finished with epoch 25
2025-07-14 14:37:22,303 - Mean (expected) train reward: 0.881479024887085
2025-07-14 14:37:22,303 - Mean (expected) val reward: 0.8806713819503784
2025-07-14 14:37:22,411 - Mean (realized) train reward: 0.9837117328255456
2025-07-14 14:37:22,459 - Mean (realized) val reward: 0.9829118250170882
2025-07-14 14:37:23,306 - Finished with epoch 30
2025-07-14 14:37:23,307 - Mean (expected) train reward: 0.9144597053527832
2025-07-14 14:37:23,307 - Mean (expected) val reward: 0.9136418104171753
2025-07-14 14:37:23,418 - Mean (realized) train reward: 0.9837117328255456
2025-07-14 14:37:23,466 - Mean (realized) val reward: 0.9829118250170882
2025-07-14 14:37:24,318 - Finished with epoch 35
2025-07-14 14:37:24,319 - Mean (expected) train reward: 0.9364245533943176
2025-07-14 14:37:24,319 - Mean (expected) val reward: 0.9356064796447754
2025-07-14 14:37:24,430 - Mean (realized) train reward: 0.9837117328255456
2025-07-14 14:37:24,479 - Mean (realized) val reward: 0.9829118250170882
2025-07-14 14:37:25,326 - Finished with epoch 40
2025-07-14 14:37:25,327 - Mean (expected) train reward: 0.9504276514053345
2025-07-14 14:37:25,327 - Mean (expected) val reward: 0.949612021446228
2025-07-14 14:37:25,438 - Mean (realized) train reward: 0.9837117328255456
2025-07-14 14:37:25,487 - Mean (realized) val reward: 0.9829118250170882
2025-07-14 14:37:26,334 - Finished with epoch 45
2025-07-14 14:37:26,335 - Mean (expected) train reward: 0.9587088823318481
2025-07-14 14:37:26,335 - Mean (expected) val reward: 0.9578956961631775
2025-07-14 14:37:26,446 - Mean (realized) train reward: 0.9837117328255456
2025-07-14 14:37:26,495 - Mean (realized) val reward: 0.9829118250170882
2025-07-14 14:37:27,348 - Finished with epoch 50
2025-07-14 14:37:27,350 - Mean (expected) train reward: 0.9631098508834839
2025-07-14 14:37:27,350 - Mean (expected) val reward: 0.9622979164123535
2025-07-14 14:37:27,461 - Mean (realized) train reward: 0.9837117328255456
2025-07-14 14:37:27,509 - Mean (realized) val reward: 0.9829118250170882
2025-07-14 14:37:27,511 - Starting trial 19
2025-07-14 14:37:27,534 - Train cohort size: 34135
2025-07-14 14:37:27,534 - Validation cohort size: 14630
2025-07-14 14:37:27,549 - Running experiment for setting={'nothing': 0}
2025-07-14 14:37:29,814 - {'num_epochs': 50, 'optimizer': 'adam', 'lr': 0.0001, 'reg_type': 'l2', 'lambda_reg': 0}
2025-07-14 14:37:30,636 - Finished with epoch 5
2025-07-14 14:37:30,637 - Mean (expected) train reward: 0.5395283699035645
2025-07-14 14:37:30,637 - Mean (expected) val reward: 0.539574384689331
2025-07-14 14:37:30,748 - Mean (realized) train reward: 0.9802841658122162
2025-07-14 14:37:30,794 - Mean (realized) val reward: 0.9816131237183868
2025-07-14 14:37:31,629 - Finished with epoch 10
2025-07-14 14:37:31,630 - Mean (expected) train reward: 0.6512558460235596
2025-07-14 14:37:31,630 - Mean (expected) val reward: 0.6513742208480835
2025-07-14 14:37:31,741 - Mean (realized) train reward: 0.9833308920462868
2025-07-14 14:37:31,788 - Mean (realized) val reward: 0.9835953520164047
2025-07-14 14:37:32,628 - Finished with epoch 15
2025-07-14 14:37:32,629 - Mean (expected) train reward: 0.7446141242980957
2025-07-14 14:37:32,629 - Mean (expected) val reward: 0.7447847127914429
2025-07-14 14:37:32,739 - Mean (realized) train reward: 0.9833894829354035
2025-07-14 14:37:32,787 - Mean (realized) val reward: 0.9836637047163362
2025-07-14 14:37:33,631 - Finished with epoch 20
2025-07-14 14:37:33,634 - Mean (expected) train reward: 0.8168358206748962
2025-07-14 14:37:33,634 - Mean (expected) val reward: 0.8170421719551086
2025-07-14 14:37:33,743 - Mean (realized) train reward: 0.9833894829354035
2025-07-14 14:37:33,790 - Mean (realized) val reward: 0.9836637047163362
2025-07-14 14:37:34,639 - Finished with epoch 25
2025-07-14 14:37:34,640 - Mean (expected) train reward: 0.8694559335708618
2025-07-14 14:37:34,641 - Mean (expected) val reward: 0.8696868419647217
2025-07-14 14:37:34,750 - Mean (realized) train reward: 0.9833894829354035
2025-07-14 14:37:34,798 - Mean (realized) val reward: 0.9836637047163362
2025-07-14 14:37:35,646 - Finished with epoch 30
2025-07-14 14:37:35,647 - Mean (expected) train reward: 0.9061416387557983
2025-07-14 14:37:35,647 - Mean (expected) val reward: 0.9063873291015625
2025-07-14 14:37:35,758 - Mean (realized) train reward: 0.9833894829354035
2025-07-14 14:37:35,806 - Mean (realized) val reward: 0.9836637047163362
2025-07-14 14:37:36,654 - Finished with epoch 35
2025-07-14 14:37:36,655 - Mean (expected) train reward: 0.9307928681373596
2025-07-14 14:37:36,655 - Mean (expected) val reward: 0.9310471415519714
2025-07-14 14:37:36,765 - Mean (realized) train reward: 0.9833894829354035
2025-07-14 14:37:36,812 - Mean (realized) val reward: 0.9836637047163362
2025-07-14 14:37:37,659 - Finished with epoch 40
2025-07-14 14:37:37,661 - Mean (expected) train reward: 0.9467405080795288
2025-07-14 14:37:37,661 - Mean (expected) val reward: 0.9469994306564331
2025-07-14 14:37:37,773 - Mean (realized) train reward: 0.9833894829354035
2025-07-14 14:37:37,821 - Mean (realized) val reward: 0.9836637047163362
2025-07-14 14:37:38,673 - Finished with epoch 45
2025-07-14 14:37:38,674 - Mean (expected) train reward: 0.9564085006713867
2025-07-14 14:37:38,674 - Mean (expected) val reward: 0.9566699862480164
2025-07-14 14:37:38,785 - Mean (realized) train reward: 0.9833894829354035
2025-07-14 14:37:38,833 - Mean (realized) val reward: 0.9836637047163362
2025-07-14 14:37:39,682 - Finished with epoch 50
2025-07-14 14:37:39,684 - Mean (expected) train reward: 0.9616653323173523
2025-07-14 14:37:39,684 - Mean (expected) val reward: 0.961927592754364
2025-07-14 14:37:39,795 - Mean (realized) train reward: 0.9833894829354035
2025-07-14 14:37:39,843 - Mean (realized) val reward: 0.9836637047163362
2025-07-14 14:37:39,845 - Storing primary outcomes...
2025-07-14 14:37:39,964 - Storing primary outcomes...
2025-07-14 14:37:40,016 - Storing primary outcomes...
2025-07-14 14:37:40,130 - Storing primary outcomes...
2025-07-14 14:37:40,181 - Storing primary outcomes...
2025-07-14 14:37:40,326 - Storing primary outcomes...
2025-07-14 14:37:40,462 - Storing primary outcomes...
2025-07-14 14:37:40,572 - Storing primary outcomes...
2025-07-14 14:37:40,626 - Storing primary outcomes...
2025-07-14 14:37:40,739 - Storing primary outcomes...
2025-07-14 14:37:40,790 - Storing primary outcomes...
2025-07-14 14:37:40,905 - Storing primary outcomes...
2025-07-14 14:37:40,959 - Storing primary outcomes...
2025-07-14 14:37:41,085 - Storing primary outcomes...
2025-07-14 14:37:41,137 - Storing primary outcomes...
2025-07-14 14:37:41,253 - Storing primary outcomes...
2025-07-14 14:37:41,306 - Storing primary outcomes...
2025-07-14 14:37:41,436 - Storing primary outcomes...
2025-07-14 14:37:41,489 - Storing primary outcomes...
2025-07-14 14:37:41,603 - Storing primary outcomes...
2025-07-14 14:37:41,655 - Storing primary outcomes...
2025-07-14 14:37:41,771 - Storing primary outcomes...
2025-07-14 14:37:41,823 - Storing primary outcomes...
2025-07-14 14:37:41,939 - Storing primary outcomes...
2025-07-14 14:37:41,992 - Storing primary outcomes...
2025-07-14 14:37:42,107 - Storing primary outcomes...
2025-07-14 14:37:42,159 - Storing primary outcomes...
2025-07-14 14:37:42,275 - Storing primary outcomes...
2025-07-14 14:37:42,327 - Storing primary outcomes...
2025-07-14 14:37:42,443 - Storing primary outcomes...
2025-07-14 14:37:42,495 - Storing primary outcomes...
2025-07-14 14:37:42,611 - Storing primary outcomes...
2025-07-14 14:37:42,664 - Storing primary outcomes...
2025-07-14 14:37:42,781 - Storing primary outcomes...
2025-07-14 14:37:42,837 - Storing primary outcomes...
2025-07-14 14:37:42,952 - Storing primary outcomes...
2025-07-14 14:37:43,004 - Storing primary outcomes...
2025-07-14 14:37:43,119 - Storing primary outcomes...
2025-07-14 14:37:43,171 - Storing primary outcomes...
2025-07-14 14:37:43,285 - Storing primary outcomes...
2025-07-14 14:37:43,339 - Completed calculating means
2025-07-14 14:37:43,339 - Completed calculating means
