2025-07-16 11:01:18,241 - Namespace(exp_name='my_experiment', mode='direct', num_trials=20, features_path='other_data/features_formatted.csv', outcomes_path='other_data/outcomes.csv', metadata_path='other_data/metadata.csv', validate=True, test_features_path=None, test_outcomes_path=None, best_models_path=None, best_hyperparams_path=None, predictions_path=None, threshold_combos_path=None, best_thresholds_path=None, threshold_selection_config_path=None, model_params_config_path=None, reward_params_path='reward_space.json', defer=False)
2025-07-16 11:01:18,241 - Reading in data...
2025-07-16 11:01:18,316 - Train cohort size: 48765
2025-07-16 11:01:18,334 - Starting trial 0
2025-07-16 11:01:18,355 - Train TB proportion: 0.01652263073092134
2025-07-16 11:01:18,355 - Val TB proportion: 0.016541353383458645
2025-07-16 11:01:18,374 - Train cohort size: 34135
2025-07-16 11:01:18,374 - Validation cohort size: 14630
2025-07-16 11:01:18,387 - Running experiment for setting={'nothing': 0}
2025-07-16 11:01:20,602 - {'num_epochs': 50, 'optimizer': 'adam', 'lr': 0.0001, 'reg_type': 'l2', 'lambda_reg': 0}
2025-07-16 11:01:22,691 - Finished with epoch 5
2025-07-16 11:01:22,694 - Mean (expected) train reward: -0.005229344125837088
2025-07-16 11:01:22,694 - Mean (expected) val reward: -0.004423442762345076
2025-07-16 11:01:22,802 - Mean (realized) train reward: 0.015760949172403692
2025-07-16 11:01:22,845 - Mean (realized) val reward: 0.01804511278195489
2025-07-16 11:01:23,653 - Finished with epoch 10
2025-07-16 11:01:23,654 - Mean (expected) train reward: -0.004941818304359913
2025-07-16 11:01:23,654 - Mean (expected) val reward: -0.004253186751157045
2025-07-16 11:01:23,755 - Mean (realized) train reward: 0.015760949172403692
2025-07-16 11:01:23,799 - Mean (realized) val reward: 0.01804511278195489
2025-07-16 11:01:24,597 - Finished with epoch 15
2025-07-16 11:01:24,598 - Mean (expected) train reward: -0.004654263611882925
2025-07-16 11:01:24,598 - Mean (expected) val reward: -0.004080560989677906
2025-07-16 11:01:24,702 - Mean (realized) train reward: 0.015760949172403692
2025-07-16 11:01:24,745 - Mean (realized) val reward: 0.01804511278195489
2025-07-16 11:01:25,563 - Finished with epoch 20
2025-07-16 11:01:25,564 - Mean (expected) train reward: -0.004366787616163492
2025-07-16 11:01:25,564 - Mean (expected) val reward: -0.003908986691385508
2025-07-16 11:01:25,665 - Mean (realized) train reward: 0.015760949172403692
2025-07-16 11:01:25,709 - Mean (realized) val reward: 0.01804511278195489
2025-07-16 11:01:26,502 - Finished with epoch 25
2025-07-16 11:01:26,503 - Mean (expected) train reward: -0.004075084812939167
2025-07-16 11:01:26,503 - Mean (expected) val reward: -0.003727875417098403
2025-07-16 11:01:26,604 - Mean (realized) train reward: 0.015760949172403692
2025-07-16 11:01:26,648 - Mean (realized) val reward: 0.01804511278195489
2025-07-16 11:01:27,455 - Finished with epoch 30
2025-07-16 11:01:27,456 - Mean (expected) train reward: -0.003785728244110942
2025-07-16 11:01:27,456 - Mean (expected) val reward: -0.00355333904735744
2025-07-16 11:01:27,556 - Mean (realized) train reward: 0.015760949172403692
2025-07-16 11:01:27,599 - Mean (realized) val reward: 0.01804511278195489
2025-07-16 11:01:28,397 - Finished with epoch 35
2025-07-16 11:01:28,398 - Mean (expected) train reward: -0.0034977158065885305
2025-07-16 11:01:28,398 - Mean (expected) val reward: -0.0033791866153478622
2025-07-16 11:01:28,501 - Mean (realized) train reward: 0.015760949172403692
2025-07-16 11:01:28,545 - Mean (realized) val reward: 0.01804511278195489
2025-07-16 11:01:29,340 - Finished with epoch 40
2025-07-16 11:01:29,341 - Mean (expected) train reward: -0.0031991112045943737
2025-07-16 11:01:29,341 - Mean (expected) val reward: -0.003187144873663783
2025-07-16 11:01:29,442 - Mean (realized) train reward: 0.015760949172403692
2025-07-16 11:01:29,485 - Mean (realized) val reward: 0.01804511278195489
2025-07-16 11:01:30,300 - Finished with epoch 45
2025-07-16 11:01:30,301 - Mean (expected) train reward: -0.0028996840119361877
2025-07-16 11:01:30,301 - Mean (expected) val reward: -0.002998899668455124
2025-07-16 11:01:30,401 - Mean (realized) train reward: 0.015760949172403692
2025-07-16 11:01:30,444 - Mean (realized) val reward: 0.01804511278195489
2025-07-16 11:01:31,257 - Finished with epoch 50
2025-07-16 11:01:31,258 - Mean (expected) train reward: -0.002608589129522443
2025-07-16 11:01:31,258 - Mean (expected) val reward: -0.0028196489438414574
2025-07-16 11:01:31,358 - Mean (realized) train reward: 0.015760949172403692
2025-07-16 11:01:31,401 - Mean (realized) val reward: 0.01804511278195489
2025-07-16 11:01:31,409 - Starting trial 1
2025-07-16 11:01:31,427 - Train TB proportion: 0.01652263073092134
2025-07-16 11:01:31,427 - Val TB proportion: 0.016541353383458645
2025-07-16 11:01:31,444 - Train cohort size: 34135
2025-07-16 11:01:31,444 - Validation cohort size: 14630
2025-07-16 11:01:31,457 - Running experiment for setting={'nothing': 0}
2025-07-16 11:01:33,931 - {'num_epochs': 50, 'optimizer': 'adam', 'lr': 0.0001, 'reg_type': 'l2', 'lambda_reg': 0}
2025-07-16 11:01:34,874 - Finished with epoch 5
2025-07-16 11:01:34,876 - Mean (expected) train reward: -0.009899635799229145
2025-07-16 11:01:34,876 - Mean (expected) val reward: -0.009457099251449108
2025-07-16 11:01:34,978 - Mean (realized) train reward: -0.03304526146184268
2025-07-16 11:01:35,025 - Mean (realized) val reward: -0.03308270676691729
2025-07-16 11:01:36,105 - Finished with epoch 10
2025-07-16 11:01:36,120 - Mean (expected) train reward: -0.009712784551084042
2025-07-16 11:01:36,120 - Mean (expected) val reward: -0.00927533395588398
2025-07-16 11:01:36,309 - Mean (realized) train reward: -0.03304526146184268
2025-07-16 11:01:36,373 - Mean (realized) val reward: -0.03308270676691729
2025-07-16 11:01:37,189 - Finished with epoch 15
2025-07-16 11:01:37,190 - Mean (expected) train reward: -0.009503825567662716
2025-07-16 11:01:37,191 - Mean (expected) val reward: -0.009070554748177528
2025-07-16 11:01:37,291 - Mean (realized) train reward: -0.03304526146184268
2025-07-16 11:01:37,334 - Mean (realized) val reward: -0.03308270676691729
2025-07-16 11:01:38,200 - Finished with epoch 20
2025-07-16 11:01:38,201 - Mean (expected) train reward: -0.009304064325988293
2025-07-16 11:01:38,201 - Mean (expected) val reward: -0.008878296241164207
2025-07-16 11:01:38,301 - Mean (realized) train reward: -0.03304526146184268
2025-07-16 11:01:38,344 - Mean (realized) val reward: -0.03308270676691729
2025-07-16 11:01:39,154 - Finished with epoch 25
2025-07-16 11:01:39,156 - Mean (expected) train reward: -0.009110025130212307
2025-07-16 11:01:39,156 - Mean (expected) val reward: -0.008689872920513153
2025-07-16 11:01:39,258 - Mean (realized) train reward: -0.033103852350959424
2025-07-16 11:01:39,301 - Mean (realized) val reward: -0.03308270676691729
2025-07-16 11:01:40,119 - Finished with epoch 30
2025-07-16 11:01:40,120 - Mean (expected) train reward: -0.008909298107028008
2025-07-16 11:01:40,120 - Mean (expected) val reward: -0.008495586924254894
2025-07-16 11:01:40,220 - Mean (realized) train reward: -0.0359748059176798
2025-07-16 11:01:40,263 - Mean (realized) val reward: -0.02816131237183869
2025-07-16 11:01:41,076 - Finished with epoch 35
2025-07-16 11:01:41,077 - Mean (expected) train reward: -0.008711138740181923
2025-07-16 11:01:41,077 - Mean (expected) val reward: -0.008306200616061687
2025-07-16 11:01:41,178 - Mean (realized) train reward: -0.03386553390947707
2025-07-16 11:01:41,222 - Mean (realized) val reward: -0.011756664388243335
2025-07-16 11:01:42,025 - Finished with epoch 40
2025-07-16 11:01:42,027 - Mean (expected) train reward: -0.00849961955100298
2025-07-16 11:01:42,027 - Mean (expected) val reward: -0.008100946433842182
2025-07-16 11:01:42,130 - Mean (realized) train reward: 0.002519408232019921
2025-07-16 11:01:42,174 - Mean (realized) val reward: -0.024880382775119617
2025-07-16 11:01:43,004 - Finished with epoch 45
2025-07-16 11:01:43,006 - Mean (expected) train reward: -0.0083040501922369
2025-07-16 11:01:43,006 - Mean (expected) val reward: -0.007911291904747486
2025-07-16 11:01:43,107 - Mean (realized) train reward: 0.09058151457448367
2025-07-16 11:01:43,151 - Mean (realized) val reward: -0.01722488038277512
2025-07-16 11:01:44,008 - Finished with epoch 50
2025-07-16 11:01:44,009 - Mean (expected) train reward: -0.008093509823083878
2025-07-16 11:01:44,010 - Mean (expected) val reward: -0.007704529911279678
2025-07-16 11:01:44,113 - Mean (realized) train reward: -0.012186904936282408
2025-07-16 11:01:44,157 - Mean (realized) val reward: -0.06807928913192071
2025-07-16 11:01:44,161 - Starting trial 2
2025-07-16 11:01:44,179 - Train TB proportion: 0.01652263073092134
2025-07-16 11:01:44,179 - Val TB proportion: 0.016541353383458645
2025-07-16 11:01:44,197 - Train cohort size: 34135
2025-07-16 11:01:44,197 - Validation cohort size: 14630
2025-07-16 11:01:44,210 - Running experiment for setting={'nothing': 0}
2025-07-16 11:01:46,673 - {'num_epochs': 50, 'optimizer': 'adam', 'lr': 0.0001, 'reg_type': 'l2', 'lambda_reg': 0}
2025-07-16 11:01:47,485 - Finished with epoch 5
2025-07-16 11:01:47,486 - Mean (expected) train reward: -0.005437023006379604
2025-07-16 11:01:47,486 - Mean (expected) val reward: -0.004356679040938616
2025-07-16 11:01:47,586 - Mean (realized) train reward: 0.015760949172403692
2025-07-16 11:01:47,629 - Mean (realized) val reward: 0.01804511278195489
2025-07-16 11:01:48,418 - Finished with epoch 10
2025-07-16 11:01:48,419 - Mean (expected) train reward: -0.0051834844052791595
2025-07-16 11:01:48,420 - Mean (expected) val reward: -0.004159796517342329
2025-07-16 11:01:48,521 - Mean (realized) train reward: 0.015760949172403692
2025-07-16 11:01:48,566 - Mean (realized) val reward: 0.01804511278195489
2025-07-16 11:01:49,508 - Finished with epoch 15
2025-07-16 11:01:49,511 - Mean (expected) train reward: -0.004901622887700796
2025-07-16 11:01:49,512 - Mean (expected) val reward: -0.003937658853828907
2025-07-16 11:01:49,626 - Mean (realized) train reward: 0.015760949172403692
2025-07-16 11:01:49,676 - Mean (realized) val reward: 0.01804511278195489
2025-07-16 11:01:50,678 - Finished with epoch 20
2025-07-16 11:01:50,681 - Mean (expected) train reward: -0.004646847024559975
2025-07-16 11:01:50,682 - Mean (expected) val reward: -0.00374218774959445
2025-07-16 11:01:50,798 - Mean (realized) train reward: 0.015760949172403692
2025-07-16 11:01:50,843 - Mean (realized) val reward: 0.01804511278195489
2025-07-16 11:01:51,662 - Finished with epoch 25
2025-07-16 11:01:51,663 - Mean (expected) train reward: -0.0043669953010976315
2025-07-16 11:01:51,663 - Mean (expected) val reward: -0.0035175643861293793
2025-07-16 11:01:51,766 - Mean (realized) train reward: 0.015760949172403692
2025-07-16 11:01:51,811 - Mean (realized) val reward: 0.01804511278195489
2025-07-16 11:01:52,634 - Finished with epoch 30
2025-07-16 11:01:52,635 - Mean (expected) train reward: -0.004122117999941111
2025-07-16 11:01:52,635 - Mean (expected) val reward: -0.003331173676997423
2025-07-16 11:01:52,738 - Mean (realized) train reward: 0.015760949172403692
2025-07-16 11:01:52,783 - Mean (realized) val reward: 0.01804511278195489
2025-07-16 11:01:53,610 - Finished with epoch 35
2025-07-16 11:01:53,611 - Mean (expected) train reward: -0.0038320887833833694
2025-07-16 11:01:53,612 - Mean (expected) val reward: -0.003099017310887575
2025-07-16 11:01:53,718 - Mean (realized) train reward: 0.015760949172403692
2025-07-16 11:01:53,764 - Mean (realized) val reward: 0.01804511278195489
2025-07-16 11:01:55,025 - Finished with epoch 40
2025-07-16 11:01:55,028 - Mean (expected) train reward: -0.003568494226783514
2025-07-16 11:01:55,028 - Mean (expected) val reward: -0.0028914962895214558
2025-07-16 11:01:55,143 - Mean (realized) train reward: 0.015760949172403692
2025-07-16 11:01:55,190 - Mean (realized) val reward: 0.01804511278195489
2025-07-16 11:01:56,080 - Finished with epoch 45
2025-07-16 11:01:56,081 - Mean (expected) train reward: -0.003312645247206092
2025-07-16 11:01:56,081 - Mean (expected) val reward: -0.0026921280659735203
2025-07-16 11:01:56,186 - Mean (realized) train reward: 0.015760949172403692
2025-07-16 11:01:56,231 - Mean (realized) val reward: 0.01804511278195489
2025-07-16 11:01:57,310 - Finished with epoch 50
2025-07-16 11:01:57,313 - Mean (expected) train reward: -0.003035318572074175
2025-07-16 11:01:57,313 - Mean (expected) val reward: -0.002469611121341586
2025-07-16 11:01:57,424 - Mean (realized) train reward: 0.015760949172403692
2025-07-16 11:01:57,471 - Mean (realized) val reward: 0.01804511278195489
2025-07-16 11:01:57,474 - Starting trial 3
2025-07-16 11:01:57,501 - Train TB proportion: 0.01652263073092134
2025-07-16 11:01:57,501 - Val TB proportion: 0.016541353383458645
2025-07-16 11:01:57,532 - Train cohort size: 34135
2025-07-16 11:01:57,532 - Validation cohort size: 14630
2025-07-16 11:01:57,548 - Running experiment for setting={'nothing': 0}
2025-07-16 11:02:00,718 - {'num_epochs': 50, 'optimizer': 'adam', 'lr': 0.0001, 'reg_type': 'l2', 'lambda_reg': 0}
2025-07-16 11:02:01,530 - Finished with epoch 5
2025-07-16 11:02:01,531 - Mean (expected) train reward: -0.007954442873597145
2025-07-16 11:02:01,531 - Mean (expected) val reward: -0.006075283512473106
2025-07-16 11:02:01,632 - Mean (realized) train reward: 0.01622967628533763
2025-07-16 11:02:01,677 - Mean (realized) val reward: 0.01818181818181818
2025-07-16 11:02:02,503 - Finished with epoch 10
2025-07-16 11:02:02,504 - Mean (expected) train reward: -0.0076739187352359295
2025-07-16 11:02:02,504 - Mean (expected) val reward: -0.005894969683140516
2025-07-16 11:02:02,606 - Mean (realized) train reward: 0.015760949172403692
2025-07-16 11:02:02,650 - Mean (realized) val reward: 0.01804511278195489
2025-07-16 11:02:03,474 - Finished with epoch 15
2025-07-16 11:02:03,475 - Mean (expected) train reward: -0.007389890495687723
2025-07-16 11:02:03,476 - Mean (expected) val reward: -0.005707436241209507
2025-07-16 11:02:03,580 - Mean (realized) train reward: 0.015760949172403692
2025-07-16 11:02:03,624 - Mean (realized) val reward: 0.01804511278195489
2025-07-16 11:02:04,652 - Finished with epoch 20
2025-07-16 11:02:04,654 - Mean (expected) train reward: -0.007118678651750088
2025-07-16 11:02:04,654 - Mean (expected) val reward: -0.005534627009183168
2025-07-16 11:02:04,761 - Mean (realized) train reward: 0.015760949172403692
2025-07-16 11:02:04,806 - Mean (realized) val reward: 0.01804511278195489
2025-07-16 11:02:05,658 - Finished with epoch 25
2025-07-16 11:02:05,660 - Mean (expected) train reward: -0.006855992134660482
2025-07-16 11:02:05,660 - Mean (expected) val reward: -0.005369048099964857
2025-07-16 11:02:05,765 - Mean (realized) train reward: 0.015760949172403692
2025-07-16 11:02:05,810 - Mean (realized) val reward: 0.01804511278195489
2025-07-16 11:02:06,666 - Finished with epoch 30
2025-07-16 11:02:06,667 - Mean (expected) train reward: -0.006572822108864784
2025-07-16 11:02:06,667 - Mean (expected) val reward: -0.005182434804737568
2025-07-16 11:02:06,771 - Mean (realized) train reward: 0.015760949172403692
2025-07-16 11:02:06,817 - Mean (realized) val reward: 0.01804511278195489
2025-07-16 11:02:07,655 - Finished with epoch 35
2025-07-16 11:02:07,656 - Mean (expected) train reward: -0.006295316386967897
2025-07-16 11:02:07,656 - Mean (expected) val reward: -0.005000083241611719
2025-07-16 11:02:07,763 - Mean (realized) train reward: 0.015760949172403692
2025-07-16 11:02:07,808 - Mean (realized) val reward: 0.01804511278195489
2025-07-16 11:02:08,645 - Finished with epoch 40
2025-07-16 11:02:08,647 - Mean (expected) train reward: -0.0060159582644701
2025-07-16 11:02:08,647 - Mean (expected) val reward: -0.004817611072212458
2025-07-16 11:02:08,752 - Mean (realized) train reward: 0.015760949172403692
2025-07-16 11:02:08,797 - Mean (realized) val reward: 0.01804511278195489
2025-07-16 11:02:09,635 - Finished with epoch 45
2025-07-16 11:02:09,636 - Mean (expected) train reward: -0.005753636825829744
2025-07-16 11:02:09,636 - Mean (expected) val reward: -0.004652667790651321
2025-07-16 11:02:09,742 - Mean (realized) train reward: 0.015760949172403692
2025-07-16 11:02:09,787 - Mean (realized) val reward: 0.01804511278195489
2025-07-16 11:02:10,616 - Finished with epoch 50
2025-07-16 11:02:10,617 - Mean (expected) train reward: -0.00547384936362505
2025-07-16 11:02:10,617 - Mean (expected) val reward: -0.004468738101422787
2025-07-16 11:02:10,723 - Mean (realized) train reward: 0.015760949172403692
2025-07-16 11:02:10,768 - Mean (realized) val reward: 0.01804511278195489
2025-07-16 11:02:10,771 - Starting trial 4
2025-07-16 11:02:10,795 - Train TB proportion: 0.01652263073092134
2025-07-16 11:02:10,795 - Val TB proportion: 0.016541353383458645
2025-07-16 11:02:10,814 - Train cohort size: 34135
2025-07-16 11:02:10,814 - Validation cohort size: 14630
2025-07-16 11:02:10,828 - Running experiment for setting={'nothing': 0}
2025-07-16 11:02:13,282 - {'num_epochs': 50, 'optimizer': 'adam', 'lr': 0.0001, 'reg_type': 'l2', 'lambda_reg': 0}
2025-07-16 11:02:14,101 - Finished with epoch 5
2025-07-16 11:02:14,102 - Mean (expected) train reward: -0.004344980698078871
2025-07-16 11:02:14,102 - Mean (expected) val reward: -0.0037782732397317886
2025-07-16 11:02:14,202 - Mean (realized) train reward: 0.015760949172403692
2025-07-16 11:02:14,246 - Mean (realized) val reward: 0.01804511278195489
2025-07-16 11:02:15,085 - Finished with epoch 10
2025-07-16 11:02:15,086 - Mean (expected) train reward: -0.004072817973792553
2025-07-16 11:02:15,086 - Mean (expected) val reward: -0.0035980266984552145
2025-07-16 11:02:15,190 - Mean (realized) train reward: 0.015760949172403692
2025-07-16 11:02:15,235 - Mean (realized) val reward: 0.01804511278195489
2025-07-16 11:02:16,054 - Finished with epoch 15
2025-07-16 11:02:16,056 - Mean (expected) train reward: -0.003779927734285593
2025-07-16 11:02:16,056 - Mean (expected) val reward: -0.0033962440211325884
2025-07-16 11:02:16,159 - Mean (realized) train reward: 0.015760949172403692
2025-07-16 11:02:16,203 - Mean (realized) val reward: 0.01804511278195489
2025-07-16 11:02:17,092 - Finished with epoch 20
2025-07-16 11:02:17,093 - Mean (expected) train reward: -0.0035033302847296
2025-07-16 11:02:17,093 - Mean (expected) val reward: -0.0032104128040373325
2025-07-16 11:02:17,196 - Mean (realized) train reward: 0.015760949172403692
2025-07-16 11:02:17,240 - Mean (realized) val reward: 0.01804511278195489
2025-07-16 11:02:18,069 - Finished with epoch 25
2025-07-16 11:02:18,070 - Mean (expected) train reward: -0.00319958315230906
2025-07-16 11:02:18,070 - Mean (expected) val reward: -0.0029959725216031075
2025-07-16 11:02:18,174 - Mean (realized) train reward: 0.015760949172403692
2025-07-16 11:02:18,219 - Mean (realized) val reward: 0.01804511278195489
2025-07-16 11:02:19,082 - Finished with epoch 30
2025-07-16 11:02:19,083 - Mean (expected) train reward: -0.002917021047323942
2025-07-16 11:02:19,084 - Mean (expected) val reward: -0.002802482107654214
2025-07-16 11:02:19,190 - Mean (realized) train reward: 0.015760949172403692
2025-07-16 11:02:19,235 - Mean (realized) val reward: 0.01804511278195489
2025-07-16 11:02:20,179 - Finished with epoch 35
2025-07-16 11:02:20,180 - Mean (expected) train reward: -0.0026167784817516804
2025-07-16 11:02:20,180 - Mean (expected) val reward: -0.002588803181424737
2025-07-16 11:02:20,285 - Mean (realized) train reward: 0.015760949172403692
2025-07-16 11:02:20,331 - Mean (realized) val reward: 0.01804511278195489
2025-07-16 11:02:21,211 - Finished with epoch 40
2025-07-16 11:02:21,212 - Mean (expected) train reward: -0.00232857302762568
2025-07-16 11:02:21,212 - Mean (expected) val reward: -0.0023865445982664824
2025-07-16 11:02:21,318 - Mean (realized) train reward: 0.015760949172403692
2025-07-16 11:02:21,363 - Mean (realized) val reward: 0.01804511278195489
2025-07-16 11:02:22,219 - Finished with epoch 45
2025-07-16 11:02:22,220 - Mean (expected) train reward: -0.0020310624968260527
2025-07-16 11:02:22,220 - Mean (expected) val reward: -0.0021743043325841427
2025-07-16 11:02:22,327 - Mean (realized) train reward: 0.015760949172403692
2025-07-16 11:02:22,373 - Mean (realized) val reward: 0.01804511278195489
2025-07-16 11:02:23,270 - Finished with epoch 50
2025-07-16 11:02:23,272 - Mean (expected) train reward: -0.0017363200895488262
2025-07-16 11:02:23,272 - Mean (expected) val reward: -0.0019614114426076412
2025-07-16 11:02:23,380 - Mean (realized) train reward: 0.015760949172403692
2025-07-16 11:02:23,428 - Mean (realized) val reward: 0.01804511278195489
2025-07-16 11:02:23,431 - Starting trial 5
2025-07-16 11:02:23,455 - Train TB proportion: 0.01652263073092134
2025-07-16 11:02:23,455 - Val TB proportion: 0.016541353383458645
2025-07-16 11:02:23,476 - Train cohort size: 34135
2025-07-16 11:02:23,476 - Validation cohort size: 14630
2025-07-16 11:02:23,493 - Running experiment for setting={'nothing': 0}
2025-07-16 11:02:26,013 - {'num_epochs': 50, 'optimizer': 'adam', 'lr': 0.0001, 'reg_type': 'l2', 'lambda_reg': 0}
2025-07-16 11:02:26,834 - Finished with epoch 5
2025-07-16 11:02:26,835 - Mean (expected) train reward: -0.0047163162380456924
2025-07-16 11:02:26,835 - Mean (expected) val reward: -0.003075560787692666
2025-07-16 11:02:26,938 - Mean (realized) train reward: 0.015760949172403692
2025-07-16 11:02:26,983 - Mean (realized) val reward: 0.01804511278195489
2025-07-16 11:02:27,825 - Finished with epoch 10
2025-07-16 11:02:27,827 - Mean (expected) train reward: -0.0044825104996562
2025-07-16 11:02:27,827 - Mean (expected) val reward: -0.0028276799712330103
2025-07-16 11:02:27,933 - Mean (realized) train reward: 0.015760949172403692
2025-07-16 11:02:27,980 - Mean (realized) val reward: 0.01804511278195489
2025-07-16 11:02:28,821 - Finished with epoch 15
2025-07-16 11:02:28,823 - Mean (expected) train reward: -0.004231968894600868
2025-07-16 11:02:28,823 - Mean (expected) val reward: -0.0025604059919714928
2025-07-16 11:02:28,928 - Mean (realized) train reward: 0.015760949172403692
2025-07-16 11:02:28,976 - Mean (realized) val reward: 0.01804511278195489
2025-07-16 11:02:30,036 - Finished with epoch 20
2025-07-16 11:02:30,037 - Mean (expected) train reward: -0.003984316252171993
2025-07-16 11:02:30,038 - Mean (expected) val reward: -0.0022966971155256033
2025-07-16 11:02:30,150 - Mean (realized) train reward: 0.015760949172403692
2025-07-16 11:02:30,199 - Mean (realized) val reward: 0.01804511278195489
2025-07-16 11:02:31,064 - Finished with epoch 25
2025-07-16 11:02:31,066 - Mean (expected) train reward: -0.0037525633815675974
2025-07-16 11:02:31,067 - Mean (expected) val reward: -0.002049794653430581
2025-07-16 11:02:31,192 - Mean (realized) train reward: 0.015760949172403692
2025-07-16 11:02:31,242 - Mean (realized) val reward: 0.01804511278195489
2025-07-16 11:02:32,413 - Finished with epoch 30
2025-07-16 11:02:32,416 - Mean (expected) train reward: -0.0035062700044363737
2025-07-16 11:02:32,416 - Mean (expected) val reward: -0.001787278801202774
2025-07-16 11:02:32,542 - Mean (realized) train reward: 0.015760949172403692
2025-07-16 11:02:32,588 - Mean (realized) val reward: 0.01804511278195489
2025-07-16 11:02:33,506 - Finished with epoch 35
2025-07-16 11:02:33,507 - Mean (expected) train reward: -0.0032602769788354635
2025-07-16 11:02:33,507 - Mean (expected) val reward: -0.0015258267521858215
2025-07-16 11:02:33,619 - Mean (realized) train reward: 0.015760949172403692
2025-07-16 11:02:33,666 - Mean (realized) val reward: 0.01804511278195489
2025-07-16 11:02:34,605 - Finished with epoch 40
2025-07-16 11:02:34,607 - Mean (expected) train reward: -0.0030206348747015
2025-07-16 11:02:34,608 - Mean (expected) val reward: -0.0012730961898341775
2025-07-16 11:02:34,752 - Mean (realized) train reward: 0.015760949172403692
2025-07-16 11:02:34,806 - Mean (realized) val reward: 0.01804511278195489
2025-07-16 11:02:35,970 - Finished with epoch 45
2025-07-16 11:02:35,974 - Mean (expected) train reward: -0.0027618752792477608
2025-07-16 11:02:35,975 - Mean (expected) val reward: -0.0009990595281124115
2025-07-16 11:02:36,105 - Mean (realized) train reward: 0.015760949172403692
2025-07-16 11:02:36,159 - Mean (realized) val reward: 0.01804511278195489
2025-07-16 11:02:37,547 - Finished with epoch 50
2025-07-16 11:02:37,549 - Mean (expected) train reward: -0.0025228841695934534
2025-07-16 11:02:37,549 - Mean (expected) val reward: -0.0007450398406945169
2025-07-16 11:02:37,670 - Mean (realized) train reward: 0.015760949172403692
2025-07-16 11:02:37,774 - Mean (realized) val reward: 0.01804511278195489
2025-07-16 11:02:37,784 - Starting trial 6
2025-07-16 11:02:37,828 - Train TB proportion: 0.01652263073092134
2025-07-16 11:02:37,828 - Val TB proportion: 0.016541353383458645
2025-07-16 11:02:37,867 - Train cohort size: 34135
2025-07-16 11:02:37,867 - Validation cohort size: 14630
2025-07-16 11:02:37,883 - Running experiment for setting={'nothing': 0}
2025-07-16 11:02:40,674 - {'num_epochs': 50, 'optimizer': 'adam', 'lr': 0.0001, 'reg_type': 'l2', 'lambda_reg': 0}
2025-07-16 11:02:41,659 - Finished with epoch 5
2025-07-16 11:02:41,662 - Mean (expected) train reward: -0.011197189800441265
2025-07-16 11:02:41,662 - Mean (expected) val reward: -0.0102781280875206
2025-07-16 11:02:41,771 - Mean (realized) train reward: -0.03304526146184268
2025-07-16 11:02:41,818 - Mean (realized) val reward: -0.03308270676691729
2025-07-16 11:02:42,828 - Finished with epoch 10
2025-07-16 11:02:42,831 - Mean (expected) train reward: -0.010997428558766842
2025-07-16 11:02:42,831 - Mean (expected) val reward: -0.010108865797519684
2025-07-16 11:02:42,949 - Mean (realized) train reward: -0.03304526146184268
2025-07-16 11:02:42,997 - Mean (realized) val reward: -0.03308270676691729
2025-07-16 11:02:43,949 - Finished with epoch 15
2025-07-16 11:02:43,950 - Mean (expected) train reward: -0.010789284482598305
2025-07-16 11:02:43,951 - Mean (expected) val reward: -0.009931331500411034
2025-07-16 11:02:44,062 - Mean (realized) train reward: -0.03304526146184268
2025-07-16 11:02:44,110 - Mean (realized) val reward: -0.03308270676691729
2025-07-16 11:02:45,002 - Finished with epoch 20
2025-07-16 11:02:45,006 - Mean (expected) train reward: -0.010594501160085201
2025-07-16 11:02:45,006 - Mean (expected) val reward: -0.009767686948180199
2025-07-16 11:02:45,115 - Mean (realized) train reward: -0.03304526146184268
2025-07-16 11:02:45,162 - Mean (realized) val reward: -0.03308270676691729
2025-07-16 11:02:46,032 - Finished with epoch 25
2025-07-16 11:02:46,033 - Mean (expected) train reward: -0.01037623081356287
2025-07-16 11:02:46,033 - Mean (expected) val reward: -0.009578938595950603
2025-07-16 11:02:46,142 - Mean (realized) train reward: -0.03304526146184268
2025-07-16 11:02:46,189 - Mean (realized) val reward: -0.03308270676691729
2025-07-16 11:02:47,029 - Finished with epoch 30
2025-07-16 11:02:47,030 - Mean (expected) train reward: -0.010178607888519764
2025-07-16 11:02:47,030 - Mean (expected) val reward: -0.009412857703864574
2025-07-16 11:02:47,141 - Mean (realized) train reward: -0.03304526146184268
2025-07-16 11:02:47,191 - Mean (realized) val reward: -0.03308270676691729
2025-07-16 11:02:48,038 - Finished with epoch 35
2025-07-16 11:02:48,040 - Mean (expected) train reward: -0.009966974146664143
2025-07-16 11:02:48,040 - Mean (expected) val reward: -0.00923116598278284
2025-07-16 11:02:48,148 - Mean (realized) train reward: -0.03304526146184268
2025-07-16 11:02:48,196 - Mean (realized) val reward: -0.03308270676691729
2025-07-16 11:02:49,045 - Finished with epoch 40
2025-07-16 11:02:49,047 - Mean (expected) train reward: -0.009764069691300392
2025-07-16 11:02:49,047 - Mean (expected) val reward: -0.009060713462531567
2025-07-16 11:02:49,155 - Mean (realized) train reward: -0.03304526146184268
2025-07-16 11:02:49,202 - Mean (realized) val reward: -0.03308270676691729
2025-07-16 11:02:50,046 - Finished with epoch 45
2025-07-16 11:02:50,048 - Mean (expected) train reward: -0.009563843719661236
2025-07-16 11:02:50,048 - Mean (expected) val reward: -0.008891788311302662
2025-07-16 11:02:50,157 - Mean (realized) train reward: -0.03304526146184268
2025-07-16 11:02:50,204 - Mean (realized) val reward: -0.03308270676691729
2025-07-16 11:02:51,297 - Finished with epoch 50
2025-07-16 11:02:51,308 - Mean (expected) train reward: -0.009355602785944939
2025-07-16 11:02:51,308 - Mean (expected) val reward: -0.008714763447642326
2025-07-16 11:02:51,457 - Mean (realized) train reward: -0.03304526146184268
2025-07-16 11:02:51,508 - Mean (realized) val reward: -0.03308270676691729
2025-07-16 11:02:51,513 - Starting trial 7
2025-07-16 11:02:51,534 - Train TB proportion: 0.01652263073092134
2025-07-16 11:02:51,534 - Val TB proportion: 0.016541353383458645
2025-07-16 11:02:51,553 - Train cohort size: 34135
2025-07-16 11:02:51,553 - Validation cohort size: 14630
2025-07-16 11:02:51,568 - Running experiment for setting={'nothing': 0}
2025-07-16 11:02:53,937 - {'num_epochs': 50, 'optimizer': 'adam', 'lr': 0.0001, 'reg_type': 'l2', 'lambda_reg': 0}
2025-07-16 11:02:54,751 - Finished with epoch 5
2025-07-16 11:02:54,752 - Mean (expected) train reward: -0.005186652764678001
2025-07-16 11:02:54,752 - Mean (expected) val reward: -0.0036729187704622746
2025-07-16 11:02:54,859 - Mean (realized) train reward: 0.015760949172403692
2025-07-16 11:02:54,905 - Mean (realized) val reward: 0.01804511278195489
2025-07-16 11:02:55,735 - Finished with epoch 10
2025-07-16 11:02:55,737 - Mean (expected) train reward: -0.004938585218042135
2025-07-16 11:02:55,737 - Mean (expected) val reward: -0.0034477561712265015
2025-07-16 11:02:55,845 - Mean (realized) train reward: 0.015760949172403692
2025-07-16 11:02:55,891 - Mean (realized) val reward: 0.01804511278195489
2025-07-16 11:02:56,765 - Finished with epoch 15
2025-07-16 11:02:56,767 - Mean (expected) train reward: -0.004691240377724171
2025-07-16 11:02:56,767 - Mean (expected) val reward: -0.0032218280248343945
2025-07-16 11:02:56,874 - Mean (realized) train reward: 0.015760949172403692
2025-07-16 11:02:56,920 - Mean (realized) val reward: 0.01804511278195489
2025-07-16 11:02:57,765 - Finished with epoch 20
2025-07-16 11:02:57,766 - Mean (expected) train reward: -0.0044382596388459206
2025-07-16 11:02:57,766 - Mean (expected) val reward: -0.0029903638642281294
2025-07-16 11:02:57,873 - Mean (realized) train reward: 0.015760949172403692
2025-07-16 11:02:57,919 - Mean (realized) val reward: 0.01804511278195489
2025-07-16 11:02:58,764 - Finished with epoch 25
2025-07-16 11:02:58,766 - Mean (expected) train reward: -0.004199490416795015
2025-07-16 11:02:58,766 - Mean (expected) val reward: -0.0027736618649214506
2025-07-16 11:02:58,873 - Mean (realized) train reward: 0.015760949172403692
2025-07-16 11:02:58,919 - Mean (realized) val reward: 0.01804511278195489
2025-07-16 11:02:59,774 - Finished with epoch 30
2025-07-16 11:02:59,775 - Mean (expected) train reward: -0.003944321069866419
2025-07-16 11:02:59,775 - Mean (expected) val reward: -0.002539337845519185
2025-07-16 11:02:59,884 - Mean (realized) train reward: 0.015760949172403692
2025-07-16 11:02:59,930 - Mean (realized) val reward: 0.01804511278195489
2025-07-16 11:03:00,791 - Finished with epoch 35
2025-07-16 11:03:00,793 - Mean (expected) train reward: -0.003712997306138277
2025-07-16 11:03:00,793 - Mean (expected) val reward: -0.0023303956259042025
2025-07-16 11:03:00,902 - Mean (realized) train reward: 0.015760949172403692
2025-07-16 11:03:00,948 - Mean (realized) val reward: 0.01804511278195489
2025-07-16 11:03:01,809 - Finished with epoch 40
2025-07-16 11:03:01,810 - Mean (expected) train reward: -0.003453536657616496
2025-07-16 11:03:01,810 - Mean (expected) val reward: -0.002089092042297125
2025-07-16 11:03:01,918 - Mean (realized) train reward: 0.015760949172403692
2025-07-16 11:03:01,964 - Mean (realized) val reward: 0.01804511278195489
2025-07-16 11:03:02,809 - Finished with epoch 45
2025-07-16 11:03:02,810 - Mean (expected) train reward: -0.003184592118486762
2025-07-16 11:03:02,810 - Mean (expected) val reward: -0.0018401453271508217
2025-07-16 11:03:02,918 - Mean (realized) train reward: 0.015760949172403692
2025-07-16 11:03:02,965 - Mean (realized) val reward: 0.01804511278195489
2025-07-16 11:03:03,817 - Finished with epoch 50
2025-07-16 11:03:03,818 - Mean (expected) train reward: -0.0029288935475051403
2025-07-16 11:03:03,818 - Mean (expected) val reward: -0.00160221045371145
2025-07-16 11:03:03,928 - Mean (realized) train reward: 0.015760949172403692
2025-07-16 11:03:03,978 - Mean (realized) val reward: 0.01804511278195489
2025-07-16 11:03:03,980 - Starting trial 8
2025-07-16 11:03:03,999 - Train TB proportion: 0.01652263073092134
2025-07-16 11:03:03,999 - Val TB proportion: 0.016541353383458645
2025-07-16 11:03:04,019 - Train cohort size: 34135
2025-07-16 11:03:04,019 - Validation cohort size: 14630
2025-07-16 11:03:04,034 - Running experiment for setting={'nothing': 0}
2025-07-16 11:03:06,402 - {'num_epochs': 50, 'optimizer': 'adam', 'lr': 0.0001, 'reg_type': 'l2', 'lambda_reg': 0}
2025-07-16 11:03:07,224 - Finished with epoch 5
2025-07-16 11:03:07,225 - Mean (expected) train reward: -0.008659929037094116
2025-07-16 11:03:07,225 - Mean (expected) val reward: -0.007469889707863331
2025-07-16 11:03:07,333 - Mean (realized) train reward: -0.06075875201406181
2025-07-16 11:03:07,379 - Mean (realized) val reward: -0.06930963773069036
2025-07-16 11:03:08,224 - Finished with epoch 10
2025-07-16 11:03:08,225 - Mean (expected) train reward: -0.00843900442123413
2025-07-16 11:03:08,226 - Mean (expected) val reward: -0.007284572813659906
2025-07-16 11:03:08,337 - Mean (realized) train reward: 0.007265270250476051
2025-07-16 11:03:08,383 - Mean (realized) val reward: 0.019958988380041013
2025-07-16 11:03:09,227 - Finished with epoch 15
2025-07-16 11:03:09,228 - Mean (expected) train reward: -0.008181611075997353
2025-07-16 11:03:09,229 - Mean (expected) val reward: -0.007060416042804718
2025-07-16 11:03:09,335 - Mean (realized) train reward: -0.007441042917826278
2025-07-16 11:03:09,382 - Mean (realized) val reward: -0.01722488038277512
2025-07-16 11:03:10,283 - Finished with epoch 20
2025-07-16 11:03:10,284 - Mean (expected) train reward: -0.007953119464218616
2025-07-16 11:03:10,285 - Mean (expected) val reward: -0.006868178024888039
2025-07-16 11:03:10,392 - Mean (realized) train reward: 0.00574190713344075
2025-07-16 11:03:10,439 - Mean (realized) val reward: 0.015037593984962405
2025-07-16 11:03:11,285 - Finished with epoch 25
2025-07-16 11:03:11,287 - Mean (expected) train reward: -0.007710187695920467
2025-07-16 11:03:11,287 - Mean (expected) val reward: -0.006660016253590584
2025-07-16 11:03:11,398 - Mean (realized) train reward: 0.019393584297641715
2025-07-16 11:03:11,445 - Mean (realized) val reward: 0.02077922077922078
2025-07-16 11:03:12,301 - Finished with epoch 30
2025-07-16 11:03:12,304 - Mean (expected) train reward: -0.007475824095308781
2025-07-16 11:03:12,304 - Mean (expected) val reward: -0.006459129974246025
2025-07-16 11:03:12,416 - Mean (realized) train reward: 0.011718177823348469
2025-07-16 11:03:12,464 - Mean (realized) val reward: 0.012987012987012988
2025-07-16 11:03:13,336 - Finished with epoch 35
2025-07-16 11:03:13,337 - Mean (expected) train reward: -0.007235352415591478
2025-07-16 11:03:13,337 - Mean (expected) val reward: -0.006251485086977482
2025-07-16 11:03:13,447 - Mean (realized) train reward: 0.016171085396220888
2025-07-16 11:03:13,497 - Mean (realized) val reward: 0.018591934381408066
2025-07-16 11:03:14,348 - Finished with epoch 40
2025-07-16 11:03:14,350 - Mean (expected) train reward: -0.006996211130172014
2025-07-16 11:03:14,350 - Mean (expected) val reward: -0.00604724045842886
2025-07-16 11:03:14,459 - Mean (realized) train reward: 0.015760949172403692
2025-07-16 11:03:14,507 - Mean (realized) val reward: 0.01804511278195489
2025-07-16 11:03:15,359 - Finished with epoch 45
2025-07-16 11:03:15,360 - Mean (expected) train reward: -0.006750225555151701
2025-07-16 11:03:15,360 - Mean (expected) val reward: -0.005835432559251785
2025-07-16 11:03:15,476 - Mean (realized) train reward: 0.015760949172403692
2025-07-16 11:03:15,524 - Mean (realized) val reward: 0.01804511278195489
2025-07-16 11:03:16,379 - Finished with epoch 50
2025-07-16 11:03:16,381 - Mean (expected) train reward: -0.006504918914288282
2025-07-16 11:03:16,381 - Mean (expected) val reward: -0.005622685421258211
2025-07-16 11:03:16,490 - Mean (realized) train reward: 0.015760949172403692
2025-07-16 11:03:16,538 - Mean (realized) val reward: 0.01804511278195489
2025-07-16 11:03:16,540 - Starting trial 9
2025-07-16 11:03:16,557 - Train TB proportion: 0.01652263073092134
2025-07-16 11:03:16,557 - Val TB proportion: 0.016541353383458645
2025-07-16 11:03:16,575 - Train cohort size: 34135
2025-07-16 11:03:16,575 - Validation cohort size: 14630
2025-07-16 11:03:16,590 - Running experiment for setting={'nothing': 0}
2025-07-16 11:03:18,955 - {'num_epochs': 50, 'optimizer': 'adam', 'lr': 0.0001, 'reg_type': 'l2', 'lambda_reg': 0}
2025-07-16 11:03:19,774 - Finished with epoch 5
2025-07-16 11:03:19,775 - Mean (expected) train reward: -0.006522506475448608
2025-07-16 11:03:19,775 - Mean (expected) val reward: -0.005398822482675314
2025-07-16 11:03:19,883 - Mean (realized) train reward: 0.015760949172403692
2025-07-16 11:03:19,928 - Mean (realized) val reward: 0.01804511278195489
2025-07-16 11:03:20,805 - Finished with epoch 10
2025-07-16 11:03:20,806 - Mean (expected) train reward: -0.006282406859099865
2025-07-16 11:03:20,806 - Mean (expected) val reward: -0.005205556284636259
2025-07-16 11:03:20,914 - Mean (realized) train reward: 0.015760949172403692
2025-07-16 11:03:20,960 - Mean (realized) val reward: 0.01804511278195489
2025-07-16 11:03:21,808 - Finished with epoch 15
2025-07-16 11:03:21,809 - Mean (expected) train reward: -0.006019656080752611
2025-07-16 11:03:21,809 - Mean (expected) val reward: -0.004984674043953419
2025-07-16 11:03:21,919 - Mean (realized) train reward: 0.015760949172403692
2025-07-16 11:03:21,965 - Mean (realized) val reward: 0.01804511278195489
2025-07-16 11:03:22,810 - Finished with epoch 20
2025-07-16 11:03:22,811 - Mean (expected) train reward: -0.005778633523732424
2025-07-16 11:03:22,811 - Mean (expected) val reward: -0.004789017140865326
2025-07-16 11:03:22,919 - Mean (realized) train reward: 0.015760949172403692
2025-07-16 11:03:22,964 - Mean (realized) val reward: 0.01804511278195489
2025-07-16 11:03:23,809 - Finished with epoch 25
2025-07-16 11:03:23,811 - Mean (expected) train reward: -0.005527061875909567
2025-07-16 11:03:23,811 - Mean (expected) val reward: -0.004580033477395773
2025-07-16 11:03:23,918 - Mean (realized) train reward: 0.015760949172403692
2025-07-16 11:03:23,964 - Mean (realized) val reward: 0.01804511278195489
2025-07-16 11:03:24,811 - Finished with epoch 30
2025-07-16 11:03:24,813 - Mean (expected) train reward: -0.0052693248726427555
2025-07-16 11:03:24,813 - Mean (expected) val reward: -0.004363853018730879
2025-07-16 11:03:24,920 - Mean (realized) train reward: 0.015760949172403692
2025-07-16 11:03:24,966 - Mean (realized) val reward: 0.01804511278195489
2025-07-16 11:03:25,813 - Finished with epoch 35
2025-07-16 11:03:25,814 - Mean (expected) train reward: -0.005014563445001841
2025-07-16 11:03:25,815 - Mean (expected) val reward: -0.004154055844992399
2025-07-16 11:03:25,924 - Mean (realized) train reward: 0.015760949172403692
2025-07-16 11:03:25,970 - Mean (realized) val reward: 0.01804511278195489
2025-07-16 11:03:26,815 - Finished with epoch 40
2025-07-16 11:03:26,817 - Mean (expected) train reward: -0.004756890702992678
2025-07-16 11:03:26,817 - Mean (expected) val reward: -0.003936521243304014
2025-07-16 11:03:26,927 - Mean (realized) train reward: 0.015760949172403692
2025-07-16 11:03:26,973 - Mean (realized) val reward: 0.01804511278195489
2025-07-16 11:03:27,843 - Finished with epoch 45
2025-07-16 11:03:27,845 - Mean (expected) train reward: -0.004499740432947874
2025-07-16 11:03:27,845 - Mean (expected) val reward: -0.0037217114586383104
2025-07-16 11:03:27,953 - Mean (realized) train reward: 0.015760949172403692
2025-07-16 11:03:28,000 - Mean (realized) val reward: 0.01804511278195489
2025-07-16 11:03:28,857 - Finished with epoch 50
2025-07-16 11:03:28,859 - Mean (expected) train reward: -0.004234607797116041
2025-07-16 11:03:28,859 - Mean (expected) val reward: -0.00349739589728415
2025-07-16 11:03:28,967 - Mean (realized) train reward: 0.015760949172403692
2025-07-16 11:03:29,014 - Mean (realized) val reward: 0.01804511278195489
2025-07-16 11:03:29,017 - Starting trial 10
2025-07-16 11:03:29,043 - Train TB proportion: 0.01652263073092134
2025-07-16 11:03:29,043 - Val TB proportion: 0.016541353383458645
2025-07-16 11:03:29,061 - Train cohort size: 34135
2025-07-16 11:03:29,061 - Validation cohort size: 14630
2025-07-16 11:03:29,076 - Running experiment for setting={'nothing': 0}
2025-07-16 11:03:31,719 - {'num_epochs': 50, 'optimizer': 'adam', 'lr': 0.0001, 'reg_type': 'l2', 'lambda_reg': 0}
2025-07-16 11:03:32,535 - Finished with epoch 5
2025-07-16 11:03:32,536 - Mean (expected) train reward: -0.006526296958327293
2025-07-16 11:03:32,536 - Mean (expected) val reward: -0.005486755631864071
2025-07-16 11:03:32,641 - Mean (realized) train reward: 0.015760949172403692
2025-07-16 11:03:32,687 - Mean (realized) val reward: 0.01804511278195489
2025-07-16 11:03:33,527 - Finished with epoch 10
2025-07-16 11:03:33,528 - Mean (expected) train reward: -0.006303898990154266
2025-07-16 11:03:33,528 - Mean (expected) val reward: -0.005301713943481445
2025-07-16 11:03:33,633 - Mean (realized) train reward: 0.015760949172403692
2025-07-16 11:03:33,679 - Mean (realized) val reward: 0.01804511278195489
2025-07-16 11:03:34,859 - Finished with epoch 15
2025-07-16 11:03:34,862 - Mean (expected) train reward: -0.006062555126845837
2025-07-16 11:03:34,862 - Mean (expected) val reward: -0.005098897498100996
2025-07-16 11:03:34,976 - Mean (realized) train reward: 0.015760949172403692
2025-07-16 11:03:35,023 - Mean (realized) val reward: 0.01804511278195489
2025-07-16 11:03:36,065 - Finished with epoch 20
2025-07-16 11:03:36,093 - Mean (expected) train reward: -0.005817863624542952
2025-07-16 11:03:36,096 - Mean (expected) val reward: -0.004886067006736994
2025-07-16 11:03:36,221 - Mean (realized) train reward: 0.015760949172403692
2025-07-16 11:03:36,269 - Mean (realized) val reward: 0.01804511278195489
2025-07-16 11:03:37,131 - Finished with epoch 25
2025-07-16 11:03:37,134 - Mean (expected) train reward: -0.005571856163442135
2025-07-16 11:03:37,134 - Mean (expected) val reward: -0.004676276817917824
2025-07-16 11:03:37,242 - Mean (realized) train reward: 0.015760949172403692
2025-07-16 11:03:37,288 - Mean (realized) val reward: 0.01804511278195489
2025-07-16 11:03:38,152 - Finished with epoch 30
2025-07-16 11:03:38,153 - Mean (expected) train reward: -0.005328631028532982
2025-07-16 11:03:38,153 - Mean (expected) val reward: -0.004471995867788792
2025-07-16 11:03:38,264 - Mean (realized) train reward: 0.015760949172403692
2025-07-16 11:03:38,311 - Mean (realized) val reward: 0.01804511278195489
2025-07-16 11:03:39,168 - Finished with epoch 35
2025-07-16 11:03:39,170 - Mean (expected) train reward: -0.005078454036265612
2025-07-16 11:03:39,170 - Mean (expected) val reward: -0.004255127627402544
2025-07-16 11:03:39,280 - Mean (realized) train reward: 0.015760949172403692
2025-07-16 11:03:39,327 - Mean (realized) val reward: 0.01804511278195489
2025-07-16 11:03:40,189 - Finished with epoch 40
2025-07-16 11:03:40,190 - Mean (expected) train reward: -0.0048244004137814045
2025-07-16 11:03:40,190 - Mean (expected) val reward: -0.004036180209368467
2025-07-16 11:03:40,300 - Mean (realized) train reward: 0.015760949172403692
2025-07-16 11:03:40,349 - Mean (realized) val reward: 0.01804511278195489
2025-07-16 11:03:41,233 - Finished with epoch 45
2025-07-16 11:03:41,263 - Mean (expected) train reward: -0.0045702396892011166
2025-07-16 11:03:41,264 - Mean (expected) val reward: -0.003816261189058423
2025-07-16 11:03:41,612 - Mean (realized) train reward: 0.015760949172403692
2025-07-16 11:03:41,657 - Mean (realized) val reward: 0.01804511278195489
2025-07-16 11:03:42,540 - Finished with epoch 50
2025-07-16 11:03:42,543 - Mean (expected) train reward: -0.0043227518908679485
2025-07-16 11:03:42,543 - Mean (expected) val reward: -0.003602275624871254
2025-07-16 11:03:42,655 - Mean (realized) train reward: 0.015760949172403692
2025-07-16 11:03:42,706 - Mean (realized) val reward: 0.01804511278195489
2025-07-16 11:03:42,709 - Starting trial 11
2025-07-16 11:03:42,745 - Train TB proportion: 0.01652263073092134
2025-07-16 11:03:42,746 - Val TB proportion: 0.016541353383458645
2025-07-16 11:03:42,765 - Train cohort size: 34135
2025-07-16 11:03:42,765 - Validation cohort size: 14630
2025-07-16 11:03:42,782 - Running experiment for setting={'nothing': 0}
2025-07-16 11:03:45,190 - {'num_epochs': 50, 'optimizer': 'adam', 'lr': 0.0001, 'reg_type': 'l2', 'lambda_reg': 0}
2025-07-16 11:03:46,014 - Finished with epoch 5
2025-07-16 11:03:46,015 - Mean (expected) train reward: -0.007766353897750378
2025-07-16 11:03:46,015 - Mean (expected) val reward: -0.006489755120128393
2025-07-16 11:03:46,126 - Mean (realized) train reward: -0.008671451589277868
2025-07-16 11:03:46,172 - Mean (realized) val reward: -0.02706766917293233
2025-07-16 11:03:47,024 - Finished with epoch 10
2025-07-16 11:03:47,025 - Mean (expected) train reward: -0.0075510223396122456
2025-07-16 11:03:47,025 - Mean (expected) val reward: -0.006301645189523697
2025-07-16 11:03:47,132 - Mean (realized) train reward: 0.0038084077925882526
2025-07-16 11:03:47,179 - Mean (realized) val reward: -0.018728639781271362
2025-07-16 11:03:48,031 - Finished with epoch 15
2025-07-16 11:03:48,032 - Mean (expected) train reward: -0.007339474279433489
2025-07-16 11:03:48,032 - Mean (expected) val reward: -0.00611790269613266
2025-07-16 11:03:48,141 - Mean (realized) train reward: 0.016756994287388312
2025-07-16 11:03:48,188 - Mean (realized) val reward: 0.02310321257689679
2025-07-16 11:03:49,072 - Finished with epoch 20
2025-07-16 11:03:49,073 - Mean (expected) train reward: -0.007099939975887537
2025-07-16 11:03:49,074 - Mean (expected) val reward: -0.005905655212700367
2025-07-16 11:03:49,183 - Mean (realized) train reward: 0.016639812509154826
2025-07-16 11:03:49,231 - Mean (realized) val reward: 0.019412166780587832
2025-07-16 11:03:50,095 - Finished with epoch 25
2025-07-16 11:03:50,096 - Mean (expected) train reward: -0.0068645179271698
2025-07-16 11:03:50,096 - Mean (expected) val reward: -0.005696822423487902
2025-07-16 11:03:50,207 - Mean (realized) train reward: 0.016053903617987402
2025-07-16 11:03:50,255 - Mean (realized) val reward: 0.01845522898154477
2025-07-16 11:03:51,121 - Finished with epoch 30
2025-07-16 11:03:51,122 - Mean (expected) train reward: -0.006655787583440542
2025-07-16 11:03:51,122 - Mean (expected) val reward: -0.005515286698937416
2025-07-16 11:03:51,232 - Mean (realized) train reward: 0.015819540061520435
2025-07-16 11:03:51,280 - Mean (realized) val reward: 0.018318523581681477
2025-07-16 11:03:52,152 - Finished with epoch 35
2025-07-16 11:03:52,153 - Mean (expected) train reward: -0.006425558123737574
2025-07-16 11:03:52,153 - Mean (expected) val reward: -0.005312021356076002
2025-07-16 11:03:52,264 - Mean (realized) train reward: 0.015760949172403692
2025-07-16 11:03:52,313 - Mean (realized) val reward: 0.01804511278195489
2025-07-16 11:03:53,180 - Finished with epoch 40
2025-07-16 11:03:53,182 - Mean (expected) train reward: -0.006204261444509029
2025-07-16 11:03:53,182 - Mean (expected) val reward: -0.005115970503538847
2025-07-16 11:03:53,294 - Mean (realized) train reward: 0.015760949172403692
2025-07-16 11:03:53,342 - Mean (realized) val reward: 0.01804511278195489
2025-07-16 11:03:54,222 - Finished with epoch 45
2025-07-16 11:03:54,224 - Mean (expected) train reward: -0.0059682815335690975
2025-07-16 11:03:54,224 - Mean (expected) val reward: -0.00490788696333766
2025-07-16 11:03:54,335 - Mean (realized) train reward: 0.015760949172403692
2025-07-16 11:03:54,382 - Mean (realized) val reward: 0.01804511278195489
2025-07-16 11:03:55,243 - Finished with epoch 50
2025-07-16 11:03:55,245 - Mean (expected) train reward: -0.005739353597164154
2025-07-16 11:03:55,245 - Mean (expected) val reward: -0.004703208338469267
2025-07-16 11:03:55,356 - Mean (realized) train reward: 0.015760949172403692
2025-07-16 11:03:55,404 - Mean (realized) val reward: 0.01804511278195489
2025-07-16 11:03:55,406 - Starting trial 12
2025-07-16 11:03:55,422 - Train TB proportion: 0.01652263073092134
2025-07-16 11:03:55,422 - Val TB proportion: 0.016541353383458645
2025-07-16 11:03:55,440 - Train cohort size: 34135
2025-07-16 11:03:55,440 - Validation cohort size: 14630
2025-07-16 11:03:55,455 - Running experiment for setting={'nothing': 0}
2025-07-16 11:03:58,039 - {'num_epochs': 50, 'optimizer': 'adam', 'lr': 0.0001, 'reg_type': 'l2', 'lambda_reg': 0}
2025-07-16 11:03:58,926 - Finished with epoch 5
2025-07-16 11:03:58,928 - Mean (expected) train reward: -0.009759875014424324
2025-07-16 11:03:58,928 - Mean (expected) val reward: -0.009006815031170845
2025-07-16 11:03:59,038 - Mean (realized) train reward: -0.03304526146184268
2025-07-16 11:03:59,092 - Mean (realized) val reward: -0.03308270676691729
2025-07-16 11:03:59,939 - Finished with epoch 10
2025-07-16 11:03:59,941 - Mean (expected) train reward: -0.009499805979430676
2025-07-16 11:03:59,942 - Mean (expected) val reward: -0.008839000947773457
2025-07-16 11:04:00,049 - Mean (realized) train reward: -0.03304526146184268
2025-07-16 11:04:00,095 - Mean (realized) val reward: -0.03308270676691729
2025-07-16 11:04:01,081 - Finished with epoch 15
2025-07-16 11:04:01,084 - Mean (expected) train reward: -0.00926399789750576
2025-07-16 11:04:01,084 - Mean (expected) val reward: -0.008697864599525928
2025-07-16 11:04:01,196 - Mean (realized) train reward: -0.03339680679654314
2025-07-16 11:04:01,243 - Mean (realized) val reward: -0.03335611756664388
2025-07-16 11:04:02,104 - Finished with epoch 20
2025-07-16 11:04:02,105 - Mean (expected) train reward: -0.00900832749903202
2025-07-16 11:04:02,105 - Mean (expected) val reward: -0.008530890569090843
2025-07-16 11:04:02,217 - Mean (realized) train reward: -0.030408671451589278
2025-07-16 11:04:02,265 - Mean (realized) val reward: -0.037457279562542724
2025-07-16 11:04:03,120 - Finished with epoch 25
2025-07-16 11:04:03,121 - Mean (expected) train reward: -0.0087662972509861
2025-07-16 11:04:03,121 - Mean (expected) val reward: -0.008381134830415249
2025-07-16 11:04:03,231 - Mean (realized) train reward: -0.020741174747326792
2025-07-16 11:04:03,278 - Mean (realized) val reward: -0.054408749145591254
2025-07-16 11:04:04,136 - Finished with epoch 30
2025-07-16 11:04:04,137 - Mean (expected) train reward: -0.008526075631380081
2025-07-16 11:04:04,137 - Mean (expected) val reward: -0.008235907182097435
2025-07-16 11:04:04,247 - Mean (realized) train reward: 0.009784678482495972
2025-07-16 11:04:04,295 - Mean (realized) val reward: -0.05167464114832536
2025-07-16 11:04:05,149 - Finished with epoch 35
2025-07-16 11:04:05,150 - Mean (expected) train reward: -0.00827543344348669
2025-07-16 11:04:05,151 - Mean (expected) val reward: -0.008075246587395668
2025-07-16 11:04:05,262 - Mean (realized) train reward: -0.014940676724769298
2025-07-16 11:04:05,309 - Mean (realized) val reward: -0.07764866712235133
2025-07-16 11:04:06,195 - Finished with epoch 40
2025-07-16 11:04:06,196 - Mean (expected) train reward: -0.008011789061129093
2025-07-16 11:04:06,196 - Mean (expected) val reward: -0.00790240615606308
2025-07-16 11:04:06,307 - Mean (realized) train reward: 0.04370880328108979
2025-07-16 11:04:06,354 - Mean (realized) val reward: 0.020369104579630894
2025-07-16 11:04:07,218 - Finished with epoch 45
2025-07-16 11:04:07,219 - Mean (expected) train reward: -0.007752278354018927
2025-07-16 11:04:07,219 - Mean (expected) val reward: -0.007734829094260931
2025-07-16 11:04:07,330 - Mean (realized) train reward: 0.04675552951516039
2025-07-16 11:04:07,378 - Mean (realized) val reward: 0.04360902255639098
2025-07-16 11:04:08,249 - Finished with epoch 50
2025-07-16 11:04:08,250 - Mean (expected) train reward: -0.007499361876398325
2025-07-16 11:04:08,250 - Mean (expected) val reward: -0.007573861163109541
2025-07-16 11:04:08,359 - Mean (realized) train reward: 0.03738098725648162
2025-07-16 11:04:08,406 - Mean (realized) val reward: 0.010799726589200273
2025-07-16 11:04:08,409 - Starting trial 13
2025-07-16 11:04:08,428 - Train TB proportion: 0.01652263073092134
2025-07-16 11:04:08,428 - Val TB proportion: 0.016541353383458645
2025-07-16 11:04:08,448 - Train cohort size: 34135
2025-07-16 11:04:08,448 - Validation cohort size: 14630
2025-07-16 11:04:08,465 - Running experiment for setting={'nothing': 0}
2025-07-16 11:04:10,877 - {'num_epochs': 50, 'optimizer': 'adam', 'lr': 0.0001, 'reg_type': 'l2', 'lambda_reg': 0}
2025-07-16 11:04:11,726 - Finished with epoch 5
2025-07-16 11:04:11,727 - Mean (expected) train reward: -0.010038263164460659
2025-07-16 11:04:11,727 - Mean (expected) val reward: -0.008796025067567825
2025-07-16 11:04:11,836 - Mean (realized) train reward: -0.03304526146184268
2025-07-16 11:04:11,883 - Mean (realized) val reward: -0.03308270676691729
2025-07-16 11:04:12,741 - Finished with epoch 10
2025-07-16 11:04:12,742 - Mean (expected) train reward: -0.009820045903325081
2025-07-16 11:04:12,742 - Mean (expected) val reward: -0.008596678264439106
2025-07-16 11:04:12,849 - Mean (realized) train reward: -0.03304526146184268
2025-07-16 11:04:12,895 - Mean (realized) val reward: -0.03308270676691729
2025-07-16 11:04:13,754 - Finished with epoch 15
2025-07-16 11:04:13,756 - Mean (expected) train reward: -0.00962365698069334
2025-07-16 11:04:13,756 - Mean (expected) val reward: -0.008420035243034363
2025-07-16 11:04:13,866 - Mean (realized) train reward: -0.03304526146184268
2025-07-16 11:04:13,914 - Mean (realized) val reward: -0.03308270676691729
2025-07-16 11:04:14,794 - Finished with epoch 20
2025-07-16 11:04:14,796 - Mean (expected) train reward: -0.009414301253855228
2025-07-16 11:04:14,796 - Mean (expected) val reward: -0.008230559527873993
2025-07-16 11:04:14,909 - Mean (realized) train reward: -0.033513988574776624
2025-07-16 11:04:14,956 - Mean (realized) val reward: -0.033219412166780586
2025-07-16 11:04:15,828 - Finished with epoch 25
2025-07-16 11:04:15,829 - Mean (expected) train reward: -0.009200206957757473
2025-07-16 11:04:15,829 - Mean (expected) val reward: -0.008035864681005478
2025-07-16 11:04:15,939 - Mean (realized) train reward: -0.036560714808847226
2025-07-16 11:04:15,988 - Mean (realized) val reward: -0.026930963773069035
2025-07-16 11:04:16,856 - Finished with epoch 30
2025-07-16 11:04:16,857 - Mean (expected) train reward: -0.008981935679912567
2025-07-16 11:04:16,857 - Mean (expected) val reward: -0.007838415913283825
2025-07-16 11:04:16,969 - Mean (realized) train reward: -0.03784971436941555
2025-07-16 11:04:17,017 - Mean (realized) val reward: -0.0380041011619959
2025-07-16 11:04:17,885 - Finished with epoch 35
2025-07-16 11:04:17,886 - Mean (expected) train reward: -0.008750984445214272
2025-07-16 11:04:17,886 - Mean (expected) val reward: -0.0076288022100925446
2025-07-16 11:04:17,997 - Mean (realized) train reward: -0.02525267320931595
2025-07-16 11:04:18,045 - Mean (realized) val reward: 0.0017771701982228299
2025-07-16 11:04:18,919 - Finished with epoch 40
2025-07-16 11:04:18,920 - Mean (expected) train reward: -0.008541152812540531
2025-07-16 11:04:18,920 - Mean (expected) val reward: -0.007434703875333071
2025-07-16 11:04:19,032 - Mean (realized) train reward: 0.01224549582539915
2025-07-16 11:04:19,079 - Mean (realized) val reward: 0.053998632946001365
2025-07-16 11:04:19,946 - Finished with epoch 45
2025-07-16 11:04:19,948 - Mean (expected) train reward: -0.008327573537826538
2025-07-16 11:04:19,948 - Mean (expected) val reward: -0.007242194842547178
2025-07-16 11:04:20,059 - Mean (realized) train reward: -0.0011132268932181047
2025-07-16 11:04:20,106 - Mean (realized) val reward: 0.047710184552289814
2025-07-16 11:04:20,979 - Finished with epoch 50
2025-07-16 11:04:20,980 - Mean (expected) train reward: -0.0080996323376894
2025-07-16 11:04:20,981 - Mean (expected) val reward: -0.007033252622932196
2025-07-16 11:04:21,092 - Mean (realized) train reward: 0.009374542258678776
2025-07-16 11:04:21,140 - Mean (realized) val reward: -0.027887901572112097
2025-07-16 11:04:21,141 - Starting trial 14
2025-07-16 11:04:21,158 - Train TB proportion: 0.01652263073092134
2025-07-16 11:04:21,158 - Val TB proportion: 0.016541353383458645
2025-07-16 11:04:21,177 - Train cohort size: 34135
2025-07-16 11:04:21,177 - Validation cohort size: 14630
2025-07-16 11:04:21,192 - Running experiment for setting={'nothing': 0}
2025-07-16 11:04:23,534 - {'num_epochs': 50, 'optimizer': 'adam', 'lr': 0.0001, 'reg_type': 'l2', 'lambda_reg': 0}
2025-07-16 11:04:24,360 - Finished with epoch 5
2025-07-16 11:04:24,361 - Mean (expected) train reward: -0.01068486925214529
2025-07-16 11:04:24,361 - Mean (expected) val reward: -0.009489760734140873
2025-07-16 11:04:24,470 - Mean (realized) train reward: -0.03304526146184268
2025-07-16 11:04:24,516 - Mean (realized) val reward: -0.03308270676691729
2025-07-16 11:04:25,367 - Finished with epoch 10
2025-07-16 11:04:25,369 - Mean (expected) train reward: -0.010455877520143986
2025-07-16 11:04:25,369 - Mean (expected) val reward: -0.00929773598909378
2025-07-16 11:04:25,476 - Mean (realized) train reward: -0.03304526146184268
2025-07-16 11:04:25,523 - Mean (realized) val reward: -0.03308270676691729
2025-07-16 11:04:26,382 - Finished with epoch 15
2025-07-16 11:04:26,384 - Mean (expected) train reward: -0.010240617208182812
2025-07-16 11:04:26,384 - Mean (expected) val reward: -0.009120066650211811
2025-07-16 11:04:26,494 - Mean (realized) train reward: -0.03304526146184268
2025-07-16 11:04:26,542 - Mean (realized) val reward: -0.03308270676691729
2025-07-16 11:04:27,401 - Finished with epoch 20
2025-07-16 11:04:27,402 - Mean (expected) train reward: -0.010003071278333664
2025-07-16 11:04:27,403 - Mean (expected) val reward: -0.008919856511056423
2025-07-16 11:04:27,514 - Mean (realized) train reward: -0.03304526146184268
2025-07-16 11:04:27,561 - Mean (realized) val reward: -0.03308270676691729
2025-07-16 11:04:28,426 - Finished with epoch 25
2025-07-16 11:04:28,427 - Mean (expected) train reward: -0.009783212095499039
2025-07-16 11:04:28,427 - Mean (expected) val reward: -0.008738603442907333
2025-07-16 11:04:28,538 - Mean (realized) train reward: -0.03304526146184268
2025-07-16 11:04:28,586 - Mean (realized) val reward: -0.03308270676691729
2025-07-16 11:04:29,457 - Finished with epoch 30
2025-07-16 11:04:29,459 - Mean (expected) train reward: -0.009563039056956768
2025-07-16 11:04:29,459 - Mean (expected) val reward: -0.008556684479117393
2025-07-16 11:04:29,571 - Mean (realized) train reward: -0.03304526146184268
2025-07-16 11:04:29,618 - Mean (realized) val reward: -0.03308270676691729
2025-07-16 11:04:30,488 - Finished with epoch 35
2025-07-16 11:04:30,489 - Mean (expected) train reward: -0.00933737214654684
2025-07-16 11:04:30,490 - Mean (expected) val reward: -0.008369100280106068
2025-07-16 11:04:30,599 - Mean (realized) train reward: -0.03327962501830965
2025-07-16 11:04:30,647 - Mean (realized) val reward: -0.033219412166780586
2025-07-16 11:04:31,507 - Finished with epoch 40
2025-07-16 11:04:31,509 - Mean (expected) train reward: -0.009106870740652084
2025-07-16 11:04:31,510 - Mean (expected) val reward: -0.008176956325769424
2025-07-16 11:04:31,623 - Mean (realized) train reward: -0.035330306137395635
2025-07-16 11:04:31,672 - Mean (realized) val reward: -0.036226930963773066
2025-07-16 11:04:32,532 - Finished with epoch 45
2025-07-16 11:04:32,533 - Mean (expected) train reward: -0.008881011046469212
2025-07-16 11:04:32,534 - Mean (expected) val reward: -0.007989879697561264
2025-07-16 11:04:32,645 - Mean (realized) train reward: -0.026834627215467994
2025-07-16 11:04:32,695 - Mean (realized) val reward: -0.008749145591250854
2025-07-16 11:04:33,553 - Finished with epoch 50
2025-07-16 11:04:33,554 - Mean (expected) train reward: -0.008655852638185024
2025-07-16 11:04:33,555 - Mean (expected) val reward: -0.007801467552781105
2025-07-16 11:04:33,666 - Mean (realized) train reward: -0.01640544895268786
2025-07-16 11:04:33,715 - Mean (realized) val reward: -0.034859876965140126
2025-07-16 11:04:33,717 - Starting trial 15
2025-07-16 11:04:33,737 - Train TB proportion: 0.01652263073092134
2025-07-16 11:04:33,737 - Val TB proportion: 0.016541353383458645
2025-07-16 11:04:33,756 - Train cohort size: 34135
2025-07-16 11:04:33,756 - Validation cohort size: 14630
2025-07-16 11:04:33,774 - Running experiment for setting={'nothing': 0}
2025-07-16 11:04:36,670 - {'num_epochs': 50, 'optimizer': 'adam', 'lr': 0.0001, 'reg_type': 'l2', 'lambda_reg': 0}
2025-07-16 11:04:37,532 - Finished with epoch 5
2025-07-16 11:04:37,535 - Mean (expected) train reward: -0.008086100220680237
2025-07-16 11:04:37,536 - Mean (expected) val reward: -0.006771975662559271
2025-07-16 11:04:37,662 - Mean (realized) train reward: 0.015760949172403692
2025-07-16 11:04:37,716 - Mean (realized) val reward: 0.01804511278195489
2025-07-16 11:04:38,864 - Finished with epoch 10
2025-07-16 11:04:38,867 - Mean (expected) train reward: -0.007866213098168373
2025-07-16 11:04:38,867 - Mean (expected) val reward: -0.006560221780091524
2025-07-16 11:04:38,980 - Mean (realized) train reward: 0.015760949172403692
2025-07-16 11:04:39,028 - Mean (realized) val reward: 0.01804511278195489
2025-07-16 11:04:40,049 - Finished with epoch 15
2025-07-16 11:04:40,056 - Mean (expected) train reward: -0.007621006574481726
2025-07-16 11:04:40,056 - Mean (expected) val reward: -0.006323899142444134
2025-07-16 11:04:40,185 - Mean (realized) train reward: 0.015760949172403692
2025-07-16 11:04:40,233 - Mean (realized) val reward: 0.01804511278195489
2025-07-16 11:04:41,120 - Finished with epoch 20
2025-07-16 11:04:41,122 - Mean (expected) train reward: -0.007393552456051111
2025-07-16 11:04:41,122 - Mean (expected) val reward: -0.006103805731981993
2025-07-16 11:04:41,233 - Mean (realized) train reward: 0.015760949172403692
2025-07-16 11:04:41,280 - Mean (realized) val reward: 0.01804511278195489
2025-07-16 11:04:42,176 - Finished with epoch 25
2025-07-16 11:04:42,178 - Mean (expected) train reward: -0.007139226887375116
2025-07-16 11:04:42,178 - Mean (expected) val reward: -0.005856679752469063
2025-07-16 11:04:42,290 - Mean (realized) train reward: 0.015760949172403692
2025-07-16 11:04:42,338 - Mean (realized) val reward: 0.01804511278195489
2025-07-16 11:04:43,217 - Finished with epoch 30
2025-07-16 11:04:43,218 - Mean (expected) train reward: -0.00689972098916769
2025-07-16 11:04:43,218 - Mean (expected) val reward: -0.005624777637422085
2025-07-16 11:04:43,328 - Mean (realized) train reward: 0.015760949172403692
2025-07-16 11:04:43,376 - Mean (realized) val reward: 0.01804511278195489
2025-07-16 11:04:44,315 - Finished with epoch 35
2025-07-16 11:04:44,316 - Mean (expected) train reward: -0.0066731031984090805
2025-07-16 11:04:44,316 - Mean (expected) val reward: -0.005406488198786974
2025-07-16 11:04:44,428 - Mean (realized) train reward: 0.015760949172403692
2025-07-16 11:04:44,491 - Mean (realized) val reward: 0.01804511278195489
2025-07-16 11:04:45,406 - Finished with epoch 40
2025-07-16 11:04:45,407 - Mean (expected) train reward: -0.006432424299418926
2025-07-16 11:04:45,407 - Mean (expected) val reward: -0.0051725562661886215
2025-07-16 11:04:45,521 - Mean (realized) train reward: 0.015760949172403692
2025-07-16 11:04:45,569 - Mean (realized) val reward: 0.01804511278195489
2025-07-16 11:04:46,459 - Finished with epoch 45
2025-07-16 11:04:46,461 - Mean (expected) train reward: -0.006198704242706299
2025-07-16 11:04:46,461 - Mean (expected) val reward: -0.004945870954543352
2025-07-16 11:04:46,573 - Mean (realized) train reward: 0.015760949172403692
2025-07-16 11:04:46,621 - Mean (realized) val reward: 0.01804511278195489
2025-07-16 11:04:47,504 - Finished with epoch 50
2025-07-16 11:04:47,505 - Mean (expected) train reward: -0.005939136259257793
2025-07-16 11:04:47,505 - Mean (expected) val reward: -0.004693140275776386
2025-07-16 11:04:47,619 - Mean (realized) train reward: 0.015760949172403692
2025-07-16 11:04:47,667 - Mean (realized) val reward: 0.01804511278195489
2025-07-16 11:04:47,675 - Starting trial 16
2025-07-16 11:04:47,696 - Train TB proportion: 0.01652263073092134
2025-07-16 11:04:47,696 - Val TB proportion: 0.016541353383458645
2025-07-16 11:04:47,719 - Train cohort size: 34135
2025-07-16 11:04:47,720 - Validation cohort size: 14630
2025-07-16 11:04:47,735 - Running experiment for setting={'nothing': 0}
2025-07-16 11:04:50,246 - {'num_epochs': 50, 'optimizer': 'adam', 'lr': 0.0001, 'reg_type': 'l2', 'lambda_reg': 0}
2025-07-16 11:04:51,078 - Finished with epoch 5
2025-07-16 11:04:51,080 - Mean (expected) train reward: -0.008861606940627098
2025-07-16 11:04:51,080 - Mean (expected) val reward: -0.008341995999217033
2025-07-16 11:04:51,189 - Mean (realized) train reward: -0.024139446316097848
2025-07-16 11:04:51,237 - Mean (realized) val reward: -0.03568010936431989
2025-07-16 11:04:52,099 - Finished with epoch 10
2025-07-16 11:04:52,100 - Mean (expected) train reward: -0.008596489205956459
2025-07-16 11:04:52,100 - Mean (expected) val reward: -0.00820027943700552
2025-07-16 11:04:52,209 - Mean (realized) train reward: -0.0019920902299692396
2025-07-16 11:04:52,256 - Mean (realized) val reward: -0.05974025974025974
2025-07-16 11:04:53,113 - Finished with epoch 15
2025-07-16 11:04:53,115 - Mean (expected) train reward: -0.008340612053871155
2025-07-16 11:04:53,115 - Mean (expected) val reward: -0.008069648407399654
2025-07-16 11:04:53,225 - Mean (realized) train reward: -0.010429178262780137
2025-07-16 11:04:53,273 - Mean (realized) val reward: -0.0708133971291866
2025-07-16 11:04:54,136 - Finished with epoch 20
2025-07-16 11:04:54,137 - Mean (expected) train reward: -0.00807248242199421
2025-07-16 11:04:54,137 - Mean (expected) val reward: -0.007922669872641563
2025-07-16 11:04:54,250 - Mean (realized) train reward: 0.06351252380254871
2025-07-16 11:04:54,299 - Mean (realized) val reward: 0.0023239917976760082
2025-07-16 11:04:55,163 - Finished with epoch 25
2025-07-16 11:04:55,165 - Mean (expected) train reward: -0.007813065312802792
2025-07-16 11:04:55,165 - Mean (expected) val reward: -0.0077850427478551865
2025-07-16 11:04:55,277 - Mean (realized) train reward: 0.009022996923978321
2025-07-16 11:04:55,325 - Mean (realized) val reward: -0.04196855775803144
2025-07-16 11:04:56,208 - Finished with epoch 30
2025-07-16 11:04:56,209 - Mean (expected) train reward: -0.007546359207481146
2025-07-16 11:04:56,209 - Mean (expected) val reward: -0.00763918599113822
2025-07-16 11:04:56,320 - Mean (realized) train reward: 0.007323861139592793
2025-07-16 11:04:56,368 - Mean (realized) val reward: -0.04866712235133288
2025-07-16 11:04:57,453 - Finished with epoch 35
2025-07-16 11:04:57,455 - Mean (expected) train reward: -0.007285997271537781
2025-07-16 11:04:57,456 - Mean (expected) val reward: -0.0075009348802268505
2025-07-16 11:04:57,573 - Mean (realized) train reward: 0.018866266295591034
2025-07-16 11:04:57,624 - Mean (realized) val reward: -0.011483253588516746
2025-07-16 11:04:58,526 - Finished with epoch 40
2025-07-16 11:04:58,528 - Mean (expected) train reward: -0.007000824436545372
2025-07-16 11:04:58,528 - Mean (expected) val reward: -0.00733688659965992
2025-07-16 11:04:58,650 - Mean (realized) train reward: 0.018631902739124066
2025-07-16 11:04:58,702 - Mean (realized) val reward: 0.01722488038277512
2025-07-16 11:04:59,587 - Finished with epoch 45
2025-07-16 11:04:59,588 - Mean (expected) train reward: -0.006729533895850182
2025-07-16 11:04:59,588 - Mean (expected) val reward: -0.007185537833720446
2025-07-16 11:04:59,701 - Mean (realized) train reward: 0.018397539182657095
2025-07-16 11:04:59,749 - Mean (realized) val reward: 0.012850307587149692
2025-07-16 11:05:00,761 - Finished with epoch 50
2025-07-16 11:05:00,764 - Mean (expected) train reward: -0.006465310230851173
2025-07-16 11:05:00,764 - Mean (expected) val reward: -0.00704156281426549
2025-07-16 11:05:00,889 - Mean (realized) train reward: 0.016932766954738537
2025-07-16 11:05:00,938 - Mean (realized) val reward: 0.018728639781271362
2025-07-16 11:05:00,941 - Starting trial 17
2025-07-16 11:05:00,969 - Train TB proportion: 0.01652263073092134
2025-07-16 11:05:00,969 - Val TB proportion: 0.016541353383458645
2025-07-16 11:05:00,988 - Train cohort size: 34135
2025-07-16 11:05:00,988 - Validation cohort size: 14630
2025-07-16 11:05:01,003 - Running experiment for setting={'nothing': 0}
2025-07-16 11:05:03,457 - {'num_epochs': 50, 'optimizer': 'adam', 'lr': 0.0001, 'reg_type': 'l2', 'lambda_reg': 0}
2025-07-16 11:05:04,297 - Finished with epoch 5
2025-07-16 11:05:04,298 - Mean (expected) train reward: -0.006432974711060524
2025-07-16 11:05:04,298 - Mean (expected) val reward: -0.004706140141934156
2025-07-16 11:05:04,406 - Mean (realized) train reward: 0.015760949172403692
2025-07-16 11:05:04,453 - Mean (realized) val reward: 0.01804511278195489
2025-07-16 11:05:05,307 - Finished with epoch 10
2025-07-16 11:05:05,308 - Mean (expected) train reward: -0.006115202326327562
2025-07-16 11:05:05,308 - Mean (expected) val reward: -0.004501032177358866
2025-07-16 11:05:05,417 - Mean (realized) train reward: 0.015760949172403692
2025-07-16 11:05:05,464 - Mean (realized) val reward: 0.01804511278195489
2025-07-16 11:05:06,340 - Finished with epoch 15
2025-07-16 11:05:06,342 - Mean (expected) train reward: -0.005828334484249353
2025-07-16 11:05:06,342 - Mean (expected) val reward: -0.0043234084732830524
2025-07-16 11:05:06,456 - Mean (realized) train reward: 0.015760949172403692
2025-07-16 11:05:06,503 - Mean (realized) val reward: 0.01804511278195489
2025-07-16 11:05:07,372 - Finished with epoch 20
2025-07-16 11:05:07,373 - Mean (expected) train reward: -0.0055356803350150585
2025-07-16 11:05:07,374 - Mean (expected) val reward: -0.004141800571233034
2025-07-16 11:05:07,485 - Mean (realized) train reward: 0.015760949172403692
2025-07-16 11:05:07,531 - Mean (realized) val reward: 0.01804511278195489
2025-07-16 11:05:08,404 - Finished with epoch 25
2025-07-16 11:05:08,406 - Mean (expected) train reward: -0.0052417246624827385
2025-07-16 11:05:08,406 - Mean (expected) val reward: -0.00395616702735424
2025-07-16 11:05:08,515 - Mean (realized) train reward: 0.015760949172403692
2025-07-16 11:05:08,566 - Mean (realized) val reward: 0.01804511278195489
2025-07-16 11:05:09,504 - Finished with epoch 30
2025-07-16 11:05:09,506 - Mean (expected) train reward: -0.004931504838168621
2025-07-16 11:05:09,506 - Mean (expected) val reward: -0.0037557773757725954
2025-07-16 11:05:09,619 - Mean (realized) train reward: 0.015760949172403692
2025-07-16 11:05:09,667 - Mean (realized) val reward: 0.01804511278195489
2025-07-16 11:05:10,544 - Finished with epoch 35
2025-07-16 11:05:10,545 - Mean (expected) train reward: -0.004629144910722971
2025-07-16 11:05:10,545 - Mean (expected) val reward: -0.0035618748515844345
2025-07-16 11:05:10,660 - Mean (realized) train reward: 0.015760949172403692
2025-07-16 11:05:10,708 - Mean (realized) val reward: 0.01804511278195489
2025-07-16 11:05:11,587 - Finished with epoch 40
2025-07-16 11:05:11,588 - Mean (expected) train reward: -0.004320555832237005
2025-07-16 11:05:11,589 - Mean (expected) val reward: -0.0033614267595112324
2025-07-16 11:05:11,701 - Mean (realized) train reward: 0.015760949172403692
2025-07-16 11:05:11,750 - Mean (realized) val reward: 0.01804511278195489
2025-07-16 11:05:12,623 - Finished with epoch 45
2025-07-16 11:05:12,624 - Mean (expected) train reward: -0.004016444087028503
2025-07-16 11:05:12,625 - Mean (expected) val reward: -0.003162981243804097
2025-07-16 11:05:12,735 - Mean (realized) train reward: 0.015760949172403692
2025-07-16 11:05:12,783 - Mean (realized) val reward: 0.01804511278195489
2025-07-16 11:05:13,659 - Finished with epoch 50
2025-07-16 11:05:13,660 - Mean (expected) train reward: -0.0037062743213027716
2025-07-16 11:05:13,660 - Mean (expected) val reward: -0.002960042329505086
2025-07-16 11:05:13,772 - Mean (realized) train reward: 0.015760949172403692
2025-07-16 11:05:13,821 - Mean (realized) val reward: 0.01804511278195489
2025-07-16 11:05:13,827 - Starting trial 18
2025-07-16 11:05:13,844 - Train TB proportion: 0.01652263073092134
2025-07-16 11:05:13,844 - Val TB proportion: 0.016541353383458645
2025-07-16 11:05:13,863 - Train cohort size: 34135
2025-07-16 11:05:13,863 - Validation cohort size: 14630
2025-07-16 11:05:13,879 - Running experiment for setting={'nothing': 0}
2025-07-16 11:05:16,314 - {'num_epochs': 50, 'optimizer': 'adam', 'lr': 0.0001, 'reg_type': 'l2', 'lambda_reg': 0}
2025-07-16 11:05:17,151 - Finished with epoch 5
2025-07-16 11:05:17,153 - Mean (expected) train reward: -0.01451213750988245
2025-07-16 11:05:17,154 - Mean (expected) val reward: -0.013626562431454659
2025-07-16 11:05:17,264 - Mean (realized) train reward: -0.03304526146184268
2025-07-16 11:05:17,310 - Mean (realized) val reward: -0.03308270676691729
2025-07-16 11:05:18,244 - Finished with epoch 10
2025-07-16 11:05:18,246 - Mean (expected) train reward: -0.014298991300165653
2025-07-16 11:05:18,246 - Mean (expected) val reward: -0.013495484367012978
2025-07-16 11:05:18,356 - Mean (realized) train reward: -0.03304526146184268
2025-07-16 11:05:18,403 - Mean (realized) val reward: -0.03308270676691729
2025-07-16 11:05:19,277 - Finished with epoch 15
2025-07-16 11:05:19,278 - Mean (expected) train reward: -0.014095962047576904
2025-07-16 11:05:19,279 - Mean (expected) val reward: -0.013375853188335896
2025-07-16 11:05:19,390 - Mean (realized) train reward: -0.03304526146184268
2025-07-16 11:05:19,438 - Mean (realized) val reward: -0.03308270676691729
2025-07-16 11:05:20,318 - Finished with epoch 20
2025-07-16 11:05:20,320 - Mean (expected) train reward: -0.013900967314839363
2025-07-16 11:05:20,320 - Mean (expected) val reward: -0.01326750498265028
2025-07-16 11:05:20,430 - Mean (realized) train reward: -0.03304526146184268
2025-07-16 11:05:20,478 - Mean (realized) val reward: -0.03308270676691729
2025-07-16 11:05:21,359 - Finished with epoch 25
2025-07-16 11:05:21,361 - Mean (expected) train reward: -0.013702801428735256
2025-07-16 11:05:21,361 - Mean (expected) val reward: -0.013153895735740662
2025-07-16 11:05:21,473 - Mean (realized) train reward: -0.03304526146184268
2025-07-16 11:05:21,521 - Mean (realized) val reward: -0.03308270676691729
2025-07-16 11:05:22,413 - Finished with epoch 30
2025-07-16 11:05:22,415 - Mean (expected) train reward: -0.01349496841430664
2025-07-16 11:05:22,415 - Mean (expected) val reward: -0.013030242174863815
2025-07-16 11:05:22,527 - Mean (realized) train reward: -0.03304526146184268
2025-07-16 11:05:22,575 - Mean (realized) val reward: -0.03308270676691729
2025-07-16 11:05:23,460 - Finished with epoch 35
2025-07-16 11:05:23,462 - Mean (expected) train reward: -0.013297846540808678
2025-07-16 11:05:23,462 - Mean (expected) val reward: -0.012918180786073208
2025-07-16 11:05:23,575 - Mean (realized) train reward: -0.03304526146184268
2025-07-16 11:05:23,623 - Mean (realized) val reward: -0.03308270676691729
2025-07-16 11:05:24,497 - Finished with epoch 40
2025-07-16 11:05:24,498 - Mean (expected) train reward: -0.013094687834382057
2025-07-16 11:05:24,499 - Mean (expected) val reward: -0.012802583165466785
2025-07-16 11:05:24,609 - Mean (realized) train reward: -0.03304526146184268
2025-07-16 11:05:24,657 - Mean (realized) val reward: -0.03308270676691729
2025-07-16 11:05:25,532 - Finished with epoch 45
2025-07-16 11:05:25,533 - Mean (expected) train reward: -0.012890503741800785
2025-07-16 11:05:25,533 - Mean (expected) val reward: -0.01268537063151598
2025-07-16 11:05:25,646 - Mean (realized) train reward: -0.03304526146184268
2025-07-16 11:05:25,695 - Mean (realized) val reward: -0.03308270676691729
2025-07-16 11:05:26,576 - Finished with epoch 50
2025-07-16 11:05:26,578 - Mean (expected) train reward: -0.012690016068518162
2025-07-16 11:05:26,578 - Mean (expected) val reward: -0.012572099454700947
2025-07-16 11:05:26,688 - Mean (realized) train reward: -0.03304526146184268
2025-07-16 11:05:26,737 - Mean (realized) val reward: -0.03308270676691729
2025-07-16 11:05:26,739 - Starting trial 19
2025-07-16 11:05:26,756 - Train TB proportion: 0.01652263073092134
2025-07-16 11:05:26,756 - Val TB proportion: 0.016541353383458645
2025-07-16 11:05:26,775 - Train cohort size: 34135
2025-07-16 11:05:26,775 - Validation cohort size: 14630
2025-07-16 11:05:26,790 - Running experiment for setting={'nothing': 0}
2025-07-16 11:05:29,088 - {'num_epochs': 50, 'optimizer': 'adam', 'lr': 0.0001, 'reg_type': 'l2', 'lambda_reg': 0}
2025-07-16 11:05:29,920 - Finished with epoch 5
2025-07-16 11:05:29,921 - Mean (expected) train reward: -0.010639095678925514
2025-07-16 11:05:29,923 - Mean (expected) val reward: -0.010163730941712856
2025-07-16 11:05:30,034 - Mean (realized) train reward: -0.03304526146184268
2025-07-16 11:05:30,080 - Mean (realized) val reward: -0.03308270676691729
2025-07-16 11:05:30,935 - Finished with epoch 10
2025-07-16 11:05:30,936 - Mean (expected) train reward: -0.010438811965286732
2025-07-16 11:05:30,936 - Mean (expected) val reward: -0.009977081790566444
2025-07-16 11:05:31,049 - Mean (realized) train reward: -0.03304526146184268
2025-07-16 11:05:31,098 - Mean (realized) val reward: -0.03308270676691729
2025-07-16 11:05:31,964 - Finished with epoch 15
2025-07-16 11:05:31,966 - Mean (expected) train reward: -0.01024041697382927
2025-07-16 11:05:31,966 - Mean (expected) val reward: -0.00979258120059967
2025-07-16 11:05:32,077 - Mean (realized) train reward: -0.03304526146184268
2025-07-16 11:05:32,124 - Mean (realized) val reward: -0.03308270676691729
2025-07-16 11:05:33,001 - Finished with epoch 20
2025-07-16 11:05:33,002 - Mean (expected) train reward: -0.010024284943938255
2025-07-16 11:05:33,002 - Mean (expected) val reward: -0.009589138440787792
2025-07-16 11:05:33,113 - Mean (realized) train reward: -0.03304526146184268
2025-07-16 11:05:33,160 - Mean (realized) val reward: -0.03308270676691729
2025-07-16 11:05:34,032 - Finished with epoch 25
2025-07-16 11:05:34,033 - Mean (expected) train reward: -0.009826526045799255
2025-07-16 11:05:34,034 - Mean (expected) val reward: -0.00940381083637476
2025-07-16 11:05:34,143 - Mean (realized) train reward: -0.03304526146184268
2025-07-16 11:05:34,190 - Mean (realized) val reward: -0.03308270676691729
2025-07-16 11:05:35,064 - Finished with epoch 30
2025-07-16 11:05:35,066 - Mean (expected) train reward: -0.009623481892049313
2025-07-16 11:05:35,066 - Mean (expected) val reward: -0.009214931167662144
2025-07-16 11:05:35,177 - Mean (realized) train reward: -0.03304526146184268
2025-07-16 11:05:35,225 - Mean (realized) val reward: -0.03308270676691729
2025-07-16 11:05:36,846 - Finished with epoch 35
2025-07-16 11:05:36,848 - Mean (expected) train reward: -0.009423312731087208
2025-07-16 11:05:36,849 - Mean (expected) val reward: -0.009028729982674122
2025-07-16 11:05:36,967 - Mean (realized) train reward: -0.03304526146184268
2025-07-16 11:05:37,019 - Mean (realized) val reward: -0.03308270676691729
2025-07-16 11:05:38,085 - Finished with epoch 40
2025-07-16 11:05:38,100 - Mean (expected) train reward: -0.009203139692544937
2025-07-16 11:05:38,100 - Mean (expected) val reward: -0.008819712325930595
2025-07-16 11:05:38,216 - Mean (realized) train reward: -0.03304526146184268
2025-07-16 11:05:38,266 - Mean (realized) val reward: -0.03308270676691729
2025-07-16 11:05:39,206 - Finished with epoch 45
2025-07-16 11:05:39,208 - Mean (expected) train reward: -0.008989431895315647
2025-07-16 11:05:39,208 - Mean (expected) val reward: -0.008618677034974098
2025-07-16 11:05:39,320 - Mean (realized) train reward: -0.03345539768565988
2025-07-16 11:05:39,369 - Mean (realized) val reward: -0.033219412166780586
2025-07-16 11:05:40,259 - Finished with epoch 50
2025-07-16 11:05:40,260 - Mean (expected) train reward: -0.008776789531111717
2025-07-16 11:05:40,260 - Mean (expected) val reward: -0.008419577963650227
2025-07-16 11:05:40,371 - Mean (realized) train reward: -0.03216639812509155
2025-07-16 11:05:40,420 - Mean (realized) val reward: -0.03513328776486671
2025-07-16 11:05:40,424 - Storing primary outcomes...
2025-07-16 11:05:40,575 - Storing primary outcomes...
2025-07-16 11:05:40,632 - Storing primary outcomes...
2025-07-16 11:05:40,757 - Storing primary outcomes...
2025-07-16 11:05:40,818 - Storing primary outcomes...
2025-07-16 11:05:40,947 - Storing primary outcomes...
2025-07-16 11:05:41,009 - Storing primary outcomes...
2025-07-16 11:05:41,139 - Storing primary outcomes...
2025-07-16 11:05:41,198 - Storing primary outcomes...
2025-07-16 11:05:41,327 - Storing primary outcomes...
2025-07-16 11:05:41,388 - Storing primary outcomes...
2025-07-16 11:05:41,514 - Storing primary outcomes...
2025-07-16 11:05:41,574 - Storing primary outcomes...
2025-07-16 11:05:41,701 - Storing primary outcomes...
2025-07-16 11:05:41,765 - Storing primary outcomes...
2025-07-16 11:05:41,893 - Storing primary outcomes...
2025-07-16 11:05:41,954 - Storing primary outcomes...
2025-07-16 11:05:42,080 - Storing primary outcomes...
2025-07-16 11:05:42,137 - Storing primary outcomes...
2025-07-16 11:05:42,261 - Storing primary outcomes...
2025-07-16 11:05:42,319 - Storing primary outcomes...
2025-07-16 11:05:42,443 - Storing primary outcomes...
2025-07-16 11:05:42,496 - Storing primary outcomes...
2025-07-16 11:05:42,615 - Storing primary outcomes...
2025-07-16 11:05:42,669 - Storing primary outcomes...
2025-07-16 11:05:42,784 - Storing primary outcomes...
2025-07-16 11:05:42,839 - Storing primary outcomes...
2025-07-16 11:05:42,956 - Storing primary outcomes...
2025-07-16 11:05:43,010 - Storing primary outcomes...
2025-07-16 11:05:43,126 - Storing primary outcomes...
2025-07-16 11:05:43,181 - Storing primary outcomes...
2025-07-16 11:05:43,303 - Storing primary outcomes...
2025-07-16 11:05:43,356 - Storing primary outcomes...
2025-07-16 11:05:43,472 - Storing primary outcomes...
2025-07-16 11:05:43,529 - Storing primary outcomes...
2025-07-16 11:05:43,647 - Storing primary outcomes...
2025-07-16 11:05:43,701 - Storing primary outcomes...
2025-07-16 11:05:43,818 - Storing primary outcomes...
2025-07-16 11:05:43,872 - Storing primary outcomes...
2025-07-16 11:05:43,989 - Storing primary outcomes...
2025-07-16 11:05:44,043 - Completed calculating means
2025-07-16 11:05:44,043 - Completed calculating means
