2025-07-17 20:39:46,681 - Namespace(exp_name='my_experiment', mode='direct', num_trials=20, features_path='other_data/features_formatted.csv', outcomes_path='other_data/outcomes.csv', metadata_path='other_data/metadata.csv', validate=True, test_features_path=None, test_outcomes_path=None, best_models_path=None, best_hyperparams_path=None, predictions_path=None, threshold_combos_path=None, best_thresholds_path=None, threshold_selection_config_path=None, model_params_config_path=None, reward_params_path='reward_space.json', defer=False)
2025-07-17 20:39:46,681 - Reading in data...
2025-07-17 20:39:46,760 - Train cohort size: 47670
2025-07-17 20:39:46,777 - Starting trial 0
2025-07-17 20:39:46,796 - Train TB proportion: 0.016991818753933293
2025-07-17 20:39:46,796 - Val TB proportion: 0.016991818753933293
2025-07-17 20:39:46,813 - Train cohort size: 33369
2025-07-17 20:39:46,813 - Validation cohort size: 14301
2025-07-17 20:39:46,824 - Running experiment for setting={'nothing': 0}
2025-07-17 20:39:48,973 - {'num_epochs': 50, 'optimizer': 'adam', 'lr': 0.0001, 'reg_type': 'l2', 'lambda_reg': 0}
2025-07-17 20:39:50,518 - Finished with epoch 5
2025-07-17 20:39:50,520 - Mean (expected) train reward: 0.6412612199783325
2025-07-17 20:39:50,520 - Mean (expected) val reward: 0.6417223811149597
2025-07-17 20:39:50,621 - Mean (realized) train reward: 0.9741676406245318
2025-07-17 20:39:50,664 - Mean (realized) val reward: 0.9739179078386127
2025-07-17 20:39:51,425 - Finished with epoch 10
2025-07-17 20:39:51,426 - Mean (expected) train reward: 0.7130260467529297
2025-07-17 20:39:51,426 - Mean (expected) val reward: 0.7132285237312317
2025-07-17 20:39:51,526 - Mean (realized) train reward: 0.9768048188438371
2025-07-17 20:39:51,569 - Mean (realized) val reward: 0.9772043913013077
2025-07-17 20:39:52,332 - Finished with epoch 15
2025-07-17 20:39:52,333 - Mean (expected) train reward: 0.7708848118782043
2025-07-17 20:39:52,333 - Mean (expected) val reward: 0.7709492444992065
2025-07-17 20:39:52,433 - Mean (realized) train reward: 0.9784230872965927
2025-07-17 20:39:52,476 - Mean (realized) val reward: 0.9775540172015943
2025-07-17 20:39:53,239 - Finished with epoch 20
2025-07-17 20:39:53,240 - Mean (expected) train reward: 0.8088943362236023
2025-07-17 20:39:53,240 - Mean (expected) val reward: 0.8086780309677124
2025-07-17 20:39:53,340 - Mean (realized) train reward: 0.9783331834936618
2025-07-17 20:39:53,384 - Mean (realized) val reward: 0.977693867561709
2025-07-17 20:39:54,150 - Finished with epoch 25
2025-07-17 20:39:54,151 - Mean (expected) train reward: 0.8334189057350159
2025-07-17 20:39:54,151 - Mean (expected) val reward: 0.8331212401390076
2025-07-17 20:39:54,250 - Mean (realized) train reward: 0.9802211633552099
2025-07-17 20:39:54,292 - Mean (realized) val reward: 0.9801412488637158
2025-07-17 20:39:55,066 - Finished with epoch 30
2025-07-17 20:39:55,067 - Mean (expected) train reward: 0.8473439812660217
2025-07-17 20:39:55,067 - Mean (expected) val reward: 0.8469510078430176
2025-07-17 20:39:55,167 - Mean (realized) train reward: 0.9814198807276214
2025-07-17 20:39:55,210 - Mean (realized) val reward: 0.9803510244038879
2025-07-17 20:39:55,974 - Finished with epoch 35
2025-07-17 20:39:55,976 - Mean (expected) train reward: 0.8546703457832336
2025-07-17 20:39:55,976 - Mean (expected) val reward: 0.8541288375854492
2025-07-17 20:39:56,076 - Mean (realized) train reward: 0.9814498486619317
2025-07-17 20:39:56,118 - Mean (realized) val reward: 0.9804209495839452
2025-07-17 20:39:56,882 - Finished with epoch 40
2025-07-17 20:39:56,883 - Mean (expected) train reward: 0.8603464961051941
2025-07-17 20:39:56,883 - Mean (expected) val reward: 0.8598538041114807
2025-07-17 20:39:56,982 - Mean (realized) train reward: 0.9817195600707244
2025-07-17 20:39:57,025 - Mean (realized) val reward: 0.9813999021047479
2025-07-17 20:39:57,796 - Finished with epoch 45
2025-07-17 20:39:57,797 - Mean (expected) train reward: 0.8598895072937012
2025-07-17 20:39:57,797 - Mean (expected) val reward: 0.85896235704422
2025-07-17 20:39:57,897 - Mean (realized) train reward: 0.9806107465012437
2025-07-17 20:39:57,940 - Mean (realized) val reward: 0.9791622963429131
2025-07-17 20:39:58,707 - Finished with epoch 50
2025-07-17 20:39:58,708 - Mean (expected) train reward: 0.8633277416229248
2025-07-17 20:39:58,708 - Mean (expected) val reward: 0.862549364566803
2025-07-17 20:39:58,809 - Mean (realized) train reward: 0.9817794959393449
2025-07-17 20:39:58,852 - Mean (realized) val reward: 0.9810502762044613
2025-07-17 20:39:58,856 - Starting trial 1
2025-07-17 20:39:58,871 - Train TB proportion: 0.016991818753933293
2025-07-17 20:39:58,871 - Val TB proportion: 0.016991818753933293
2025-07-17 20:39:58,886 - Train cohort size: 33369
2025-07-17 20:39:58,886 - Validation cohort size: 14301
2025-07-17 20:39:58,899 - Running experiment for setting={'nothing': 0}
2025-07-17 20:40:01,111 - {'num_epochs': 50, 'optimizer': 'adam', 'lr': 0.0001, 'reg_type': 'l2', 'lambda_reg': 0}
2025-07-17 20:40:01,882 - Finished with epoch 5
2025-07-17 20:40:01,883 - Mean (expected) train reward: 0.7068673372268677
2025-07-17 20:40:01,884 - Mean (expected) val reward: 0.7055758237838745
2025-07-17 20:40:01,983 - Mean (realized) train reward: 0.9804009709610717
2025-07-17 20:40:02,026 - Mean (realized) val reward: 0.9809803510244038
2025-07-17 20:40:02,782 - Finished with epoch 10
2025-07-17 20:40:02,783 - Mean (expected) train reward: 0.753111720085144
2025-07-17 20:40:02,784 - Mean (expected) val reward: 0.7538473606109619
2025-07-17 20:40:02,883 - Mean (realized) train reward: 0.9737181216098775
2025-07-17 20:40:02,925 - Mean (realized) val reward: 0.9777637927417663
2025-07-17 20:40:03,693 - Finished with epoch 15
2025-07-17 20:40:03,695 - Mean (expected) train reward: 0.7971711754798889
2025-07-17 20:40:03,695 - Mean (expected) val reward: 0.7979689240455627
2025-07-17 20:40:03,794 - Mean (realized) train reward: 0.9746770955078067
2025-07-17 20:40:03,837 - Mean (realized) val reward: 0.9795119222431998
2025-07-17 20:40:04,610 - Finished with epoch 20
2025-07-17 20:40:04,611 - Mean (expected) train reward: 0.8273083567619324
2025-07-17 20:40:04,611 - Mean (expected) val reward: 0.8275932669639587
2025-07-17 20:40:04,710 - Mean (realized) train reward: 0.9774641133986635
2025-07-17 20:40:04,753 - Mean (realized) val reward: 0.9793720718830851
2025-07-17 20:40:05,514 - Finished with epoch 25
2025-07-17 20:40:05,515 - Mean (expected) train reward: 0.8454769253730774
2025-07-17 20:40:05,515 - Mean (expected) val reward: 0.8452426195144653
2025-07-17 20:40:05,613 - Mean (realized) train reward: 0.9798615481434865
2025-07-17 20:40:05,656 - Mean (realized) val reward: 0.9801412488637158
2025-07-17 20:40:06,417 - Finished with epoch 30
2025-07-17 20:40:06,418 - Mean (expected) train reward: 0.8522028923034668
2025-07-17 20:40:06,418 - Mean (expected) val reward: 0.8519580364227295
2025-07-17 20:40:06,518 - Mean (realized) train reward: 0.9796218046690042
2025-07-17 20:40:06,561 - Mean (realized) val reward: 0.9797916229634291
2025-07-17 20:40:07,314 - Finished with epoch 35
2025-07-17 20:40:07,314 - Mean (expected) train reward: 0.8579082489013672
2025-07-17 20:40:07,315 - Mean (expected) val reward: 0.8575559854507446
2025-07-17 20:40:07,415 - Mean (realized) train reward: 0.9802511312895202
2025-07-17 20:40:07,459 - Mean (realized) val reward: 0.9805607999440599
2025-07-17 20:40:08,232 - Finished with epoch 40
2025-07-17 20:40:08,233 - Mean (expected) train reward: 0.8588561415672302
2025-07-17 20:40:08,234 - Mean (expected) val reward: 0.8586539030075073
2025-07-17 20:40:08,334 - Mean (realized) train reward: 0.9790823818514189
2025-07-17 20:40:08,377 - Mean (realized) val reward: 0.9803510244038879
2025-07-17 20:40:09,154 - Finished with epoch 45
2025-07-17 20:40:09,155 - Mean (expected) train reward: 0.8613927960395813
2025-07-17 20:40:09,155 - Mean (expected) val reward: 0.8611029982566833
2025-07-17 20:40:09,256 - Mean (realized) train reward: 0.9794419970631424
2025-07-17 20:40:09,299 - Mean (realized) val reward: 0.9809803510244038
2025-07-17 20:40:10,074 - Finished with epoch 50
2025-07-17 20:40:10,076 - Mean (expected) train reward: 0.8619036674499512
2025-07-17 20:40:10,076 - Mean (expected) val reward: 0.8616369962692261
2025-07-17 20:40:10,177 - Mean (realized) train reward: 0.979292157391591
2025-07-17 20:40:10,220 - Mean (realized) val reward: 0.9814698272848053
2025-07-17 20:40:10,222 - Starting trial 2
2025-07-17 20:40:10,237 - Train TB proportion: 0.016991818753933293
2025-07-17 20:40:10,237 - Val TB proportion: 0.016991818753933293
2025-07-17 20:40:10,253 - Train cohort size: 33369
2025-07-17 20:40:10,253 - Validation cohort size: 14301
2025-07-17 20:40:10,266 - Running experiment for setting={'nothing': 0}
2025-07-17 20:40:12,540 - {'num_epochs': 50, 'optimizer': 'adam', 'lr': 0.0001, 'reg_type': 'l2', 'lambda_reg': 0}
2025-07-17 20:40:13,312 - Finished with epoch 5
2025-07-17 20:40:13,313 - Mean (expected) train reward: 0.7350388765335083
2025-07-17 20:40:13,313 - Mean (expected) val reward: 0.7350710034370422
2025-07-17 20:40:13,411 - Mean (realized) train reward: 0.9792621894572807
2025-07-17 20:40:13,454 - Mean (realized) val reward: 0.9788825956226838
2025-07-17 20:40:14,212 - Finished with epoch 10
2025-07-17 20:40:14,213 - Mean (expected) train reward: 0.7872632741928101
2025-07-17 20:40:14,213 - Mean (expected) val reward: 0.7869230508804321
2025-07-17 20:40:14,312 - Mean (realized) train reward: 0.9795618688003835
2025-07-17 20:40:14,355 - Mean (realized) val reward: 0.977693867561709
2025-07-17 20:40:15,131 - Finished with epoch 15
2025-07-17 20:40:15,132 - Mean (expected) train reward: 0.8211871981620789
2025-07-17 20:40:15,132 - Mean (expected) val reward: 0.8207336068153381
2025-07-17 20:40:15,234 - Mean (realized) train reward: 0.9798315802091762
2025-07-17 20:40:15,283 - Mean (realized) val reward: 0.9784630445423397
2025-07-17 20:40:16,069 - Finished with epoch 20
2025-07-17 20:40:16,070 - Mean (expected) train reward: 0.8408507704734802
2025-07-17 20:40:16,070 - Mean (expected) val reward: 0.8404106497764587
2025-07-17 20:40:16,172 - Mean (realized) train reward: 0.9803710030267614
2025-07-17 20:40:16,216 - Mean (realized) val reward: 0.9790224459827984
2025-07-17 20:40:16,990 - Finished with epoch 25
2025-07-17 20:40:16,991 - Mean (expected) train reward: 0.8514414429664612
2025-07-17 20:40:16,991 - Mean (expected) val reward: 0.8510474562644958
2025-07-17 20:40:17,093 - Mean (realized) train reward: 0.980850489975726
2025-07-17 20:40:17,137 - Mean (realized) val reward: 0.9793720718830851
2025-07-17 20:40:17,922 - Finished with epoch 30
2025-07-17 20:40:17,923 - Mean (expected) train reward: 0.8549706339836121
2025-07-17 20:40:17,923 - Mean (expected) val reward: 0.8546361923217773
2025-07-17 20:40:18,025 - Mean (realized) train reward: 0.9798016122748658
2025-07-17 20:40:18,070 - Mean (realized) val reward: 0.9786028949024543
2025-07-17 20:40:18,883 - Finished with epoch 35
2025-07-17 20:40:18,885 - Mean (expected) train reward: 0.8586776256561279
2025-07-17 20:40:18,885 - Mean (expected) val reward: 0.8583628535270691
2025-07-17 20:40:18,986 - Mean (realized) train reward: 0.9801312595522791
2025-07-17 20:40:19,030 - Mean (realized) val reward: 0.9797216977833718
2025-07-17 20:40:19,821 - Finished with epoch 40
2025-07-17 20:40:19,822 - Mean (expected) train reward: 0.863461434841156
2025-07-17 20:40:19,822 - Mean (expected) val reward: 0.8631350994110107
2025-07-17 20:40:19,924 - Mean (realized) train reward: 0.9802511312895202
2025-07-17 20:40:19,968 - Mean (realized) val reward: 0.9809104258443465
2025-07-17 20:40:20,754 - Finished with epoch 45
2025-07-17 20:40:20,755 - Mean (expected) train reward: 0.8628172278404236
2025-07-17 20:40:20,755 - Mean (expected) val reward: 0.8624823689460754
2025-07-17 20:40:20,858 - Mean (realized) train reward: 0.9794719649974527
2025-07-17 20:40:20,902 - Mean (realized) val reward: 0.9797916229634291
2025-07-17 20:40:21,698 - Finished with epoch 50
2025-07-17 20:40:21,699 - Mean (expected) train reward: 0.8651536107063293
2025-07-17 20:40:21,699 - Mean (expected) val reward: 0.8648021817207336
2025-07-17 20:40:21,802 - Mean (realized) train reward: 0.9804908747640025
2025-07-17 20:40:21,847 - Mean (realized) val reward: 0.9800713236836585
2025-07-17 20:40:21,848 - Starting trial 3
2025-07-17 20:40:21,862 - Train TB proportion: 0.016991818753933293
2025-07-17 20:40:21,862 - Val TB proportion: 0.016991818753933293
2025-07-17 20:40:21,878 - Train cohort size: 33369
2025-07-17 20:40:21,878 - Validation cohort size: 14301
2025-07-17 20:40:21,891 - Running experiment for setting={'nothing': 0}
2025-07-17 20:40:24,122 - {'num_epochs': 50, 'optimizer': 'adam', 'lr': 0.0001, 'reg_type': 'l2', 'lambda_reg': 0}
2025-07-17 20:40:24,914 - Finished with epoch 5
2025-07-17 20:40:24,915 - Mean (expected) train reward: 0.69947350025177
2025-07-17 20:40:24,915 - Mean (expected) val reward: 0.6978930234909058
2025-07-17 20:40:25,017 - Mean (realized) train reward: 0.9822589828883095
2025-07-17 20:40:25,061 - Mean (realized) val reward: 0.9851758618278442
2025-07-17 20:40:25,859 - Finished with epoch 10
2025-07-17 20:40:25,860 - Mean (expected) train reward: 0.7626368403434753
2025-07-17 20:40:25,860 - Mean (expected) val reward: 0.7617253661155701
2025-07-17 20:40:25,963 - Mean (realized) train reward: 0.982109143216758
2025-07-17 20:40:26,007 - Mean (realized) val reward: 0.9855254877281309
2025-07-17 20:40:27,225 - Finished with epoch 15
2025-07-17 20:40:27,227 - Mean (expected) train reward: 0.8035921454429626
2025-07-17 20:40:27,227 - Mean (expected) val reward: 0.8032911419868469
2025-07-17 20:40:27,330 - Mean (realized) train reward: 0.9811202013845186
2025-07-17 20:40:27,375 - Mean (realized) val reward: 0.9848262359275575
2025-07-17 20:40:28,259 - Finished with epoch 20
2025-07-17 20:40:28,260 - Mean (expected) train reward: 0.8330001831054688
2025-07-17 20:40:28,260 - Mean (expected) val reward: 0.8327497839927673
2025-07-17 20:40:28,364 - Mean (realized) train reward: 0.9814198807276214
2025-07-17 20:40:28,409 - Mean (realized) val reward: 0.9855954129081882
2025-07-17 20:40:29,214 - Finished with epoch 25
2025-07-17 20:40:29,215 - Mean (expected) train reward: 0.8482196927070618
2025-07-17 20:40:29,215 - Mean (expected) val reward: 0.8479976654052734
2025-07-17 20:40:29,319 - Mean (realized) train reward: 0.9813599448590009
2025-07-17 20:40:29,364 - Mean (realized) val reward: 0.9855954129081882
2025-07-17 20:40:30,377 - Finished with epoch 30
2025-07-17 20:40:30,379 - Mean (expected) train reward: 0.8565900921821594
2025-07-17 20:40:30,379 - Mean (expected) val reward: 0.8563365340232849
2025-07-17 20:40:30,541 - Mean (realized) train reward: 0.9812400731217598
2025-07-17 20:40:30,605 - Mean (realized) val reward: 0.9851758618278442
2025-07-17 20:40:31,578 - Finished with epoch 35
2025-07-17 20:40:31,580 - Mean (expected) train reward: 0.8605205416679382
2025-07-17 20:40:31,580 - Mean (expected) val reward: 0.8602418303489685
2025-07-17 20:40:31,686 - Mean (realized) train reward: 0.9813299769246906
2025-07-17 20:40:31,731 - Mean (realized) val reward: 0.9841969093070415
2025-07-17 20:40:32,582 - Finished with epoch 40
2025-07-17 20:40:32,583 - Mean (expected) train reward: 0.8629450798034668
2025-07-17 20:40:32,583 - Mean (expected) val reward: 0.8626221418380737
2025-07-17 20:40:32,689 - Mean (realized) train reward: 0.9817195600707244
2025-07-17 20:40:32,734 - Mean (realized) val reward: 0.9841269841269841
2025-07-17 20:40:33,554 - Finished with epoch 45
2025-07-17 20:40:33,555 - Mean (expected) train reward: 0.8652015328407288
2025-07-17 20:40:33,555 - Mean (expected) val reward: 0.8648005127906799
2025-07-17 20:40:33,659 - Mean (realized) train reward: 0.9824987263627918
2025-07-17 20:40:33,705 - Mean (realized) val reward: 0.9848961611076148
2025-07-17 20:40:34,511 - Finished with epoch 50
2025-07-17 20:40:34,512 - Mean (expected) train reward: 0.8680757284164429
2025-07-17 20:40:34,512 - Mean (expected) val reward: 0.867563009262085
2025-07-17 20:40:34,617 - Mean (realized) train reward: 0.982828373640205
2025-07-17 20:40:34,662 - Mean (realized) val reward: 0.9850360114677296
2025-07-17 20:40:34,664 - Starting trial 4
2025-07-17 20:40:34,682 - Train TB proportion: 0.016991818753933293
2025-07-17 20:40:34,682 - Val TB proportion: 0.016991818753933293
2025-07-17 20:40:34,700 - Train cohort size: 33369
2025-07-17 20:40:34,700 - Validation cohort size: 14301
2025-07-17 20:40:34,713 - Running experiment for setting={'nothing': 0}
2025-07-17 20:40:37,002 - {'num_epochs': 50, 'optimizer': 'adam', 'lr': 0.0001, 'reg_type': 'l2', 'lambda_reg': 0}
2025-07-17 20:40:37,772 - Finished with epoch 5
2025-07-17 20:40:37,773 - Mean (expected) train reward: 0.5913337469100952
2025-07-17 20:40:37,773 - Mean (expected) val reward: 0.591961145401001
2025-07-17 20:40:37,875 - Mean (realized) train reward: 0.35275255476639994
2025-07-17 20:40:37,919 - Mean (realized) val reward: 0.3492063492063492
2025-07-17 20:40:38,723 - Finished with epoch 10
2025-07-17 20:40:38,724 - Mean (expected) train reward: 0.6724729537963867
2025-07-17 20:40:38,724 - Mean (expected) val reward: 0.6730719804763794
2025-07-17 20:40:38,829 - Mean (realized) train reward: 0.9814498486619317
2025-07-17 20:40:38,875 - Mean (realized) val reward: 0.9792322215229704
2025-07-17 20:40:39,668 - Finished with epoch 15
2025-07-17 20:40:39,669 - Mean (expected) train reward: 0.7363596558570862
2025-07-17 20:40:39,669 - Mean (expected) val reward: 0.7372336983680725
2025-07-17 20:40:39,774 - Mean (realized) train reward: 0.9798915160777968
2025-07-17 20:40:39,818 - Mean (realized) val reward: 0.9795818474232572
2025-07-17 20:40:40,876 - Finished with epoch 20
2025-07-17 20:40:40,878 - Mean (expected) train reward: 0.7880128622055054
2025-07-17 20:40:40,878 - Mean (expected) val reward: 0.7887393236160278
2025-07-17 20:40:40,980 - Mean (realized) train reward: 0.9810302975815877
2025-07-17 20:40:41,025 - Mean (realized) val reward: 0.9800713236836585
2025-07-17 20:40:41,843 - Finished with epoch 25
2025-07-17 20:40:41,844 - Mean (expected) train reward: 0.8204531073570251
2025-07-17 20:40:41,844 - Mean (expected) val reward: 0.8210753202438354
2025-07-17 20:40:41,950 - Mean (realized) train reward: 0.980850489975726
2025-07-17 20:40:41,995 - Mean (realized) val reward: 0.9813299769246906
2025-07-17 20:40:42,813 - Finished with epoch 30
2025-07-17 20:40:42,816 - Mean (expected) train reward: 0.8420172333717346
2025-07-17 20:40:42,817 - Mean (expected) val reward: 0.8424583077430725
2025-07-17 20:40:42,938 - Mean (realized) train reward: 0.9825586622314124
2025-07-17 20:40:42,985 - Mean (realized) val reward: 0.9819593035452067
2025-07-17 20:40:44,160 - Finished with epoch 35
2025-07-17 20:40:44,162 - Mean (expected) train reward: 0.8494018912315369
2025-07-17 20:40:44,162 - Mean (expected) val reward: 0.849807858467102
2025-07-17 20:40:44,272 - Mean (realized) train reward: 0.9803110671581408
2025-07-17 20:40:44,327 - Mean (realized) val reward: 0.9810502762044613
2025-07-17 20:40:45,388 - Finished with epoch 40
2025-07-17 20:40:45,390 - Mean (expected) train reward: 0.8565863370895386
2025-07-17 20:40:45,390 - Mean (expected) val reward: 0.8568912744522095
2025-07-17 20:40:45,501 - Mean (realized) train reward: 0.9813599448590009
2025-07-17 20:40:45,547 - Mean (realized) val reward: 0.9820991539053213
2025-07-17 20:40:46,681 - Finished with epoch 45
2025-07-17 20:40:46,683 - Mean (expected) train reward: 0.8599440455436707
2025-07-17 20:40:46,683 - Mean (expected) val reward: 0.8601598739624023
2025-07-17 20:40:46,792 - Mean (realized) train reward: 0.9817495280050346
2025-07-17 20:40:46,838 - Mean (realized) val reward: 0.9819593035452067
2025-07-17 20:40:47,685 - Finished with epoch 50
2025-07-17 20:40:47,686 - Mean (expected) train reward: 0.8640716671943665
2025-07-17 20:40:47,686 - Mean (expected) val reward: 0.8642152547836304
2025-07-17 20:40:47,795 - Mean (realized) train reward: 0.9812101051874494
2025-07-17 20:40:47,842 - Mean (realized) val reward: 0.9811202013845186
2025-07-17 20:40:47,844 - Starting trial 5
2025-07-17 20:40:47,871 - Train TB proportion: 0.016991818753933293
2025-07-17 20:40:47,871 - Val TB proportion: 0.016991818753933293
2025-07-17 20:40:47,889 - Train cohort size: 33369
2025-07-17 20:40:47,889 - Validation cohort size: 14301
2025-07-17 20:40:47,903 - Running experiment for setting={'nothing': 0}
2025-07-17 20:40:50,452 - {'num_epochs': 50, 'optimizer': 'adam', 'lr': 0.0001, 'reg_type': 'l2', 'lambda_reg': 0}
2025-07-17 20:40:51,268 - Finished with epoch 5
2025-07-17 20:40:51,269 - Mean (expected) train reward: 0.7139679193496704
2025-07-17 20:40:51,269 - Mean (expected) val reward: 0.7156060934066772
2025-07-17 20:40:51,375 - Mean (realized) train reward: 0.978872606311247
2025-07-17 20:40:51,420 - Mean (realized) val reward: 0.9801412488637158
2025-07-17 20:40:52,242 - Finished with epoch 10
2025-07-17 20:40:52,243 - Mean (expected) train reward: 0.772939145565033
2025-07-17 20:40:52,243 - Mean (expected) val reward: 0.7741096019744873
2025-07-17 20:40:52,349 - Mean (realized) train reward: 0.9799514519464173
2025-07-17 20:40:52,394 - Mean (realized) val reward: 0.9804908747640025
2025-07-17 20:40:53,222 - Finished with epoch 15
2025-07-17 20:40:53,223 - Mean (expected) train reward: 0.8137484788894653
2025-07-17 20:40:53,223 - Mean (expected) val reward: 0.8147158622741699
2025-07-17 20:40:53,329 - Mean (realized) train reward: 0.9801312595522791
2025-07-17 20:40:53,375 - Mean (realized) val reward: 0.9813999021047479
2025-07-17 20:40:54,199 - Finished with epoch 20
2025-07-17 20:40:54,200 - Mean (expected) train reward: 0.8353578448295593
2025-07-17 20:40:54,200 - Mean (expected) val reward: 0.8357749581336975
2025-07-17 20:40:54,306 - Mean (realized) train reward: 0.9799814198807276
2025-07-17 20:40:54,352 - Mean (realized) val reward: 0.9799314733235438
2025-07-17 20:40:55,194 - Finished with epoch 25
2025-07-17 20:40:55,195 - Mean (expected) train reward: 0.8493098020553589
2025-07-17 20:40:55,195 - Mean (expected) val reward: 0.8496777415275574
2025-07-17 20:40:55,312 - Mean (realized) train reward: 0.9805208426983129
2025-07-17 20:40:55,367 - Mean (realized) val reward: 0.9811202013845186
2025-07-17 20:40:56,212 - Finished with epoch 30
2025-07-17 20:40:56,213 - Mean (expected) train reward: 0.8550369739532471
2025-07-17 20:40:56,214 - Mean (expected) val reward: 0.8550786375999451
2025-07-17 20:40:56,320 - Mean (realized) train reward: 0.9797416764062453
2025-07-17 20:40:56,366 - Mean (realized) val reward: 0.9802111740437731
2025-07-17 20:40:57,197 - Finished with epoch 35
2025-07-17 20:40:57,198 - Mean (expected) train reward: 0.8613358736038208
2025-07-17 20:40:57,199 - Mean (expected) val reward: 0.8615751266479492
2025-07-17 20:40:57,306 - Mean (realized) train reward: 0.9810302975815877
2025-07-17 20:40:57,352 - Mean (realized) val reward: 0.9826585553457801
2025-07-17 20:40:58,192 - Finished with epoch 40
2025-07-17 20:40:58,194 - Mean (expected) train reward: 0.8640828132629395
2025-07-17 20:40:58,194 - Mean (expected) val reward: 0.8642821907997131
2025-07-17 20:40:58,301 - Mean (realized) train reward: 0.9813899127933111
2025-07-17 20:40:58,348 - Mean (realized) val reward: 0.9834277323264108
2025-07-17 20:40:59,279 - Finished with epoch 45
2025-07-17 20:40:59,281 - Mean (expected) train reward: 0.8643866777420044
2025-07-17 20:40:59,281 - Mean (expected) val reward: 0.8644149303436279
2025-07-17 20:40:59,386 - Mean (realized) train reward: 0.9811501693188288
2025-07-17 20:40:59,431 - Mean (realized) val reward: 0.982868330885952
2025-07-17 20:41:00,264 - Finished with epoch 50
2025-07-17 20:41:00,265 - Mean (expected) train reward: 0.8674898743629456
2025-07-17 20:41:00,265 - Mean (expected) val reward: 0.8677253723144531
2025-07-17 20:41:00,373 - Mean (realized) train reward: 0.982109143216758
2025-07-17 20:41:00,419 - Mean (realized) val reward: 0.9848262359275575
2025-07-17 20:41:00,422 - Starting trial 6
2025-07-17 20:41:00,436 - Train TB proportion: 0.016991818753933293
2025-07-17 20:41:00,436 - Val TB proportion: 0.016991818753933293
2025-07-17 20:41:00,453 - Train cohort size: 33369
2025-07-17 20:41:00,453 - Validation cohort size: 14301
2025-07-17 20:41:00,467 - Running experiment for setting={'nothing': 0}
2025-07-17 20:41:02,763 - {'num_epochs': 50, 'optimizer': 'adam', 'lr': 0.0001, 'reg_type': 'l2', 'lambda_reg': 0}
2025-07-17 20:41:03,541 - Finished with epoch 5
2025-07-17 20:41:03,542 - Mean (expected) train reward: 0.7202169299125671
2025-07-17 20:41:03,542 - Mean (expected) val reward: 0.7203176021575928
2025-07-17 20:41:03,646 - Mean (realized) train reward: 0.9726392759747071
2025-07-17 20:41:03,691 - Mean (realized) val reward: 0.9714705265366058
2025-07-17 20:41:04,557 - Finished with epoch 10
2025-07-17 20:41:04,559 - Mean (expected) train reward: 0.7760650515556335
2025-07-17 20:41:04,559 - Mean (expected) val reward: 0.7755973935127258
2025-07-17 20:41:04,667 - Mean (realized) train reward: 0.9750067427852198
2025-07-17 20:41:04,713 - Mean (realized) val reward: 0.974826935179358
2025-07-17 20:41:05,579 - Finished with epoch 15
2025-07-17 20:41:05,580 - Mean (expected) train reward: 0.8109484314918518
2025-07-17 20:41:05,580 - Mean (expected) val reward: 0.8097791075706482
2025-07-17 20:41:05,685 - Mean (realized) train reward: 0.9764751715664239
2025-07-17 20:41:05,730 - Mean (realized) val reward: 0.9747570099993007
2025-07-17 20:41:06,559 - Finished with epoch 20
2025-07-17 20:41:06,560 - Mean (expected) train reward: 0.8338271975517273
2025-07-17 20:41:06,561 - Mean (expected) val reward: 0.8324980139732361
2025-07-17 20:41:06,665 - Mean (realized) train reward: 0.9789325421798676
2025-07-17 20:41:06,710 - Mean (realized) val reward: 0.9766449898608489
2025-07-17 20:41:07,543 - Finished with epoch 25
2025-07-17 20:41:07,544 - Mean (expected) train reward: 0.8472204208374023
2025-07-17 20:41:07,544 - Mean (expected) val reward: 0.8458067774772644
2025-07-17 20:41:07,650 - Mean (realized) train reward: 0.979501932931763
2025-07-17 20:41:07,696 - Mean (realized) val reward: 0.9770645409411929
2025-07-17 20:41:08,535 - Finished with epoch 30
2025-07-17 20:41:08,536 - Mean (expected) train reward: 0.8541935086250305
2025-07-17 20:41:08,536 - Mean (expected) val reward: 0.8526645302772522
2025-07-17 20:41:08,643 - Mean (realized) train reward: 0.9803410350924511
2025-07-17 20:41:08,689 - Mean (realized) val reward: 0.977484092021537
2025-07-17 20:41:09,591 - Finished with epoch 35
2025-07-17 20:41:09,592 - Mean (expected) train reward: 0.8610458374023438
2025-07-17 20:41:09,592 - Mean (expected) val reward: 0.8597626686096191
2025-07-17 20:41:09,705 - Mean (realized) train reward: 0.9802810992238306
2025-07-17 20:41:09,756 - Mean (realized) val reward: 0.9797916229634291
2025-07-17 20:41:10,681 - Finished with epoch 40
2025-07-17 20:41:10,683 - Mean (expected) train reward: 0.8603352904319763
2025-07-17 20:41:10,683 - Mean (expected) val reward: 0.8586226105690002
2025-07-17 20:41:10,794 - Mean (realized) train reward: 0.9805807785669334
2025-07-17 20:41:10,844 - Mean (realized) val reward: 0.9774141668414796
2025-07-17 20:41:11,746 - Finished with epoch 45
2025-07-17 20:41:11,747 - Mean (expected) train reward: 0.8610610365867615
2025-07-17 20:41:11,748 - Mean (expected) val reward: 0.8592151403427124
2025-07-17 20:41:11,856 - Mean (realized) train reward: 0.9805508106326231
2025-07-17 20:41:11,903 - Mean (realized) val reward: 0.9768547654010209
2025-07-17 20:41:12,753 - Finished with epoch 50
2025-07-17 20:41:12,754 - Mean (expected) train reward: 0.8664371371269226
2025-07-17 20:41:12,754 - Mean (expected) val reward: 0.8650591969490051
2025-07-17 20:41:12,862 - Mean (realized) train reward: 0.9811501693188288
2025-07-17 20:41:12,908 - Mean (realized) val reward: 0.9810502762044613
2025-07-17 20:41:12,910 - Starting trial 7
2025-07-17 20:41:12,925 - Train TB proportion: 0.016991818753933293
2025-07-17 20:41:12,926 - Val TB proportion: 0.016991818753933293
2025-07-17 20:41:12,943 - Train cohort size: 33369
2025-07-17 20:41:12,943 - Validation cohort size: 14301
2025-07-17 20:41:12,957 - Running experiment for setting={'nothing': 0}
2025-07-17 20:41:15,242 - {'num_epochs': 50, 'optimizer': 'adam', 'lr': 0.0001, 'reg_type': 'l2', 'lambda_reg': 0}
2025-07-17 20:41:16,044 - Finished with epoch 5
2025-07-17 20:41:16,045 - Mean (expected) train reward: 0.6899763345718384
2025-07-17 20:41:16,045 - Mean (expected) val reward: 0.6912294030189514
2025-07-17 20:41:16,149 - Mean (realized) train reward: 0.9730288591207408
2025-07-17 20:41:16,194 - Mean (realized) val reward: 0.9744773092790714
2025-07-17 20:41:17,016 - Finished with epoch 10
2025-07-17 20:41:17,017 - Mean (expected) train reward: 0.7528565526008606
2025-07-17 20:41:17,018 - Mean (expected) val reward: 0.7537375688552856
2025-07-17 20:41:17,123 - Mean (realized) train reward: 0.974916838982289
2025-07-17 20:41:17,169 - Mean (realized) val reward: 0.9759457380602755
2025-07-17 20:41:18,026 - Finished with epoch 15
2025-07-17 20:41:18,027 - Mean (expected) train reward: 0.7951619625091553
2025-07-17 20:41:18,028 - Mean (expected) val reward: 0.7956072092056274
2025-07-17 20:41:18,138 - Mean (realized) train reward: 0.9747969672450478
2025-07-17 20:41:18,224 - Mean (realized) val reward: 0.974826935179358
2025-07-17 20:41:19,108 - Finished with epoch 20
2025-07-17 20:41:19,109 - Mean (expected) train reward: 0.8234290480613708
2025-07-17 20:41:19,109 - Mean (expected) val reward: 0.8236786127090454
2025-07-17 20:41:19,216 - Mean (realized) train reward: 0.9755761335371153
2025-07-17 20:41:19,261 - Mean (realized) val reward: 0.9755961121599888
2025-07-17 20:41:20,081 - Finished with epoch 25
2025-07-17 20:41:20,082 - Mean (expected) train reward: 0.8356976509094238
2025-07-17 20:41:20,082 - Mean (expected) val reward: 0.8357735872268677
2025-07-17 20:41:20,192 - Mean (realized) train reward: 0.9735982498726363
2025-07-17 20:41:20,239 - Mean (realized) val reward: 0.9725194042374659
2025-07-17 20:41:21,112 - Finished with epoch 30
2025-07-17 20:41:21,113 - Mean (expected) train reward: 0.8484787940979004
2025-07-17 20:41:21,113 - Mean (expected) val reward: 0.8486008644104004
2025-07-17 20:41:21,221 - Mean (realized) train reward: 0.9768647547124577
2025-07-17 20:41:21,268 - Mean (realized) val reward: 0.9767848402209636
2025-07-17 20:41:22,328 - Finished with epoch 35
2025-07-17 20:41:22,329 - Mean (expected) train reward: 0.8537843227386475
2025-07-17 20:41:22,329 - Mean (expected) val reward: 0.8538782000541687
2025-07-17 20:41:22,438 - Mean (realized) train reward: 0.9777637927417663
2025-07-17 20:41:22,485 - Mean (realized) val reward: 0.9774141668414796
2025-07-17 20:41:23,351 - Finished with epoch 40
2025-07-17 20:41:23,352 - Mean (expected) train reward: 0.8577517867088318
2025-07-17 20:41:23,352 - Mean (expected) val reward: 0.8578158617019653
2025-07-17 20:41:23,462 - Mean (realized) train reward: 0.9786927987053853
2025-07-17 20:41:23,510 - Mean (realized) val reward: 0.9783931193622823
2025-07-17 20:41:24,344 - Finished with epoch 45
2025-07-17 20:41:24,345 - Mean (expected) train reward: 0.85964435338974
2025-07-17 20:41:24,345 - Mean (expected) val reward: 0.8596630096435547
2025-07-17 20:41:24,454 - Mean (realized) train reward: 0.9790823818514189
2025-07-17 20:41:24,501 - Mean (realized) val reward: 0.9782532690021677
2025-07-17 20:41:25,415 - Finished with epoch 50
2025-07-17 20:41:25,416 - Mean (expected) train reward: 0.8608760833740234
2025-07-17 20:41:25,416 - Mean (expected) val reward: 0.8608437776565552
2025-07-17 20:41:25,524 - Mean (realized) train reward: 0.9798915160777968
2025-07-17 20:41:25,571 - Mean (realized) val reward: 0.9790923711628557
2025-07-17 20:41:25,573 - Starting trial 8
2025-07-17 20:41:25,592 - Train TB proportion: 0.016991818753933293
2025-07-17 20:41:25,592 - Val TB proportion: 0.016991818753933293
2025-07-17 20:41:25,611 - Train cohort size: 33369
2025-07-17 20:41:25,611 - Validation cohort size: 14301
2025-07-17 20:41:25,625 - Running experiment for setting={'nothing': 0}
2025-07-17 20:41:28,054 - {'num_epochs': 50, 'optimizer': 'adam', 'lr': 0.0001, 'reg_type': 'l2', 'lambda_reg': 0}
2025-07-17 20:41:28,875 - Finished with epoch 5
2025-07-17 20:41:28,877 - Mean (expected) train reward: 0.7154604196548462
2025-07-17 20:41:28,877 - Mean (expected) val reward: 0.7182609438896179
2025-07-17 20:41:28,983 - Mean (realized) train reward: 0.9720998531571219
2025-07-17 20:41:29,029 - Mean (realized) val reward: 0.9736382071183833
2025-07-17 20:41:29,898 - Finished with epoch 10
2025-07-17 20:41:29,899 - Mean (expected) train reward: 0.7699326276779175
2025-07-17 20:41:29,899 - Mean (expected) val reward: 0.771251380443573
2025-07-17 20:41:30,007 - Mean (realized) train reward: 0.9722796607629836
2025-07-17 20:41:30,052 - Mean (realized) val reward: 0.9730788056779246
2025-07-17 20:41:30,963 - Finished with epoch 15
2025-07-17 20:41:30,964 - Mean (expected) train reward: 0.8111246228218079
2025-07-17 20:41:30,964 - Mean (expected) val reward: 0.8114555478096008
2025-07-17 20:41:31,122 - Mean (realized) train reward: 0.9752165183253918
2025-07-17 20:41:31,172 - Mean (realized) val reward: 0.9761555136004475
2025-07-17 20:41:32,090 - Finished with epoch 20
2025-07-17 20:41:32,091 - Mean (expected) train reward: 0.8330973386764526
2025-07-17 20:41:32,091 - Mean (expected) val reward: 0.8322253823280334
2025-07-17 20:41:32,202 - Mean (realized) train reward: 0.9759956846174593
2025-07-17 20:41:32,250 - Mean (realized) val reward: 0.9742675337388994
2025-07-17 20:41:33,190 - Finished with epoch 25
2025-07-17 20:41:33,192 - Mean (expected) train reward: 0.8465147614479065
2025-07-17 20:41:33,192 - Mean (expected) val reward: 0.8448118567466736
2025-07-17 20:41:33,306 - Mean (realized) train reward: 0.9767149150409062
2025-07-17 20:41:33,354 - Mean (realized) val reward: 0.9744773092790714
2025-07-17 20:41:34,191 - Finished with epoch 30
2025-07-17 20:41:34,193 - Mean (expected) train reward: 0.8544833064079285
2025-07-17 20:41:34,193 - Mean (expected) val reward: 0.8522489666938782
2025-07-17 20:41:34,302 - Mean (realized) train reward: 0.9788126704426264
2025-07-17 20:41:34,349 - Mean (realized) val reward: 0.9744773092790714
2025-07-17 20:41:35,302 - Finished with epoch 35
2025-07-17 20:41:35,303 - Mean (expected) train reward: 0.8617067337036133
2025-07-17 20:41:35,304 - Mean (expected) val reward: 0.8596788048744202
2025-07-17 20:41:35,411 - Mean (realized) train reward: 0.9791722856543499
2025-07-17 20:41:35,457 - Mean (realized) val reward: 0.9768547654010209
2025-07-17 20:41:36,322 - Finished with epoch 40
2025-07-17 20:41:36,323 - Mean (expected) train reward: 0.8638811111450195
2025-07-17 20:41:36,323 - Mean (expected) val reward: 0.8614533543586731
2025-07-17 20:41:36,434 - Mean (realized) train reward: 0.9804609068296922
2025-07-17 20:41:36,481 - Mean (realized) val reward: 0.9765750646807916
2025-07-17 20:41:37,348 - Finished with epoch 45
2025-07-17 20:41:37,349 - Mean (expected) train reward: 0.8662993311882019
2025-07-17 20:41:37,349 - Mean (expected) val reward: 0.8638616800308228
2025-07-17 20:41:37,458 - Mean (realized) train reward: 0.9803110671581408
2025-07-17 20:41:37,505 - Mean (realized) val reward: 0.9765750646807916
2025-07-17 20:41:38,339 - Finished with epoch 50
2025-07-17 20:41:38,341 - Mean (expected) train reward: 0.8681174516677856
2025-07-17 20:41:38,341 - Mean (expected) val reward: 0.8657547235488892
2025-07-17 20:41:38,451 - Mean (realized) train reward: 0.9808205220414157
2025-07-17 20:41:38,498 - Mean (realized) val reward: 0.978113418642053
2025-07-17 20:41:38,500 - Starting trial 9
2025-07-17 20:41:38,521 - Train TB proportion: 0.016991818753933293
2025-07-17 20:41:38,521 - Val TB proportion: 0.016991818753933293
2025-07-17 20:41:38,539 - Train cohort size: 33369
2025-07-17 20:41:38,539 - Validation cohort size: 14301
2025-07-17 20:41:38,553 - Running experiment for setting={'nothing': 0}
2025-07-17 20:41:40,857 - {'num_epochs': 50, 'optimizer': 'adam', 'lr': 0.0001, 'reg_type': 'l2', 'lambda_reg': 0}
2025-07-17 20:41:41,642 - Finished with epoch 5
2025-07-17 20:41:41,643 - Mean (expected) train reward: 0.7223746180534363
2025-07-17 20:41:41,643 - Mean (expected) val reward: 0.7217644453048706
2025-07-17 20:41:41,754 - Mean (realized) train reward: 0.9756960052743564
2025-07-17 20:41:41,803 - Mean (realized) val reward: 0.9725194042374659
2025-07-17 20:41:42,710 - Finished with epoch 10
2025-07-17 20:41:42,711 - Mean (expected) train reward: 0.7730963826179504
2025-07-17 20:41:42,711 - Mean (expected) val reward: 0.7726280093193054
2025-07-17 20:41:42,825 - Mean (realized) train reward: 0.9746471275734964
2025-07-17 20:41:42,872 - Mean (realized) val reward: 0.9731487308579819
2025-07-17 20:41:43,833 - Finished with epoch 15
2025-07-17 20:41:43,835 - Mean (expected) train reward: 0.8126205801963806
2025-07-17 20:41:43,835 - Mean (expected) val reward: 0.812368631362915
2025-07-17 20:41:43,948 - Mean (realized) train reward: 0.9771644340555605
2025-07-17 20:41:43,997 - Mean (realized) val reward: 0.9755961121599888
2025-07-17 20:41:44,924 - Finished with epoch 20
2025-07-17 20:41:44,925 - Mean (expected) train reward: 0.8371949791908264
2025-07-17 20:41:44,925 - Mean (expected) val reward: 0.8371940851211548
2025-07-17 20:41:45,040 - Mean (realized) train reward: 0.979711708471935
2025-07-17 20:41:45,091 - Mean (realized) val reward: 0.9783931193622823
2025-07-17 20:41:46,023 - Finished with epoch 25
2025-07-17 20:41:46,025 - Mean (expected) train reward: 0.8466479778289795
2025-07-17 20:41:46,025 - Mean (expected) val reward: 0.8464412093162537
2025-07-17 20:41:46,141 - Mean (realized) train reward: 0.9774641133986635
2025-07-17 20:41:46,192 - Mean (realized) val reward: 0.9761555136004475
2025-07-17 20:41:47,118 - Finished with epoch 30
2025-07-17 20:41:47,119 - Mean (expected) train reward: 0.8562483191490173
2025-07-17 20:41:47,119 - Mean (expected) val reward: 0.85624760389328
2025-07-17 20:41:47,233 - Mean (realized) train reward: 0.9798016122748658
2025-07-17 20:41:47,284 - Mean (realized) val reward: 0.9781833438221104
2025-07-17 20:41:48,275 - Finished with epoch 35
2025-07-17 20:41:48,276 - Mean (expected) train reward: 0.8590567708015442
2025-07-17 20:41:48,277 - Mean (expected) val reward: 0.8588275909423828
2025-07-17 20:41:48,389 - Mean (realized) train reward: 0.9783331834936618
2025-07-17 20:41:48,436 - Mean (realized) val reward: 0.977484092021537
2025-07-17 20:41:49,289 - Finished with epoch 40
2025-07-17 20:41:49,291 - Mean (expected) train reward: 0.8625714778900146
2025-07-17 20:41:49,291 - Mean (expected) val reward: 0.8624149560928345
2025-07-17 20:41:49,400 - Mean (realized) train reward: 0.9795618688003835
2025-07-17 20:41:49,447 - Mean (realized) val reward: 0.9788126704426264
2025-07-17 20:41:50,306 - Finished with epoch 45
2025-07-17 20:41:50,307 - Mean (expected) train reward: 0.8631483912467957
2025-07-17 20:41:50,308 - Mean (expected) val reward: 0.8627982139587402
2025-07-17 20:41:50,417 - Mean (realized) train reward: 0.979501932931763
2025-07-17 20:41:50,464 - Mean (realized) val reward: 0.9783931193622823
2025-07-17 20:41:51,312 - Finished with epoch 50
2025-07-17 20:41:51,313 - Mean (expected) train reward: 0.8650568723678589
2025-07-17 20:41:51,313 - Mean (expected) val reward: 0.8647689819335938
2025-07-17 20:41:51,430 - Mean (realized) train reward: 0.9803710030267614
2025-07-17 20:41:51,483 - Mean (realized) val reward: 0.9784630445423397
2025-07-17 20:41:51,484 - Starting trial 10
2025-07-17 20:41:51,502 - Train TB proportion: 0.016991818753933293
2025-07-17 20:41:51,502 - Val TB proportion: 0.016991818753933293
2025-07-17 20:41:51,522 - Train cohort size: 33369
2025-07-17 20:41:51,522 - Validation cohort size: 14301
2025-07-17 20:41:51,538 - Running experiment for setting={'nothing': 0}
2025-07-17 20:41:54,149 - {'num_epochs': 50, 'optimizer': 'adam', 'lr': 0.0001, 'reg_type': 'l2', 'lambda_reg': 0}
2025-07-17 20:41:55,043 - Finished with epoch 5
2025-07-17 20:41:55,044 - Mean (expected) train reward: 0.7104523181915283
2025-07-17 20:41:55,044 - Mean (expected) val reward: 0.7127654552459717
2025-07-17 20:41:55,156 - Mean (realized) train reward: 0.9771644340555605
2025-07-17 20:41:55,204 - Mean (realized) val reward: 0.9783931193622823
2025-07-17 20:41:56,121 - Finished with epoch 10
2025-07-17 20:41:56,122 - Mean (expected) train reward: 0.7682449221611023
2025-07-17 20:41:56,122 - Mean (expected) val reward: 0.7702974677085876
2025-07-17 20:41:56,236 - Mean (realized) train reward: 0.978872606311247
2025-07-17 20:41:56,286 - Mean (realized) val reward: 0.9802111740437731
2025-07-17 20:41:57,203 - Finished with epoch 15
2025-07-17 20:41:57,205 - Mean (expected) train reward: 0.8071617484092712
2025-07-17 20:41:57,205 - Mean (expected) val reward: 0.8089986443519592
2025-07-17 20:41:57,380 - Mean (realized) train reward: 0.9793221253259012
2025-07-17 20:41:57,443 - Mean (realized) val reward: 0.9801412488637158
2025-07-17 20:41:58,367 - Finished with epoch 20
2025-07-17 20:41:58,368 - Mean (expected) train reward: 0.8342471122741699
2025-07-17 20:41:58,368 - Mean (expected) val reward: 0.8357219696044922
2025-07-17 20:41:58,483 - Mean (realized) train reward: 0.9809703617129671
2025-07-17 20:41:58,534 - Mean (realized) val reward: 0.9827984057058947
2025-07-17 20:41:59,490 - Finished with epoch 25
2025-07-17 20:41:59,492 - Mean (expected) train reward: 0.8423758149147034
2025-07-17 20:41:59,492 - Mean (expected) val reward: 0.8436647653579712
2025-07-17 20:41:59,609 - Mean (realized) train reward: 0.9795618688003835
2025-07-17 20:41:59,658 - Mean (realized) val reward: 0.9809803510244038
2025-07-17 20:42:00,608 - Finished with epoch 30
2025-07-17 20:42:00,609 - Mean (expected) train reward: 0.8534261584281921
2025-07-17 20:42:00,609 - Mean (expected) val reward: 0.8544403314590454
2025-07-17 20:42:00,758 - Mean (realized) train reward: 0.9813599448590009
2025-07-17 20:42:00,806 - Mean (realized) val reward: 0.9832179567862387
2025-07-17 20:42:01,762 - Finished with epoch 35
2025-07-17 20:42:01,763 - Mean (expected) train reward: 0.858153223991394
2025-07-17 20:42:01,763 - Mean (expected) val reward: 0.8589252829551697
2025-07-17 20:42:01,882 - Mean (realized) train reward: 0.9820492073481375
2025-07-17 20:42:01,931 - Mean (realized) val reward: 0.9837074330466401
2025-07-17 20:42:02,901 - Finished with epoch 40
2025-07-17 20:42:02,902 - Mean (expected) train reward: 0.8609496355056763
2025-07-17 20:42:02,902 - Mean (expected) val reward: 0.861524760723114
2025-07-17 20:42:03,018 - Mean (realized) train reward: 0.9819593035452067
2025-07-17 20:42:03,068 - Mean (realized) val reward: 0.982448779805608
2025-07-17 20:42:04,010 - Finished with epoch 45
2025-07-17 20:42:04,011 - Mean (expected) train reward: 0.8639767169952393
2025-07-17 20:42:04,011 - Mean (expected) val reward: 0.8644185662269592
2025-07-17 20:42:04,132 - Mean (realized) train reward: 0.982408822559861
2025-07-17 20:42:04,181 - Mean (realized) val reward: 0.9823788546255506
2025-07-17 20:42:05,073 - Finished with epoch 50
2025-07-17 20:42:05,074 - Mean (expected) train reward: 0.866058886051178
2025-07-17 20:42:05,074 - Mean (expected) val reward: 0.8664044141769409
2025-07-17 20:42:05,185 - Mean (realized) train reward: 0.9826485660343433
2025-07-17 20:42:05,232 - Mean (realized) val reward: 0.9826585553457801
2025-07-17 20:42:05,235 - Starting trial 11
2025-07-17 20:42:05,253 - Train TB proportion: 0.016991818753933293
2025-07-17 20:42:05,253 - Val TB proportion: 0.016991818753933293
2025-07-17 20:42:05,272 - Train cohort size: 33369
2025-07-17 20:42:05,272 - Validation cohort size: 14301
2025-07-17 20:42:05,285 - Running experiment for setting={'nothing': 0}
2025-07-17 20:42:07,636 - {'num_epochs': 50, 'optimizer': 'adam', 'lr': 0.0001, 'reg_type': 'l2', 'lambda_reg': 0}
2025-07-17 20:42:08,431 - Finished with epoch 5
2025-07-17 20:42:08,432 - Mean (expected) train reward: 0.6682733297348022
2025-07-17 20:42:08,432 - Mean (expected) val reward: 0.6695295572280884
2025-07-17 20:42:08,537 - Mean (realized) train reward: 0.9727891156462585
2025-07-17 20:42:08,583 - Mean (realized) val reward: 0.9732186560380393
2025-07-17 20:42:09,404 - Finished with epoch 10
2025-07-17 20:42:09,406 - Mean (expected) train reward: 0.7380475401878357
2025-07-17 20:42:09,406 - Mean (expected) val reward: 0.7391951680183411
2025-07-17 20:42:09,514 - Mean (realized) train reward: 0.9758158770115976
2025-07-17 20:42:09,561 - Mean (realized) val reward: 0.9764352143206769
2025-07-17 20:42:10,412 - Finished with epoch 15
2025-07-17 20:42:10,413 - Mean (expected) train reward: 0.7891033291816711
2025-07-17 20:42:10,413 - Mean (expected) val reward: 0.7902266979217529
2025-07-17 20:42:10,522 - Mean (realized) train reward: 0.9775839851359046
2025-07-17 20:42:10,572 - Mean (realized) val reward: 0.978323194182225
2025-07-17 20:42:11,533 - Finished with epoch 20
2025-07-17 20:42:11,535 - Mean (expected) train reward: 0.8210187554359436
2025-07-17 20:42:11,535 - Mean (expected) val reward: 0.8220652341842651
2025-07-17 20:42:11,653 - Mean (realized) train reward: 0.9766250112379754
2025-07-17 20:42:11,702 - Mean (realized) val reward: 0.9790923711628557
2025-07-17 20:42:12,707 - Finished with epoch 25
2025-07-17 20:42:12,708 - Mean (expected) train reward: 0.8409892320632935
2025-07-17 20:42:12,708 - Mean (expected) val reward: 0.8419185876846313
2025-07-17 20:42:12,825 - Mean (realized) train reward: 0.9778536965446972
2025-07-17 20:42:12,875 - Mean (realized) val reward: 0.9783931193622823
2025-07-17 20:42:13,750 - Finished with epoch 30
2025-07-17 20:42:13,751 - Mean (expected) train reward: 0.8508402109146118
2025-07-17 20:42:13,751 - Mean (expected) val reward: 0.8515592217445374
2025-07-17 20:42:13,861 - Mean (realized) train reward: 0.9783931193622823
2025-07-17 20:42:13,908 - Mean (realized) val reward: 0.9782532690021677
2025-07-17 20:42:14,764 - Finished with epoch 35
2025-07-17 20:42:14,766 - Mean (expected) train reward: 0.8567207455635071
2025-07-17 20:42:14,766 - Mean (expected) val reward: 0.8572549819946289
2025-07-17 20:42:14,877 - Mean (realized) train reward: 0.9783931193622823
2025-07-17 20:42:14,925 - Mean (realized) val reward: 0.9782532690021677
2025-07-17 20:42:15,839 - Finished with epoch 40
2025-07-17 20:42:15,840 - Mean (expected) train reward: 0.8620299696922302
2025-07-17 20:42:15,840 - Mean (expected) val reward: 0.8625617027282715
2025-07-17 20:42:15,952 - Mean (realized) train reward: 0.9797416764062453
2025-07-17 20:42:16,001 - Mean (realized) val reward: 0.9797216977833718
2025-07-17 20:42:16,892 - Finished with epoch 45
2025-07-17 20:42:16,893 - Mean (expected) train reward: 0.8603004813194275
2025-07-17 20:42:16,893 - Mean (expected) val reward: 0.8603653311729431
2025-07-17 20:42:17,007 - Mean (realized) train reward: 0.9790224459827984
2025-07-17 20:42:17,057 - Mean (realized) val reward: 0.9792322215229704
2025-07-17 20:42:17,937 - Finished with epoch 50
2025-07-17 20:42:17,938 - Mean (expected) train reward: 0.8649875521659851
2025-07-17 20:42:17,938 - Mean (expected) val reward: 0.8652262091636658
2025-07-17 20:42:18,052 - Mean (realized) train reward: 0.9815697203991729
2025-07-17 20:42:18,102 - Mean (realized) val reward: 0.9808405006642892
2025-07-17 20:42:18,103 - Starting trial 12
2025-07-17 20:42:18,119 - Train TB proportion: 0.016991818753933293
2025-07-17 20:42:18,119 - Val TB proportion: 0.016991818753933293
2025-07-17 20:42:18,136 - Train cohort size: 33369
2025-07-17 20:42:18,137 - Validation cohort size: 14301
2025-07-17 20:42:18,151 - Running experiment for setting={'nothing': 0}
2025-07-17 20:42:20,401 - {'num_epochs': 50, 'optimizer': 'adam', 'lr': 0.0001, 'reg_type': 'l2', 'lambda_reg': 0}
2025-07-17 20:42:21,214 - Finished with epoch 5
2025-07-17 20:42:21,215 - Mean (expected) train reward: 0.7122955918312073
2025-07-17 20:42:21,215 - Mean (expected) val reward: 0.7137364149093628
2025-07-17 20:42:21,324 - Mean (realized) train reward: 0.979921484012107
2025-07-17 20:42:21,371 - Mean (realized) val reward: 0.9813999021047479
2025-07-17 20:42:22,223 - Finished with epoch 10
2025-07-17 20:42:22,224 - Mean (expected) train reward: 0.7623725533485413
2025-07-17 20:42:22,224 - Mean (expected) val reward: 0.7650735974311829
2025-07-17 20:42:22,334 - Mean (realized) train reward: 0.9763552998291828
2025-07-17 20:42:22,381 - Mean (realized) val reward: 0.9809104258443465
2025-07-17 20:42:23,241 - Finished with epoch 15
2025-07-17 20:42:23,242 - Mean (expected) train reward: 0.8025955557823181
2025-07-17 20:42:23,242 - Mean (expected) val reward: 0.8049425482749939
2025-07-17 20:42:23,352 - Mean (realized) train reward: 0.9767149150409062
2025-07-17 20:42:23,399 - Mean (realized) val reward: 0.9802810992238306
2025-07-17 20:42:24,256 - Finished with epoch 20
2025-07-17 20:42:24,258 - Mean (expected) train reward: 0.8311866521835327
2025-07-17 20:42:24,258 - Mean (expected) val reward: 0.832748532295227
2025-07-17 20:42:24,369 - Mean (realized) train reward: 0.9796517726033145
2025-07-17 20:42:24,417 - Mean (realized) val reward: 0.981819453185092
2025-07-17 20:42:25,279 - Finished with epoch 25
2025-07-17 20:42:25,280 - Mean (expected) train reward: 0.8405891060829163
2025-07-17 20:42:25,280 - Mean (expected) val reward: 0.8420177698135376
2025-07-17 20:42:25,392 - Mean (realized) train reward: 0.9774641133986635
2025-07-17 20:42:25,441 - Mean (realized) val reward: 0.9783931193622823
2025-07-17 20:42:26,359 - Finished with epoch 30
2025-07-17 20:42:26,360 - Mean (expected) train reward: 0.8534426093101501
2025-07-17 20:42:26,361 - Mean (expected) val reward: 0.8541873097419739
2025-07-17 20:42:26,474 - Mean (realized) train reward: 0.9810902334502083
2025-07-17 20:42:26,522 - Mean (realized) val reward: 0.9804209495839452
2025-07-17 20:42:27,393 - Finished with epoch 35
2025-07-17 20:42:27,394 - Mean (expected) train reward: 0.8550174832344055
2025-07-17 20:42:27,394 - Mean (expected) val reward: 0.8557116389274597
2025-07-17 20:42:27,506 - Mean (realized) train reward: 0.9775540172015943
2025-07-17 20:42:27,555 - Mean (realized) val reward: 0.9786728200825117
2025-07-17 20:42:28,433 - Finished with epoch 40
2025-07-17 20:42:28,434 - Mean (expected) train reward: 0.8619052767753601
2025-07-17 20:42:28,434 - Mean (expected) val reward: 0.8621798753738403
2025-07-17 20:42:28,547 - Mean (realized) train reward: 0.9810302975815877
2025-07-17 20:42:28,596 - Mean (realized) val reward: 0.9810502762044613
2025-07-17 20:42:29,475 - Finished with epoch 45
2025-07-17 20:42:29,476 - Mean (expected) train reward: 0.862243115901947
2025-07-17 20:42:29,476 - Mean (expected) val reward: 0.8624619245529175
2025-07-17 20:42:29,592 - Mean (realized) train reward: 0.979921484012107
2025-07-17 20:42:29,641 - Mean (realized) val reward: 0.9802111740437731
2025-07-17 20:42:30,515 - Finished with epoch 50
2025-07-17 20:42:30,516 - Mean (expected) train reward: 0.8621355891227722
2025-07-17 20:42:30,516 - Mean (expected) val reward: 0.8623019456863403
2025-07-17 20:42:30,631 - Mean (realized) train reward: 0.9792322215229704
2025-07-17 20:42:30,680 - Mean (realized) val reward: 0.9803510244038879
2025-07-17 20:42:30,682 - Starting trial 13
2025-07-17 20:42:30,698 - Train TB proportion: 0.016991818753933293
2025-07-17 20:42:30,698 - Val TB proportion: 0.016991818753933293
2025-07-17 20:42:30,716 - Train cohort size: 33369
2025-07-17 20:42:30,716 - Validation cohort size: 14301
2025-07-17 20:42:30,730 - Running experiment for setting={'nothing': 0}
2025-07-17 20:42:32,960 - {'num_epochs': 50, 'optimizer': 'adam', 'lr': 0.0001, 'reg_type': 'l2', 'lambda_reg': 0}
2025-07-17 20:42:33,759 - Finished with epoch 5
2025-07-17 20:42:33,760 - Mean (expected) train reward: 0.6278893351554871
2025-07-17 20:42:33,760 - Mean (expected) val reward: 0.6275060176849365
2025-07-17 20:42:33,868 - Mean (realized) train reward: 0.9743774161647037
2025-07-17 20:42:33,915 - Mean (realized) val reward: 0.9760156632403328
2025-07-17 20:42:34,764 - Finished with epoch 10
2025-07-17 20:42:34,765 - Mean (expected) train reward: 0.703384280204773
2025-07-17 20:42:34,765 - Mean (expected) val reward: 0.7028828859329224
2025-07-17 20:42:34,874 - Mean (realized) train reward: 0.9789924780484881
2025-07-17 20:42:34,921 - Mean (realized) val reward: 0.978113418642053
2025-07-17 20:42:35,768 - Finished with epoch 15
2025-07-17 20:42:35,769 - Mean (expected) train reward: 0.7639009356498718
2025-07-17 20:42:35,769 - Mean (expected) val reward: 0.7632462978363037
2025-07-17 20:42:35,880 - Mean (realized) train reward: 0.9803710030267614
2025-07-17 20:42:35,927 - Mean (realized) val reward: 0.9799314733235438
2025-07-17 20:42:36,787 - Finished with epoch 20
2025-07-17 20:42:36,789 - Mean (expected) train reward: 0.8074361681938171
2025-07-17 20:42:36,789 - Mean (expected) val reward: 0.8066593408584595
2025-07-17 20:42:36,898 - Mean (realized) train reward: 0.9814198807276214
2025-07-17 20:42:36,946 - Mean (realized) val reward: 0.9808405006642892
2025-07-17 20:42:37,819 - Finished with epoch 25
2025-07-17 20:42:37,820 - Mean (expected) train reward: 0.832727313041687
2025-07-17 20:42:37,820 - Mean (expected) val reward: 0.8318417072296143
2025-07-17 20:42:37,931 - Mean (realized) train reward: 0.9817794959393449
2025-07-17 20:42:37,979 - Mean (realized) val reward: 0.9807705754842319
2025-07-17 20:42:38,841 - Finished with epoch 30
2025-07-17 20:42:38,842 - Mean (expected) train reward: 0.8467879891395569
2025-07-17 20:42:38,842 - Mean (expected) val reward: 0.8458298444747925
2025-07-17 20:42:38,954 - Mean (realized) train reward: 0.981899367676586
2025-07-17 20:42:39,002 - Mean (realized) val reward: 0.9807006503041745
2025-07-17 20:42:39,860 - Finished with epoch 35
2025-07-17 20:42:39,861 - Mean (expected) train reward: 0.8536596894264221
2025-07-17 20:42:39,861 - Mean (expected) val reward: 0.852629542350769
2025-07-17 20:42:39,975 - Mean (realized) train reward: 0.980850489975726
2025-07-17 20:42:40,024 - Mean (realized) val reward: 0.9800713236836585
2025-07-17 20:42:41,010 - Finished with epoch 40
2025-07-17 20:42:41,011 - Mean (expected) train reward: 0.8582711219787598
2025-07-17 20:42:41,011 - Mean (expected) val reward: 0.8572372198104858
2025-07-17 20:42:41,125 - Mean (realized) train reward: 0.9809104258443465
2025-07-17 20:42:41,174 - Mean (realized) val reward: 0.9797916229634291
2025-07-17 20:42:42,051 - Finished with epoch 45
2025-07-17 20:42:42,052 - Mean (expected) train reward: 0.8613055348396301
2025-07-17 20:42:42,052 - Mean (expected) val reward: 0.8602920770645142
2025-07-17 20:42:42,167 - Mean (realized) train reward: 0.9812101051874494
2025-07-17 20:42:42,216 - Mean (realized) val reward: 0.9799314733235438
2025-07-17 20:42:43,093 - Finished with epoch 50
2025-07-17 20:42:43,095 - Mean (expected) train reward: 0.8627070784568787
2025-07-17 20:42:43,095 - Mean (expected) val reward: 0.8617060780525208
2025-07-17 20:42:43,210 - Mean (realized) train reward: 0.9811801372531391
2025-07-17 20:42:43,259 - Mean (realized) val reward: 0.9799314733235438
2025-07-17 20:42:43,262 - Starting trial 14
2025-07-17 20:42:43,281 - Train TB proportion: 0.016991818753933293
2025-07-17 20:42:43,281 - Val TB proportion: 0.016991818753933293
2025-07-17 20:42:43,300 - Train cohort size: 33369
2025-07-17 20:42:43,300 - Validation cohort size: 14301
2025-07-17 20:42:43,314 - Running experiment for setting={'nothing': 0}
2025-07-17 20:42:45,676 - {'num_epochs': 50, 'optimizer': 'adam', 'lr': 0.0001, 'reg_type': 'l2', 'lambda_reg': 0}
2025-07-17 20:42:46,482 - Finished with epoch 5
2025-07-17 20:42:46,483 - Mean (expected) train reward: 0.7346786260604858
2025-07-17 20:42:46,483 - Mean (expected) val reward: 0.7365813851356506
2025-07-17 20:42:46,590 - Mean (realized) train reward: 0.9734484102010849
2025-07-17 20:42:46,637 - Mean (realized) val reward: 0.9760156632403328
2025-07-17 20:42:47,471 - Finished with epoch 10
2025-07-17 20:42:47,472 - Mean (expected) train reward: 0.7870713472366333
2025-07-17 20:42:47,472 - Mean (expected) val reward: 0.7885496020317078
2025-07-17 20:42:47,581 - Mean (realized) train reward: 0.9762953639605622
2025-07-17 20:42:47,628 - Mean (realized) val reward: 0.977693867561709
2025-07-17 20:42:48,475 - Finished with epoch 15
2025-07-17 20:42:48,476 - Mean (expected) train reward: 0.8205714821815491
2025-07-17 20:42:48,476 - Mean (expected) val reward: 0.8215402364730835
2025-07-17 20:42:48,586 - Mean (realized) train reward: 0.9783931193622823
2025-07-17 20:42:48,633 - Mean (realized) val reward: 0.9795818474232572
2025-07-17 20:42:49,478 - Finished with epoch 20
2025-07-17 20:42:49,479 - Mean (expected) train reward: 0.8401432037353516
2025-07-17 20:42:49,479 - Mean (expected) val reward: 0.8407105803489685
2025-07-17 20:42:49,590 - Mean (realized) train reward: 0.9793520932602116
2025-07-17 20:42:49,637 - Mean (realized) val reward: 0.9796517726033145
2025-07-17 20:42:50,499 - Finished with epoch 25
2025-07-17 20:42:50,500 - Mean (expected) train reward: 0.8525452613830566
2025-07-17 20:42:50,500 - Mean (expected) val reward: 0.8526467084884644
2025-07-17 20:42:50,610 - Mean (realized) train reward: 0.980640714435554
2025-07-17 20:42:50,658 - Mean (realized) val reward: 0.9805607999440599
2025-07-17 20:42:51,524 - Finished with epoch 30
2025-07-17 20:42:51,525 - Mean (expected) train reward: 0.8578372597694397
2025-07-17 20:42:51,525 - Mean (expected) val reward: 0.8577497601509094
2025-07-17 20:42:51,636 - Mean (realized) train reward: 0.9810302975815877
2025-07-17 20:42:51,684 - Mean (realized) val reward: 0.9809803510244038
2025-07-17 20:42:52,544 - Finished with epoch 35
2025-07-17 20:42:52,545 - Mean (expected) train reward: 0.8624980449676514
2025-07-17 20:42:52,545 - Mean (expected) val reward: 0.8621821403503418
2025-07-17 20:42:52,657 - Mean (realized) train reward: 0.9820791752824478
2025-07-17 20:42:52,705 - Mean (realized) val reward: 0.9813999021047479
2025-07-17 20:42:53,575 - Finished with epoch 40
2025-07-17 20:42:53,576 - Mean (expected) train reward: 0.861250638961792
2025-07-17 20:42:53,577 - Mean (expected) val reward: 0.8609737157821655
2025-07-17 20:42:53,689 - Mean (realized) train reward: 0.9813899127933111
2025-07-17 20:42:53,737 - Mean (realized) val reward: 0.9805607999440599
2025-07-17 20:42:54,609 - Finished with epoch 45
2025-07-17 20:42:54,610 - Mean (expected) train reward: 0.8664917945861816
2025-07-17 20:42:54,610 - Mean (expected) val reward: 0.8659899234771729
2025-07-17 20:42:54,723 - Mean (realized) train reward: 0.9827085019029639
2025-07-17 20:42:54,771 - Mean (realized) val reward: 0.9823788546255506
2025-07-17 20:42:55,648 - Finished with epoch 50
2025-07-17 20:42:55,649 - Mean (expected) train reward: 0.865369439125061
2025-07-17 20:42:55,650 - Mean (expected) val reward: 0.8648687601089478
2025-07-17 20:42:55,764 - Mean (realized) train reward: 0.9820192394138272
2025-07-17 20:42:55,813 - Mean (realized) val reward: 0.9815397524648626
2025-07-17 20:42:55,815 - Starting trial 15
2025-07-17 20:42:55,830 - Train TB proportion: 0.016991818753933293
2025-07-17 20:42:55,830 - Val TB proportion: 0.016991818753933293
2025-07-17 20:42:55,848 - Train cohort size: 33369
2025-07-17 20:42:55,848 - Validation cohort size: 14301
2025-07-17 20:42:55,862 - Running experiment for setting={'nothing': 0}
2025-07-17 20:42:58,141 - {'num_epochs': 50, 'optimizer': 'adam', 'lr': 0.0001, 'reg_type': 'l2', 'lambda_reg': 0}
2025-07-17 20:42:58,939 - Finished with epoch 5
2025-07-17 20:42:58,940 - Mean (expected) train reward: 0.6802027821540833
2025-07-17 20:42:58,940 - Mean (expected) val reward: 0.6828111410140991
2025-07-17 20:42:59,050 - Mean (realized) train reward: 0.9780335041505589
2025-07-17 20:42:59,098 - Mean (realized) val reward: 0.9786728200825117
2025-07-17 20:42:59,946 - Finished with epoch 10
2025-07-17 20:42:59,947 - Mean (expected) train reward: 0.7459154725074768
2025-07-17 20:42:59,947 - Mean (expected) val reward: 0.7472875118255615
2025-07-17 20:43:00,055 - Mean (realized) train reward: 0.978662830771075
2025-07-17 20:43:00,102 - Mean (realized) val reward: 0.9798615481434865
2025-07-17 20:43:00,943 - Finished with epoch 15
2025-07-17 20:43:00,944 - Mean (expected) train reward: 0.7920112013816833
2025-07-17 20:43:00,944 - Mean (expected) val reward: 0.7923310399055481
2025-07-17 20:43:01,052 - Mean (realized) train reward: 0.9781833438221104
2025-07-17 20:43:01,099 - Mean (realized) val reward: 0.9783931193622823
2025-07-17 20:43:01,942 - Finished with epoch 20
2025-07-17 20:43:01,943 - Mean (expected) train reward: 0.8267759680747986
2025-07-17 20:43:01,943 - Mean (expected) val reward: 0.8269310593605042
2025-07-17 20:43:02,052 - Mean (realized) train reward: 0.9816596242021037
2025-07-17 20:43:02,100 - Mean (realized) val reward: 0.9807006503041745
2025-07-17 20:43:02,957 - Finished with epoch 25
2025-07-17 20:43:02,958 - Mean (expected) train reward: 0.8405787944793701
2025-07-17 20:43:02,958 - Mean (expected) val reward: 0.8400384783744812
2025-07-17 20:43:03,068 - Mean (realized) train reward: 0.9799514519464173
2025-07-17 20:43:03,118 - Mean (realized) val reward: 0.9781833438221104
2025-07-17 20:43:03,993 - Finished with epoch 30
2025-07-17 20:43:03,994 - Mean (expected) train reward: 0.8504160046577454
2025-07-17 20:43:03,994 - Mean (expected) val reward: 0.8496325016021729
2025-07-17 20:43:04,105 - Mean (realized) train reward: 0.9798915160777968
2025-07-17 20:43:04,153 - Mean (realized) val reward: 0.9783931193622823
2025-07-17 20:43:05,007 - Finished with epoch 35
2025-07-17 20:43:05,009 - Mean (expected) train reward: 0.8567670583724976
2025-07-17 20:43:05,009 - Mean (expected) val reward: 0.8558962345123291
2025-07-17 20:43:05,119 - Mean (realized) train reward: 0.9803710030267614
2025-07-17 20:43:05,167 - Mean (realized) val reward: 0.9788825956226838
2025-07-17 20:43:06,028 - Finished with epoch 40
2025-07-17 20:43:06,029 - Mean (expected) train reward: 0.8599764704704285
2025-07-17 20:43:06,029 - Mean (expected) val reward: 0.8589356541633606
2025-07-17 20:43:06,142 - Mean (realized) train reward: 0.9803710030267614
2025-07-17 20:43:06,190 - Mean (realized) val reward: 0.9788126704426264
2025-07-17 20:43:07,058 - Finished with epoch 45
2025-07-17 20:43:07,059 - Mean (expected) train reward: 0.8605889081954956
2025-07-17 20:43:07,059 - Mean (expected) val reward: 0.8592714667320251
2025-07-17 20:43:07,172 - Mean (realized) train reward: 0.9789025742455573
2025-07-17 20:43:07,220 - Mean (realized) val reward: 0.977274316481365
2025-07-17 20:43:08,088 - Finished with epoch 50
2025-07-17 20:43:08,089 - Mean (expected) train reward: 0.8648020029067993
2025-07-17 20:43:08,090 - Mean (expected) val reward: 0.8637731075286865
2025-07-17 20:43:08,203 - Mean (realized) train reward: 0.9810003296472775
2025-07-17 20:43:08,251 - Mean (realized) val reward: 0.9793021467030277
2025-07-17 20:43:08,253 - Starting trial 16
2025-07-17 20:43:08,268 - Train TB proportion: 0.016991818753933293
2025-07-17 20:43:08,268 - Val TB proportion: 0.016991818753933293
2025-07-17 20:43:08,286 - Train cohort size: 33369
2025-07-17 20:43:08,286 - Validation cohort size: 14301
2025-07-17 20:43:08,300 - Running experiment for setting={'nothing': 0}
2025-07-17 20:43:10,537 - {'num_epochs': 50, 'optimizer': 'adam', 'lr': 0.0001, 'reg_type': 'l2', 'lambda_reg': 0}
2025-07-17 20:43:11,329 - Finished with epoch 5
2025-07-17 20:43:11,330 - Mean (expected) train reward: 0.6994877457618713
2025-07-17 20:43:11,330 - Mean (expected) val reward: 0.6987339854240417
2025-07-17 20:43:11,438 - Mean (realized) train reward: 0.973778057478498
2025-07-17 20:43:11,485 - Mean (realized) val reward: 0.973358506398154
2025-07-17 20:43:12,383 - Finished with epoch 10
2025-07-17 20:43:12,384 - Mean (expected) train reward: 0.7574492692947388
2025-07-17 20:43:12,384 - Mean (expected) val reward: 0.7564548850059509
2025-07-17 20:43:12,528 - Mean (realized) train reward: 0.9763852677634931
2025-07-17 20:43:12,576 - Mean (realized) val reward: 0.9753164114397594
2025-07-17 20:43:13,413 - Finished with epoch 15
2025-07-17 20:43:13,414 - Mean (expected) train reward: 0.799339771270752
2025-07-17 20:43:13,414 - Mean (expected) val reward: 0.7982067465782166
2025-07-17 20:43:13,523 - Mean (realized) train reward: 0.9771944019898708
2025-07-17 20:43:13,571 - Mean (realized) val reward: 0.9748968603594155
2025-07-17 20:43:14,419 - Finished with epoch 20
2025-07-17 20:43:14,420 - Mean (expected) train reward: 0.8279117345809937
2025-07-17 20:43:14,421 - Mean (expected) val reward: 0.8269113302230835
2025-07-17 20:43:14,529 - Mean (realized) train reward: 0.9783331834936618
2025-07-17 20:43:14,577 - Mean (realized) val reward: 0.9767149150409062
2025-07-17 20:43:15,560 - Finished with epoch 25
2025-07-17 20:43:15,561 - Mean (expected) train reward: 0.8418156504631042
2025-07-17 20:43:15,561 - Mean (expected) val reward: 0.8407366871833801
2025-07-17 20:43:15,672 - Mean (realized) train reward: 0.9791423177200396
2025-07-17 20:43:15,718 - Mean (realized) val reward: 0.9761555136004475
2025-07-17 20:43:16,580 - Finished with epoch 30
2025-07-17 20:43:16,581 - Mean (expected) train reward: 0.8539233207702637
2025-07-17 20:43:16,582 - Mean (expected) val reward: 0.853165328502655
2025-07-17 20:43:16,693 - Mean (realized) train reward: 0.9804009709610717
2025-07-17 20:43:16,741 - Mean (realized) val reward: 0.9795119222431998
2025-07-17 20:43:17,599 - Finished with epoch 35
2025-07-17 20:43:17,600 - Mean (expected) train reward: 0.8578736782073975
2025-07-17 20:43:17,600 - Mean (expected) val reward: 0.8570647239685059
2025-07-17 20:43:17,711 - Mean (realized) train reward: 0.9799814198807276
2025-07-17 20:43:17,759 - Mean (realized) val reward: 0.9790224459827984
2025-07-17 20:43:18,648 - Finished with epoch 40
2025-07-17 20:43:18,649 - Mean (expected) train reward: 0.8583182096481323
2025-07-17 20:43:18,649 - Mean (expected) val reward: 0.8573371767997742
2025-07-17 20:43:18,762 - Mean (realized) train reward: 0.9794120291288322
2025-07-17 20:43:18,810 - Mean (realized) val reward: 0.9769246905810782
2025-07-17 20:43:19,674 - Finished with epoch 45
2025-07-17 20:43:19,675 - Mean (expected) train reward: 0.863171398639679
2025-07-17 20:43:19,676 - Mean (expected) val reward: 0.862465500831604
2025-07-17 20:43:19,789 - Mean (realized) train reward: 0.9807905541071054
2025-07-17 20:43:19,837 - Mean (realized) val reward: 0.9797916229634291
2025-07-17 20:43:20,744 - Finished with epoch 50
2025-07-17 20:43:20,745 - Mean (expected) train reward: 0.865467369556427
2025-07-17 20:43:20,745 - Mean (expected) val reward: 0.8648768067359924
2025-07-17 20:43:20,859 - Mean (realized) train reward: 0.9815697203991729
2025-07-17 20:43:20,909 - Mean (realized) val reward: 0.9800713236836585
2025-07-17 20:43:20,911 - Starting trial 17
2025-07-17 20:43:20,930 - Train TB proportion: 0.016991818753933293
2025-07-17 20:43:20,930 - Val TB proportion: 0.016991818753933293
2025-07-17 20:43:20,949 - Train cohort size: 33369
2025-07-17 20:43:20,949 - Validation cohort size: 14301
2025-07-17 20:43:20,964 - Running experiment for setting={'nothing': 0}
2025-07-17 20:43:23,352 - {'num_epochs': 50, 'optimizer': 'adam', 'lr': 0.0001, 'reg_type': 'l2', 'lambda_reg': 0}
2025-07-17 20:43:24,141 - Finished with epoch 5
2025-07-17 20:43:24,142 - Mean (expected) train reward: 0.6913706660270691
2025-07-17 20:43:24,142 - Mean (expected) val reward: 0.6908411383628845
2025-07-17 20:43:24,247 - Mean (realized) train reward: 0.9803410350924511
2025-07-17 20:43:24,293 - Mean (realized) val reward: 0.9809104258443465
2025-07-17 20:43:25,112 - Finished with epoch 10
2025-07-17 20:43:25,113 - Mean (expected) train reward: 0.7561078667640686
2025-07-17 20:43:25,113 - Mean (expected) val reward: 0.7558979392051697
2025-07-17 20:43:25,220 - Mean (realized) train reward: 0.9801612274865894
2025-07-17 20:43:25,266 - Mean (realized) val reward: 0.981819453185092
2025-07-17 20:43:26,099 - Finished with epoch 15
2025-07-17 20:43:26,100 - Mean (expected) train reward: 0.8009839057922363
2025-07-17 20:43:26,100 - Mean (expected) val reward: 0.8010056614875793
2025-07-17 20:43:26,209 - Mean (realized) train reward: 0.9798615481434865
2025-07-17 20:43:26,255 - Mean (realized) val reward: 0.9810502762044613
2025-07-17 20:43:27,097 - Finished with epoch 20
2025-07-17 20:43:27,099 - Mean (expected) train reward: 0.8303800821304321
2025-07-17 20:43:27,099 - Mean (expected) val reward: 0.8305549621582031
2025-07-17 20:43:27,208 - Mean (realized) train reward: 0.9805208426983129
2025-07-17 20:43:27,256 - Mean (realized) val reward: 0.9813999021047479
2025-07-17 20:43:28,103 - Finished with epoch 25
2025-07-17 20:43:28,104 - Mean (expected) train reward: 0.8457812070846558
2025-07-17 20:43:28,104 - Mean (expected) val reward: 0.8460630774497986
2025-07-17 20:43:28,214 - Mean (realized) train reward: 0.9806107465012437
2025-07-17 20:43:28,261 - Mean (realized) val reward: 0.9812600517446333
2025-07-17 20:43:29,116 - Finished with epoch 30
2025-07-17 20:43:29,117 - Mean (expected) train reward: 0.854606032371521
2025-07-17 20:43:29,117 - Mean (expected) val reward: 0.8549647927284241
2025-07-17 20:43:29,227 - Mean (realized) train reward: 0.9804309388953819
2025-07-17 20:43:29,275 - Mean (realized) val reward: 0.9813299769246906
2025-07-17 20:43:30,130 - Finished with epoch 35
2025-07-17 20:43:30,132 - Mean (expected) train reward: 0.8581883311271667
2025-07-17 20:43:30,132 - Mean (expected) val reward: 0.858651876449585
2025-07-17 20:43:30,244 - Mean (realized) train reward: 0.9802511312895202
2025-07-17 20:43:30,292 - Mean (realized) val reward: 0.9801412488637158
2025-07-17 20:43:31,170 - Finished with epoch 40
2025-07-17 20:43:31,171 - Mean (expected) train reward: 0.8614628911018372
2025-07-17 20:43:31,172 - Mean (expected) val reward: 0.86195969581604
2025-07-17 20:43:31,284 - Mean (realized) train reward: 0.9804609068296922
2025-07-17 20:43:31,333 - Mean (realized) val reward: 0.9802810992238306
2025-07-17 20:43:32,210 - Finished with epoch 45
2025-07-17 20:43:32,211 - Mean (expected) train reward: 0.8628372550010681
2025-07-17 20:43:32,211 - Mean (expected) val reward: 0.8633880019187927
2025-07-17 20:43:32,324 - Mean (realized) train reward: 0.9801312595522791
2025-07-17 20:43:32,373 - Mean (realized) val reward: 0.9807705754842319
2025-07-17 20:43:33,250 - Finished with epoch 50
2025-07-17 20:43:33,251 - Mean (expected) train reward: 0.8636686205863953
2025-07-17 20:43:33,251 - Mean (expected) val reward: 0.8642513751983643
2025-07-17 20:43:33,365 - Mean (realized) train reward: 0.9798315802091762
2025-07-17 20:43:33,413 - Mean (realized) val reward: 0.9816096776449199
2025-07-17 20:43:33,416 - Starting trial 18
2025-07-17 20:43:33,432 - Train TB proportion: 0.016991818753933293
2025-07-17 20:43:33,432 - Val TB proportion: 0.016991818753933293
2025-07-17 20:43:33,449 - Train cohort size: 33369
2025-07-17 20:43:33,449 - Validation cohort size: 14301
2025-07-17 20:43:33,463 - Running experiment for setting={'nothing': 0}
2025-07-17 20:43:35,729 - {'num_epochs': 50, 'optimizer': 'adam', 'lr': 0.0001, 'reg_type': 'l2', 'lambda_reg': 0}
2025-07-17 20:43:36,531 - Finished with epoch 5
2025-07-17 20:43:36,532 - Mean (expected) train reward: 0.6832972168922424
2025-07-17 20:43:36,533 - Mean (expected) val reward: 0.6834211945533752
2025-07-17 20:43:36,639 - Mean (realized) train reward: 0.9747370313764272
2025-07-17 20:43:36,686 - Mean (realized) val reward: 0.9746870848192434
2025-07-17 20:43:37,519 - Finished with epoch 10
2025-07-17 20:43:37,520 - Mean (expected) train reward: 0.7463633418083191
2025-07-17 20:43:37,520 - Mean (expected) val reward: 0.7460832595825195
2025-07-17 20:43:37,630 - Mean (realized) train reward: 0.9756061014714256
2025-07-17 20:43:37,677 - Mean (realized) val reward: 0.9763652891406195
2025-07-17 20:43:38,514 - Finished with epoch 15
2025-07-17 20:43:38,515 - Mean (expected) train reward: 0.7928712368011475
2025-07-17 20:43:38,515 - Mean (expected) val reward: 0.7923238277435303
2025-07-17 20:43:38,625 - Mean (realized) train reward: 0.9769246905810782
2025-07-17 20:43:38,672 - Mean (realized) val reward: 0.9760156632403328
2025-07-17 20:43:39,523 - Finished with epoch 20
2025-07-17 20:43:39,524 - Mean (expected) train reward: 0.8231241703033447
2025-07-17 20:43:39,524 - Mean (expected) val reward: 0.8224138021469116
2025-07-17 20:43:39,634 - Mean (realized) train reward: 0.9786927987053853
2025-07-17 20:43:39,681 - Mean (realized) val reward: 0.9776239423816516
2025-07-17 20:43:40,521 - Finished with epoch 25
2025-07-17 20:43:40,522 - Mean (expected) train reward: 0.8416031002998352
2025-07-17 20:43:40,522 - Mean (expected) val reward: 0.8408457040786743
2025-07-17 20:43:40,633 - Mean (realized) train reward: 0.9804009709610717
2025-07-17 20:43:40,681 - Mean (realized) val reward: 0.9797916229634291
2025-07-17 20:43:41,545 - Finished with epoch 30
2025-07-17 20:43:41,546 - Mean (expected) train reward: 0.8508083820343018
2025-07-17 20:43:41,546 - Mean (expected) val reward: 0.8497925400733948
2025-07-17 20:43:41,658 - Mean (realized) train reward: 0.9809703617129671
2025-07-17 20:43:41,705 - Mean (realized) val reward: 0.9804908747640025
2025-07-17 20:43:42,561 - Finished with epoch 35
2025-07-17 20:43:42,563 - Mean (expected) train reward: 0.8579859137535095
2025-07-17 20:43:42,563 - Mean (expected) val reward: 0.8569735884666443
2025-07-17 20:43:42,673 - Mean (realized) train reward: 0.9820791752824478
2025-07-17 20:43:42,720 - Mean (realized) val reward: 0.9810502762044613
2025-07-17 20:43:43,581 - Finished with epoch 40
2025-07-17 20:43:43,582 - Mean (expected) train reward: 0.8612791299819946
2025-07-17 20:43:43,583 - Mean (expected) val reward: 0.8601086139678955
2025-07-17 20:43:43,694 - Mean (realized) train reward: 0.9824387904941713
2025-07-17 20:43:43,742 - Mean (realized) val reward: 0.9818893783651493
2025-07-17 20:43:44,596 - Finished with epoch 45
2025-07-17 20:43:44,598 - Mean (expected) train reward: 0.8653177618980408
2025-07-17 20:43:44,598 - Mean (expected) val reward: 0.8642787933349609
2025-07-17 20:43:44,710 - Mean (realized) train reward: 0.9826185981000329
2025-07-17 20:43:44,758 - Mean (realized) val reward: 0.9818893783651493
2025-07-17 20:43:45,638 - Finished with epoch 50
2025-07-17 20:43:45,640 - Mean (expected) train reward: 0.8650972247123718
2025-07-17 20:43:45,640 - Mean (expected) val reward: 0.8637645840644836
2025-07-17 20:43:45,754 - Mean (realized) train reward: 0.9822589828883095
2025-07-17 20:43:45,803 - Mean (realized) val reward: 0.9815397524648626
2025-07-17 20:43:45,804 - Starting trial 19
2025-07-17 20:43:45,820 - Train TB proportion: 0.016991818753933293
2025-07-17 20:43:45,820 - Val TB proportion: 0.016991818753933293
2025-07-17 20:43:45,838 - Train cohort size: 33369
2025-07-17 20:43:45,838 - Validation cohort size: 14301
2025-07-17 20:43:45,851 - Running experiment for setting={'nothing': 0}
2025-07-17 20:43:48,112 - {'num_epochs': 50, 'optimizer': 'adam', 'lr': 0.0001, 'reg_type': 'l2', 'lambda_reg': 0}
2025-07-17 20:43:48,915 - Finished with epoch 5
2025-07-17 20:43:48,917 - Mean (expected) train reward: 0.5903797745704651
2025-07-17 20:43:48,917 - Mean (expected) val reward: 0.5878284573554993
2025-07-17 20:43:49,022 - Mean (realized) train reward: 0.3388474332464263
2025-07-17 20:43:49,067 - Mean (realized) val reward: 0.34200405566044334
2025-07-17 20:43:49,900 - Finished with epoch 10
2025-07-17 20:43:49,902 - Mean (expected) train reward: 0.6682975888252258
2025-07-17 20:43:49,902 - Mean (expected) val reward: 0.6668263673782349
2025-07-17 20:43:50,008 - Mean (realized) train reward: 0.9758458449459079
2025-07-17 20:43:50,054 - Mean (realized) val reward: 0.9780434934619957
2025-07-17 20:43:50,949 - Finished with epoch 15
2025-07-17 20:43:50,951 - Mean (expected) train reward: 0.7348495125770569
2025-07-17 20:43:50,951 - Mean (expected) val reward: 0.7344090342521667
2025-07-17 20:43:51,060 - Mean (realized) train reward: 0.9778536965446972
2025-07-17 20:43:51,107 - Mean (realized) val reward: 0.9793720718830851
2025-07-17 20:43:51,986 - Finished with epoch 20
2025-07-17 20:43:51,987 - Mean (expected) train reward: 0.789232611656189
2025-07-17 20:43:51,987 - Mean (expected) val reward: 0.7889259457588196
2025-07-17 20:43:52,097 - Mean (realized) train reward: 0.9799514519464173
2025-07-17 20:43:52,145 - Mean (realized) val reward: 0.9796517726033145
2025-07-17 20:43:53,010 - Finished with epoch 25
2025-07-17 20:43:53,011 - Mean (expected) train reward: 0.8211158514022827
2025-07-17 20:43:53,011 - Mean (expected) val reward: 0.8214086890220642
2025-07-17 20:43:53,122 - Mean (realized) train reward: 0.9803410350924511
2025-07-17 20:43:53,169 - Mean (realized) val reward: 0.9796517726033145
2025-07-17 20:43:54,031 - Finished with epoch 30
2025-07-17 20:43:54,032 - Mean (expected) train reward: 0.839415431022644
2025-07-17 20:43:54,032 - Mean (expected) val reward: 0.8401883840560913
2025-07-17 20:43:54,144 - Mean (realized) train reward: 0.9804309388953819
2025-07-17 20:43:54,191 - Mean (realized) val reward: 0.9795818474232572
2025-07-17 20:43:55,056 - Finished with epoch 35
2025-07-17 20:43:55,057 - Mean (expected) train reward: 0.8503273725509644
2025-07-17 20:43:55,057 - Mean (expected) val reward: 0.8512651920318604
2025-07-17 20:43:55,169 - Mean (realized) train reward: 0.9807605861727952
2025-07-17 20:43:55,216 - Mean (realized) val reward: 0.9800713236836585
2025-07-17 20:43:56,077 - Finished with epoch 40
2025-07-17 20:43:56,078 - Mean (expected) train reward: 0.8565238118171692
2025-07-17 20:43:56,078 - Mean (expected) val reward: 0.8575864434242249
2025-07-17 20:43:56,192 - Mean (realized) train reward: 0.9810003296472775
2025-07-17 20:43:56,240 - Mean (realized) val reward: 0.9803510244038879
2025-07-17 20:43:57,183 - Finished with epoch 45
2025-07-17 20:43:57,185 - Mean (expected) train reward: 0.8622305989265442
2025-07-17 20:43:57,185 - Mean (expected) val reward: 0.8630038499832153
2025-07-17 20:43:57,296 - Mean (realized) train reward: 0.9815697203991729
2025-07-17 20:43:57,345 - Mean (realized) val reward: 0.9809803510244038
2025-07-17 20:43:58,218 - Finished with epoch 50
2025-07-17 20:43:58,220 - Mean (expected) train reward: 0.8639364242553711
2025-07-17 20:43:58,220 - Mean (expected) val reward: 0.8648577928543091
2025-07-17 20:43:58,334 - Mean (realized) train reward: 0.9815097845305523
2025-07-17 20:43:58,383 - Mean (realized) val reward: 0.9809803510244038
2025-07-17 20:43:58,385 - Storing primary outcomes...
2025-07-17 20:43:58,504 - Storing primary outcomes...
2025-07-17 20:43:58,556 - Storing primary outcomes...
2025-07-17 20:43:58,672 - Storing primary outcomes...
2025-07-17 20:43:58,725 - Storing primary outcomes...
2025-07-17 20:43:58,840 - Storing primary outcomes...
2025-07-17 20:43:58,893 - Storing primary outcomes...
2025-07-17 20:43:59,009 - Storing primary outcomes...
2025-07-17 20:43:59,062 - Storing primary outcomes...
2025-07-17 20:43:59,177 - Storing primary outcomes...
2025-07-17 20:43:59,230 - Storing primary outcomes...
2025-07-17 20:43:59,346 - Storing primary outcomes...
2025-07-17 20:43:59,399 - Storing primary outcomes...
2025-07-17 20:43:59,516 - Storing primary outcomes...
2025-07-17 20:43:59,569 - Storing primary outcomes...
2025-07-17 20:43:59,685 - Storing primary outcomes...
2025-07-17 20:43:59,738 - Storing primary outcomes...
2025-07-17 20:43:59,854 - Storing primary outcomes...
2025-07-17 20:43:59,907 - Storing primary outcomes...
2025-07-17 20:44:00,023 - Storing primary outcomes...
2025-07-17 20:44:00,076 - Storing primary outcomes...
2025-07-17 20:44:00,194 - Storing primary outcomes...
2025-07-17 20:44:00,247 - Storing primary outcomes...
2025-07-17 20:44:00,363 - Storing primary outcomes...
2025-07-17 20:44:00,416 - Storing primary outcomes...
2025-07-17 20:44:00,532 - Storing primary outcomes...
2025-07-17 20:44:00,585 - Storing primary outcomes...
2025-07-17 20:44:00,701 - Storing primary outcomes...
2025-07-17 20:44:00,754 - Storing primary outcomes...
2025-07-17 20:44:00,870 - Storing primary outcomes...
2025-07-17 20:44:00,923 - Storing primary outcomes...
2025-07-17 20:44:01,040 - Storing primary outcomes...
2025-07-17 20:44:01,093 - Storing primary outcomes...
2025-07-17 20:44:01,211 - Storing primary outcomes...
2025-07-17 20:44:01,263 - Storing primary outcomes...
2025-07-17 20:44:01,382 - Storing primary outcomes...
2025-07-17 20:44:01,435 - Storing primary outcomes...
2025-07-17 20:44:01,552 - Storing primary outcomes...
2025-07-17 20:44:01,605 - Storing primary outcomes...
2025-07-17 20:44:01,722 - Storing primary outcomes...
2025-07-17 20:44:01,777 - Completed calculating means
2025-07-17 20:44:01,777 - Completed calculating means
